XR_001377306.1	ptg000033l	100.000	1383	0	0	1	1383	301847	303229	0.0	2555
XR_001377306.1	ptg000033l	99.639	1385	3	2	1	1383	38700	37316	0.0	2529
XR_001377306.1	ptg000017l	100.000	1383	0	0	1	1383	360680	362062	0.0	2555
XR_001377306.1	ptg000017l	100.000	696	0	0	1	696	108172	107477	0.0	1286
XR_001377306.1	ptg000017l	100.000	640	0	0	744	1383	107462	106823	0.0	1182
XR_001377306.1	ptg000015l	100.000	1383	0	0	1	1383	24377	22995	0.0	2555
XR_001377306.1	ptg000015l	99.639	1385	3	2	1	1383	375184	376568	0.0	2529
XR_001377306.1	ptg000012l	100.000	1383	0	0	1	1383	283790	285172	0.0	2555
XR_001377306.1	ptg000003l	100.000	1383	0	0	1	1383	9299	7917	0.0	2555
XR_001377306.1	ptg000003l	99.639	1385	3	2	1	1383	283776	285160	0.0	2529
XR_001377306.1	ptg000025l	100.000	696	0	0	1	696	339892	340587	0.0	1286
XR_001377306.1	ptg000025l	100.000	640	0	0	744	1383	340602	341241	0.0	1182
XR_001377306.1	ptg000022l	100.000	696	0	0	1	696	42874	42179	0.0	1286
XR_001377306.1	ptg000022l	100.000	640	0	0	744	1383	42164	41525	0.0	1182
XR_001377306.1	ptg000006l	100.000	696	0	0	1	696	375088	375783	0.0	1286
XR_001377306.1	ptg000006l	100.000	640	0	0	744	1383	375798	376437	0.0	1182
XR_001377306.1	ptg000004l	100.000	696	0	0	1	696	65960	65265	0.0	1286
XR_001377306.1	ptg000004l	100.000	696	0	0	1	696	367356	368051	0.0	1286
XR_001377306.1	ptg000004l	100.000	640	0	0	744	1383	65250	64611	0.0	1182
XR_001377306.1	ptg000004l	100.000	640	0	0	744	1383	368066	368705	0.0	1182
