[11:09:14] This is prokka 1.14.6
[11:09:14] Written by Torsten Seemann <torsten.seemann@gmail.com>
[11:09:14] Homepage is https://github.com/tseemann/prokka
[11:09:14] Local time is Fri Dec  8 11:09:14 2023
[11:09:14] You are pascal
[11:09:14] Operating system is linux
[11:09:14] You have BioPerl 1.7.8
[11:09:14] System has 24 cores.
[11:09:14] Will use maximum of 8 cores.
[11:09:14] Annotating as >>> Bacteria <<<
[11:09:14] Generating locus_tag from 'assembly_meta_ont.Spiro.rotated.fasta' contents.
[11:09:14] Setting --locustag BAMDCOFK from MD5 ba6dc8f46a48c0c7361aa443751442c7
[11:09:14] Re-using existing --outdir DBSCAN-SWA/protein_annotation
[11:09:14] Using filename prefix: bac.XXX
[11:09:14] Setting HMMER_NCPU=1
[11:09:14] Writing log to: DBSCAN-SWA/protein_annotation/bac.log
[11:09:14] Command: /home/pascal/miniconda3/envs/DBSCAN-SWA/bin/prokka assembly_meta_ont.Spiro.rotated.fasta --outdir DBSCAN-SWA/protein_annotation --prefix bac --kingdom Bacteria --force
[11:09:14] Appending to PATH: /home/pascal/miniconda3/envs/DBSCAN-SWA/bin
[11:09:14] Looking for 'aragorn' - found /home/pascal/miniconda3/envs/DBSCAN-SWA/bin/aragorn
[11:09:14] Determined aragorn version is 001002 from 'ARAGORN v1.2.41 Dean Laslett'
[11:09:14] Looking for 'barrnap' - found /home/pascal/miniconda3/envs/DBSCAN-SWA/bin/barrnap
[11:09:15] Determined barrnap version is 000009 from 'barrnap 0.9'
[11:09:15] Looking for 'blastp' - found /home/pascal/miniconda3/envs/DBSCAN-SWA/bin/blastp
[11:09:15] Determined blastp version is 002014 from 'blastp: 2.14.1+'
[11:09:15] Looking for 'cmpress' - found /home/pascal/miniconda3/envs/DBSCAN-SWA/bin/cmpress
[11:09:15] Determined cmpress version is 001001 from '# INFERNAL 1.1.4 (Dec 2020)'
[11:09:15] Looking for 'cmscan' - found /home/pascal/miniconda3/envs/DBSCAN-SWA/bin/cmscan
[11:09:15] Determined cmscan version is 001001 from '# INFERNAL 1.1.4 (Dec 2020)'
[11:09:15] Looking for 'egrep' - found /usr/bin/egrep
[11:09:15] Looking for 'find' - found /usr/bin/find
[11:09:15] Looking for 'grep' - found /usr/bin/grep
[11:09:15] Looking for 'hmmpress' - found /home/pascal/miniconda3/envs/DBSCAN-SWA/bin/hmmpress
[11:09:15] Determined hmmpress version is 003004 from '# HMMER 3.4 (Aug 2023); http://hmmer.org/'
[11:09:15] Looking for 'hmmscan' - found /home/pascal/miniconda3/envs/DBSCAN-SWA/bin/hmmscan
[11:09:15] Determined hmmscan version is 003004 from '# HMMER 3.4 (Aug 2023); http://hmmer.org/'
[11:09:15] Looking for 'java' - found /home/pascal/miniconda3/envs/DBSCAN-SWA/bin/java
[11:09:15] Looking for 'makeblastdb' - found /home/pascal/miniconda3/envs/DBSCAN-SWA/bin/makeblastdb
[11:09:15] Determined makeblastdb version is 002014 from 'makeblastdb: 2.14.1+'
[11:09:15] Looking for 'minced' - found /home/pascal/miniconda3/envs/DBSCAN-SWA/bin/minced
[11:09:15] Determined minced version is 004002 from 'minced 0.4.2'
[11:09:15] Looking for 'parallel' - found /home/pascal/miniconda3/envs/DBSCAN-SWA/bin/parallel
[11:09:15] Determined parallel version is 20231122 from 'GNU parallel 20231122'
[11:09:15] Looking for 'prodigal' - found /home/pascal/miniconda3/envs/DBSCAN-SWA/bin/prodigal
[11:09:15] Determined prodigal version is 002006 from 'Prodigal V2.6.3: February, 2016'
[11:09:15] Looking for 'prokka-genbank_to_fasta_db' - found /home/pascal/miniconda3/envs/DBSCAN-SWA/bin/prokka-genbank_to_fasta_db
[11:09:15] Looking for 'sed' - found /usr/bin/sed
[11:09:15] Looking for 'tbl2asn' - found /home/pascal/miniconda3/envs/DBSCAN-SWA/bin/tbl2asn
[11:09:15] Determined tbl2asn version is 025007 from 'tbl2asn 25.7   arguments:'
[11:09:15] Using genetic code table 11.
[11:09:15] Loading and checking input file: assembly_meta_ont.Spiro.rotated.fasta
[11:09:15] Wrote 1 contigs totalling 2806830 bp.
[11:09:15] Predicting tRNAs and tmRNAs
[11:09:15] Running: aragorn -l -gc11  -w DBSCAN\-SWA\/protein_annotation\/bac\.fna
[11:09:16] 1 tRNA-Leu c[20717,20801] 35 (tag)
[11:09:16] 2 tRNA-Arg [34891,34967] 35 (acg)
[11:09:16] 3 tRNA-Ser [34980,35070] 36 (gct)
[11:09:16] 4 tRNA-Arg [188799,188875] 35 (cct)
[11:09:16] 5 tRNA-Glu [223389,223464] 35 (ttc)
[11:09:16] 6 tRNA-Glu [223581,223658] 37 (ttc)
[11:09:16] 7 tRNA-Gly [235880,235956] 35 (gcc)
[11:09:16] 8 tRNA-Gln c[238385,238458] 33 (ctg)
[11:09:16] 9 tRNA-Arg c[249506,249582] 35 (tct)
[11:09:16] 10 tmRNA c[322958,323320] 193,237 AGTRKLLFVVSLTY*
[11:09:16] 11 tRNA-Met [329291,329367] 35 (cat)
[11:09:16] 12 tRNA-Ala [384285,384360] 34 (tgc)
[11:09:16] 13 tRNA-Val c[416978,417054] 35 (tac)
[11:09:16] 14 tRNA-Val c[417101,417177] 35 (tac)
[11:09:16] 15 tRNA-Ser c[428661,428751] 35 (gga)
[11:09:16] 16 tRNA-Met [453411,453486] 34 (cat)
[11:09:16] 17 tRNA-Ala [455389,455464] 34 (tgc)
[11:09:16] 18 tRNA-Leu [564571,564657] 35 (cag)
[11:09:16] 19 tRNA-Leu [668588,668670] 35 (gag)
[11:09:16] 20 tRNA-Trp [677034,677109] 34 (cca)
[11:09:16] 21 tRNA-Leu c[721294,721379] 35 (caa)
[11:09:16] 22 tRNA-Ser [1028078,1028167] 35 (cga)
[11:09:16] 23 tRNA-Gln [1069383,1069457] 33 (ttg)
[11:09:16] 24 tRNA-Phe c[1755834,1755909] 34 (gaa)
[11:09:16] 25 tRNA-Pro [1957405,1957479] 33 (tgg)
[11:09:16] 26 tRNA-Met [1985566,1985642] 34 (cat)
[11:09:16] 27 tRNA-Val [1986652,1986728] 35 (gac)
[11:09:16] 28 tRNA-Cys [2086618,2086692] 33 (gca)
[11:09:16] 29 tRNA-Arg [2113734,2113808] 34 (ccg)
[11:09:16] 30 tRNA-Ala c[2245117,2245192] 34 (tgc)
[11:09:16] 31 tRNA-Asn c[2444018,2444092] 33 (gtt)
[11:09:16] 32 tRNA-Thr c[2510008,2510082] 33 (ggt)
[11:09:16] 33 tRNA-Gly c[2510167,2510243] 35 (tcc)
[11:09:16] 34 tRNA-Tyr c[2510267,2510352] 35 (gta)
[11:09:16] 35 tRNA-Thr c[2510360,2510435] 34 (tgt)
[11:09:16] 36 tRNA-Asp c[2538746,2538822] 35 (gtc)
[11:09:16] 37 tRNA-Leu c[2602932,2603018] 35 (taa)
[11:09:16] 38 tRNA-Pro c[2647063,2647140] 36 (ggg)
[11:09:16] 39 tRNA-Lys c[2648168,2648243] 34 (ttt)
[11:09:16] 40 tRNA-Ile c[2651562,2651638] 35 (gat)
[11:09:16] 41 tRNA-His [2776557,2776632] 34 (gtg)
[11:09:16] 42 tRNA-Ser [2798956,2799045] 35 (tga)
[11:09:16] 43 tRNA-Lys c[2801987,2802062] 34 (ctt)
[11:09:16] Found 43 tRNAs
[11:09:16] Predicting Ribosomal RNAs
[11:09:16] Running Barrnap with 8 threads
[11:09:18] 1 Spirobacillus 382606 16S ribosomal RNA
[11:09:18] 2 Spirobacillus 384509 23S ribosomal RNA
[11:09:18] 3 Spirobacillus 387559 5S ribosomal RNA (partial)
[11:09:18] 4 Spirobacillus 453710 16S ribosomal RNA
[11:09:18] 5 Spirobacillus 455613 23S ribosomal RNA
[11:09:18] 6 Spirobacillus 458664 5S ribosomal RNA (partial)
[11:09:18] 7 Spirobacillus 1846037 5S ribosomal RNA (partial)
[11:09:18] 8 Spirobacillus 2241841 5S ribosomal RNA (partial)
[11:09:18] 9 Spirobacillus 2242081 23S ribosomal RNA
[11:09:18] 10 Spirobacillus 2245342 16S ribosomal RNA
[11:09:18] 11 Spirobacillus 2648297 5S ribosomal RNA (partial)
[11:09:18] 12 Spirobacillus 2648537 23S ribosomal RNA
[11:09:18] 13 Spirobacillus 2651717 16S ribosomal RNA
[11:09:18] Found 13 rRNAs
[11:09:18] Skipping ncRNA search, enable with --rfam if desired.
[11:09:18] Total of 55 tRNA + rRNA features
[11:09:18] Searching for CRISPR repeats
[11:09:19] CRISPR1 Spirobacillus 1880067 with 9 spacers
[11:09:19] CRISPR2 Spirobacillus 2332254 with 25 spacers
[11:09:19] Found 2 CRISPRs
[11:09:19] Predicting coding sequences
[11:09:19] Contigs total 2806830 bp, so using single mode
[11:09:19] Running: prodigal -i DBSCAN\-SWA\/protein_annotation\/bac\.fna -c -m -g 11 -p single -f sco -q
[11:09:23] Excluding CDS which overlaps existing RNA (rRNA) at Spirobacillus:383781..384020 on + strand
[11:09:23] Excluding CDS which overlaps existing RNA (rRNA) at Spirobacillus:384536..385114 on - strand
[11:09:23] Excluding CDS which overlaps existing RNA (rRNA) at Spirobacillus:386639..386959 on + strand
[11:09:23] Excluding CDS which overlaps existing RNA (rRNA) at Spirobacillus:454885..455124 on + strand
[11:09:23] Excluding CDS which overlaps existing RNA (rRNA) at Spirobacillus:455640..456218 on - strand
[11:09:23] Excluding CDS which overlaps existing RNA (rRNA) at Spirobacillus:457744..458064 on + strand
[11:09:23] Excluding CDS which overlaps existing RNA (tRNA) at Spirobacillus:564517..565329 on + strand
[11:09:24] Excluding CDS which overlaps existing RNA (rRNA) at Spirobacillus:2242517..2242837 on - strand
[11:09:24] Excluding CDS which overlaps existing RNA (rRNA) at Spirobacillus:2244363..2244941 on + strand
[11:09:24] Excluding CDS which overlaps existing RNA (rRNA) at Spirobacillus:2245457..2245696 on - strand
[11:09:24] Excluding CDS which overlaps existing RNA (repeat_region) at Spirobacillus:2332183..2332302 on + strand
[11:09:24] Excluding CDS which overlaps existing RNA (rRNA) at Spirobacillus:2648973..2649293 on - strand
[11:09:24] Excluding CDS which overlaps existing RNA (rRNA) at Spirobacillus:2650818..2651396 on + strand
[11:09:24] Excluding CDS which overlaps existing RNA (rRNA) at Spirobacillus:2651832..2652071 on - strand
[11:09:25] Found 2485 CDS
[11:09:25] Connecting features back to sequences
[11:09:25] Not using genus-specific database. Try --usegenus to enable it.
[11:09:25] Annotating CDS, please be patient.
[11:09:25] Will use 8 CPUs for similarity searching.
[11:09:27] There are still 2485 unannotated CDS left (started with 2485)
[11:09:27] Will use blast to search against /home/pascal/miniconda3/envs/DBSCAN-SWA/db/kingdom/Bacteria/IS with 8 CPUs
[11:09:27] Running: cat DBSCAN\-SWA\/protein_annotation\/bac\.IS\.tmp\.16306\.faa | parallel --gnu --plain -j 8 --block 53573 --recstart '>' --pipe blastp -query - -db /home/pascal/miniconda3/envs/DBSCAN-SWA/db/kingdom/Bacteria/IS -evalue 1e-30 -qcov_hsp_perc 90 -num_threads 1 -num_descriptions 1 -num_alignments 1 -seg no > DBSCAN\-SWA\/protein_annotation\/bac\.IS\.tmp\.16306\.blast 2> /dev/null
[11:09:35] Deleting unwanted file: DBSCAN-SWA/protein_annotation/bac.IS.tmp.16306.faa
[11:09:35] Deleting unwanted file: DBSCAN-SWA/protein_annotation/bac.IS.tmp.16306.blast
[11:09:37] There are still 2463 unannotated CDS left (started with 2485)
[11:09:37] Will use blast to search against /home/pascal/miniconda3/envs/DBSCAN-SWA/db/kingdom/Bacteria/AMR with 8 CPUs
[11:09:37] Running: cat DBSCAN\-SWA\/protein_annotation\/bac\.AMR\.tmp\.16306\.faa | parallel --gnu --plain -j 8 --block 53162 --recstart '>' --pipe blastp -query - -db /home/pascal/miniconda3/envs/DBSCAN-SWA/db/kingdom/Bacteria/AMR -evalue 1e-300 -qcov_hsp_perc 90 -num_threads 1 -num_descriptions 1 -num_alignments 1 -seg no > DBSCAN\-SWA\/protein_annotation\/bac\.AMR\.tmp\.16306\.blast 2> /dev/null
[11:09:44] Deleting unwanted file: DBSCAN-SWA/protein_annotation/bac.AMR.tmp.16306.faa
[11:09:44] Deleting unwanted file: DBSCAN-SWA/protein_annotation/bac.AMR.tmp.16306.blast
[11:09:47] There are still 2463 unannotated CDS left (started with 2485)
[11:09:47] Will use blast to search against /home/pascal/miniconda3/envs/DBSCAN-SWA/db/kingdom/Bacteria/sprot with 8 CPUs
[11:09:47] Running: cat DBSCAN\-SWA\/protein_annotation\/bac\.sprot\.tmp\.16306\.faa | parallel --gnu --plain -j 8 --block 53162 --recstart '>' --pipe blastp -query - -db /home/pascal/miniconda3/envs/DBSCAN-SWA/db/kingdom/Bacteria/sprot -evalue 1e-09 -qcov_hsp_perc 80 -num_threads 1 -num_descriptions 1 -num_alignments 1 -seg no > DBSCAN\-SWA\/protein_annotation\/bac\.sprot\.tmp\.16306\.blast 2> /dev/null
[11:10:17] Modify product: Chemotaxis protein CheY homolog => Chemotaxis protein CheY 
[11:10:17] Modify product: Uncharacterized tRNA/rRNA methyltransferase YfiF => putative tRNA/rRNA methyltransferase YfiF
[11:10:17] Modify product: Uncharacterized glycosyltransferase sll0501 => putative glycosyltransferase
[11:10:17] Modify product: Probable amino-acid metabolite efflux pump => putative amino-acid metabolite efflux pump
[11:10:17] Modify product: Probable protease SohB => putative protease SohB
[11:10:17] Modify product: Probable 3-hydroxyacyl-CoA dehydrogenase => putative 3-hydroxyacyl-CoA dehydrogenase
[11:10:17] Modify product: Probable amino-acid-binding protein YxeM => putative amino-acid-binding protein YxeM
[11:10:18] Modify product: Uncharacterized protein YcgM => putative protein YcgM
[11:10:18] Modify product: Uncharacterized protein Rv2307c => putative protein
[11:10:18] Modify product: Probable riboflavin import permease protein RfuC => putative riboflavin import permease protein RfuC
[11:10:18] Modify product: Probable chromosome-partitioning protein ParB => putative chromosome-partitioning protein ParB
[11:10:18] Modify product: Probable peptidoglycan glycosyltransferase FtsW => putative peptidoglycan glycosyltransferase FtsW
[11:10:18] Modify product: Chemotaxis protein CheY homolog => Chemotaxis protein CheY 
[11:10:18] Modify product: Probable acyl-CoA dehydrogenase => putative acyl-CoA dehydrogenase
[11:10:18] Modify product: Probable ATP synthase YscN => putative ATP synthase YscN
[11:10:18] Modify product: Bifunctional protein FolD => Bifunctional protein FolD protein
[11:10:18] Modify product: Probable lipid II flippase MurJ => putative lipid II flippase MurJ
[11:10:18] Modify product: Probable quorum-quenching lactonase YtnP => putative quorum-quenching lactonase YtnP
[11:10:18] Modify product: Probable N-succinyldiaminopimelate aminotransferase DapC => putative N-succinyldiaminopimelate aminotransferase DapC
[11:10:18] Modify product: UPF0382 membrane protein YwdK => hypothetical protein
[11:10:18] Modify product: Uncharacterized protein NMB0459 => putative protein
[11:10:18] Modify product: Probable histidine-binding protein => putative histidine-binding protein
[11:10:18] Modify product: NADH dehydrogenase-like protein SAOUHSC_00878 => NADH dehydrogenase-like protein
[11:10:18] Modify product: Stress response UPF0229 protein YhbH => hypothetical protein
[11:10:18] Modify product: UPF0053 protein Rv2366c => hypothetical protein
[11:10:18] Modify product: Uncharacterized acyl-CoA thioester hydrolase HI_0827 => putative acyl-CoA thioester hydrolase
[11:10:18] Modify product: UPF0178 protein YaiI => hypothetical protein
[11:10:18] Modify product: GTP-binding protein TypA/BipA homolog => GTP-binding protein TypA/BipA 
[11:10:18] Modify product: Uncharacterized protein Rv1488 => putative protein
[11:10:18] Modify product: UPF0126 inner membrane protein YicG => hypothetical protein
[11:10:18] Modify product: UPF0051 protein SA0778 => hypothetical protein
[11:10:18] Modify product: UPF0234 protein HI_1034 => hypothetical protein
[11:10:18] Modify product: Probable bifunctional chitinase/lysozyme => putative bifunctional chitinase/lysozyme
[11:10:18] Modify product: UPF0056 inner membrane protein MarC => hypothetical protein
[11:10:18] Modify product: Probable dual-specificity RNA methyltransferase RlmN => putative dual-specificity RNA methyltransferase RlmN
[11:10:18] Modify product: Chemotaxis protein CheY homolog => Chemotaxis protein CheY 
[11:10:18] Modify product: RNA-binding protein HI_1333 => RNA-binding protein
[11:10:18] Modify product: UPF0276 protein CCNA_03000 => hypothetical protein
[11:10:18] Modify product: Probable protein kinase UbiB => putative protein kinase UbiB
[11:10:18] Modify product: Probable glutamine ABC transporter permease protein GlnM => putative glutamine ABC transporter permease protein GlnM
[11:10:18] Modify product: Probable glutamine ABC transporter permease protein GlnP => putative glutamine ABC transporter permease protein GlnP
[11:10:18] Modify product: Probable glutaredoxin ssr2061 => putative glutaredoxin
[11:10:18] Modify product: Probable peptidoglycan D,D-transpeptidase PenA => putative peptidoglycan D,D-transpeptidase PenA
[11:10:18] Modify product: Probable transcriptional regulatory protein DVU_2259 => putative transcriptional regulatory protein
[11:10:18] Modify product: Uncharacterized inner membrane transporter YicL => putative inner membrane transporter YicL
[11:10:18] Modify product: Uncharacterized ABC transporter ATP-binding protein YheS => putative ABC transporter ATP-binding protein YheS
[11:10:18] Modify product: Probable phosphite transport system-binding protein PtxB => putative phosphite transport system-binding protein PtxB
[11:10:18] Modify product: Uncharacterized ABC transporter ATP-binding protein YbiT => putative ABC transporter ATP-binding protein YbiT
[11:10:19] Modify product: Uncharacterized protein Rv2715 => putative protein
[11:10:19] Modify product: Uncharacterized protein Rv0501 => putative protein
[11:10:19] Modify product: Uncharacterized protein Rv0502 => putative protein
[11:10:19] Modify product: Probable ribonucleotide transport ATP-binding protein mkl => putative ribonucleotide transport ATP-binding protein mkl
[11:10:19] Modify product: Probable efflux pump outer membrane protein TtgC => putative efflux pump outer membrane protein TtgC
[11:10:19] Modify product: Uncharacterized ABC transporter ATP-binding protein YxlF => putative ABC transporter ATP-binding protein YxlF
[11:10:19] Modify product: Probable 3-hydroxybutyryl-CoA dehydrogenase => putative 3-hydroxybutyryl-CoA dehydrogenase
[11:10:19] Modify product: Phosphorylated carbohydrates phosphatase TM_1254 => Phosphorylated carbohydrates phosphatase
[11:10:19] Modify product: Probable 2,4-dienoyl-CoA reductase => putative 2,4-dienoyl-CoA reductase
[11:10:19] Modify product: Uncharacterized acyl-CoA thioester hydrolase HI_0827 => putative acyl-CoA thioester hydrolase
[11:10:19] Modify product: Probable glycine dehydrogenase (decarboxylating) subunit 2 => putative glycine dehydrogenase (decarboxylating) subunit 2
[11:10:19] Modify product: Probable glycine dehydrogenase (decarboxylating) subunit 1 => putative glycine dehydrogenase (decarboxylating) subunit 1
[11:10:19] Modify product: Uncharacterized ABC transporter ATP-binding protein HI_1470 => putative ABC transporter ATP-binding protein
[11:10:19] Modify product: Uncharacterized zinc protease Rv2782c => putative zinc protease
[11:10:19] Cleaned 62 /product names
[11:10:19] Deleting unwanted file: DBSCAN-SWA/protein_annotation/bac.sprot.tmp.16306.faa
[11:10:19] Deleting unwanted file: DBSCAN-SWA/protein_annotation/bac.sprot.tmp.16306.blast
[11:10:20] There are still 1603 unannotated CDS left (started with 2485)
[11:10:20] Will use hmmer3 to search against /home/pascal/miniconda3/envs/DBSCAN-SWA/db/hmm/HAMAP.hmm with 8 CPUs
[11:10:20] Running: cat DBSCAN\-SWA\/protein_annotation\/bac\.HAMAP\.hmm\.tmp\.16306\.faa | parallel --gnu --plain -j 8 --block 32781 --recstart '>' --pipe hmmscan --noali --notextw --acc -E 1e-09 --cpu 1 /home/pascal/miniconda3/envs/DBSCAN-SWA/db/hmm/HAMAP.hmm /dev/stdin > DBSCAN\-SWA\/protein_annotation\/bac\.HAMAP\.hmm\.tmp\.16306\.hmmer3 2> /dev/null
[11:10:45] Modify product: Uncharacterized Nudix hydrolase NudL => putative Nudix hydrolase NudL
[11:10:45] Modify product: Uncharacterized MFS-type transporter YcaD => putative MFS-type transporter YcaD
[11:10:45] Cleaned 2 /product names
[11:10:45] Deleting unwanted file: DBSCAN-SWA/protein_annotation/bac.HAMAP.hmm.tmp.16306.faa
[11:10:45] Deleting unwanted file: DBSCAN-SWA/protein_annotation/bac.HAMAP.hmm.tmp.16306.hmmer3
[11:10:45] Labelling remaining 1341 proteins as 'hypothetical protein'
[11:10:45] Possible /pseudo 'Ribonuclease G' at Spirobacillus position 19443
[11:10:45] Possible /pseudo 'ATP-dependent zinc metalloprotease FtsH' at Spirobacillus position 208911
[11:10:45] Possible /pseudo 'queuosine precursor transporter' at Spirobacillus position 596957
[11:10:45] Possible /pseudo 'Flagellin' at Spirobacillus position 734287
[11:10:45] Possible /pseudo 'Pantothenate synthetase' at Spirobacillus position 775621
[11:10:45] Possible /pseudo 'Vitamin B12 import ATP-binding protein BtuD' at Spirobacillus position 1142552
[11:10:45] Possible /pseudo 'Alanine--tRNA ligase' at Spirobacillus position 1153381
[11:10:45] Possible /pseudo 'Integration host factor subunit alpha' at Spirobacillus position 1857145
[11:10:45] Possible /pseudo 'putative protein' at Spirobacillus position 1913422
[11:10:45] Possible /pseudo 'ATP-dependent RecD-like DNA helicase' at Spirobacillus position 1956950
[11:10:45] Possible /pseudo 'Apolipoprotein N-acyltransferase' at Spirobacillus position 1963094
[11:10:45] Possible /pseudo 'Sensor histidine kinase RcsC' at Spirobacillus position 2034468
[11:10:45] Possible /pseudo '1,4-dihydroxy-2-naphthoate octaprenyltransferase' at Spirobacillus position 2712405
[11:10:45] Possible /pseudo 'Aminomethyltransferase' at Spirobacillus position 2719116
[11:10:45] Found 893 unique /gene codes.
[11:10:45] Fixed 2 duplicate /gene - cpoB_1 cpoB_2
[11:10:45] Fixed 2 duplicate /gene - glmS_1 glmS_2
[11:10:45] Fixed 2 duplicate /gene - dnaJ_1 dnaJ_2
[11:10:45] Fixed 2 duplicate /gene - lnt_1 lnt_2
[11:10:45] Fixed 2 duplicate /gene - xerD_1 xerD_2
[11:10:45] Fixed 2 duplicate /gene - tadA_1 tadA_2
[11:10:45] Fixed 2 duplicate /gene - trmR_1 trmR_2
[11:10:45] Fixed 2 duplicate /gene - pepA_1 pepA_2
[11:10:45] Fixed 3 duplicate /gene - menH_1 menH_2 menH_3
[11:10:45] Fixed 3 duplicate /gene - speE_1 speE_2 speE_3
[11:10:45] Fixed 2 duplicate /gene - ruvB_1 ruvB_2
[11:10:45] Fixed 2 duplicate /gene - yhcG_1 yhcG_2
[11:10:45] Fixed 3 duplicate /gene - icmF_1 icmF_2 icmF_3
[11:10:45] Fixed 2 duplicate /gene - aspC_1 aspC_2
[11:10:45] Fixed 2 duplicate /gene - aspA_1 aspA_2
[11:10:45] Fixed 2 duplicate /gene - tolQ_1 tolQ_2
[11:10:45] Fixed 2 duplicate /gene - gltT_1 gltT_2
[11:10:45] Fixed 2 duplicate /gene - cheV_1 cheV_2
[11:10:45] Fixed 2 duplicate /gene - xerC_1 xerC_2
[11:10:45] Fixed 2 duplicate /gene - udk_1 udk_2
[11:10:45] Fixed 2 duplicate /gene - cas1_1 cas1_2
[11:10:45] Fixed 2 duplicate /gene - ftsY_1 ftsY_2
[11:10:45] Fixed 4 duplicate /gene - ihfA_1 ihfA_2 ihfA_3 ihfA_4
[11:10:45] Fixed 4 duplicate /gene - norR_1 norR_2 norR_3 norR_4
[11:10:45] Fixed 2 duplicate /gene - dbpA_1 dbpA_2
[11:10:45] Fixed 2 duplicate /gene - dtd3_1 dtd3_2
[11:10:45] Fixed 2 duplicate /gene - rlmL_1 rlmL_2
[11:10:45] Fixed 2 duplicate /gene - aldHT_1 aldHT_2
[11:10:45] Fixed 2 duplicate /gene - atoC_1 atoC_2
[11:10:45] Fixed 2 duplicate /gene - dusB_1 dusB_2
[11:10:45] Fixed 2 duplicate /gene - rng_1 rng_2
[11:10:45] Fixed 2 duplicate /gene - yfeW_1 yfeW_2
[11:10:45] Fixed 2 duplicate /gene - mdtA_1 mdtA_2
[11:10:45] Fixed 2 duplicate /gene - oppF_1 oppF_2
[11:10:45] Fixed 2 duplicate /gene - pstB_1 pstB_2
[11:10:45] Fixed 2 duplicate /gene - dnaK_1 dnaK_2
[11:10:45] Fixed 2 duplicate /gene - lysC_1 lysC_2
[11:10:45] Fixed 2 duplicate /gene - gltA_1 gltA_2
[11:10:45] Fixed 2 duplicate /gene - fusA_1 fusA_2
[11:10:45] Fixed 3 duplicate /gene - cheW_1 cheW_2 cheW_3
[11:10:45] Fixed 2 duplicate /gene - fliG_1 fliG_2
[11:10:45] Fixed 2 duplicate /gene - mtgA_1 mtgA_2
[11:10:45] Fixed 2 duplicate /gene - glnH_1 glnH_2
[11:10:45] Fixed 2 duplicate /gene - gcvT_1 gcvT_2
[11:10:45] Fixed 2 duplicate /gene - uvrA_1 uvrA_2
[11:10:45] Fixed 2 duplicate /gene - iscS_1 iscS_2
[11:10:45] Fixed 7 duplicate /gene - hag_1 hag_2 hag_3 hag_4 hag_5 hag_6 hag_7
[11:10:45] Fixed 2 duplicate /gene - recD2_1 recD2_2
[11:10:45] Fixed 2 duplicate /gene - prc_1 prc_2
[11:10:45] Fixed 8 duplicate /gene - sasA_1 sasA_2 sasA_3 sasA_4 sasA_5 sasA_6 sasA_7 sasA_8
[11:10:45] Fixed 2 duplicate /gene - cydB_1 cydB_2
[11:10:45] Fixed 2 duplicate /gene - lepB_1 lepB_2
[11:10:45] Fixed 5 duplicate /gene - rssB_1 rssB_2 rssB_3 rssB_4 rssB_5
[11:10:45] Fixed 10 duplicate /gene - btuD_1 btuD_2 btuD_3 btuD_4 btuD_5 btuD_6 btuD_7 btuD_8 btuD_9 btuD_10
[11:10:45] Fixed 2 duplicate /gene - uvrD_1 uvrD_2
[11:10:45] Fixed 2 duplicate /gene - glmU_1 glmU_2
[11:10:45] Fixed 2 duplicate /gene - menA_1 menA_2
[11:10:45] Fixed 2 duplicate /gene - rlmN_1 rlmN_2
[11:10:45] Fixed 2 duplicate /gene - rlmCD_1 rlmCD_2
[11:10:45] Fixed 6 duplicate /gene - bepA_1 bepA_2 bepA_3 bepA_4 bepA_5 bepA_6
[11:10:45] Fixed 2 duplicate /gene - exbD_1 exbD_2
[11:10:45] Fixed 3 duplicate /gene - clpP_1 clpP_2 clpP_3
[11:10:45] Fixed 2 duplicate /gene - mcp4_1 mcp4_2
[11:10:45] Fixed 2 duplicate /gene - menF_1 menF_2
[11:10:45] Fixed 4 duplicate /gene - cheY_1 cheY_2 cheY_3 cheY_4
[11:10:45] Fixed 2 duplicate /gene - atpH_1 atpH_2
[11:10:45] Fixed 2 duplicate /gene - glnQ_1 glnQ_2
[11:10:45] Fixed 2 duplicate /gene - proS_1 proS_2
[11:10:45] Fixed 3 duplicate /gene - mdtB_1 mdtB_2 mdtB_3
[11:10:45] Fixed 2 duplicate /gene - nfuA_1 nfuA_2
[11:10:45] Fixed 2 duplicate /gene - bcr_1 bcr_2
[11:10:45] Fixed 2 duplicate /gene - lpxD_1 lpxD_2
[11:10:45] Fixed 2 duplicate /gene - rsmB_1 rsmB_2
[11:10:45] Fixed 2 duplicate /gene - panC_1 panC_2
[11:10:45] Fixed 2 duplicate /gene - cmk_1 cmk_2
[11:10:45] Fixed 7 duplicate /gene - rcsC_1 rcsC_2 rcsC_3 rcsC_4 rcsC_5 rcsC_6 rcsC_7
[11:10:45] Fixed 2 duplicate /gene - menE_1 menE_2
[11:10:45] Fixed 4 duplicate /gene - mshA_1 mshA_2 mshA_3 mshA_4
[11:10:45] Fixed 4 duplicate /gene - arnC_1 arnC_2 arnC_3 arnC_4
[11:10:45] Fixed 2 duplicate /gene - yeeF_1 yeeF_2
[11:10:45] Fixed 2 duplicate /gene - tgt_1 tgt_2
[11:10:45] Fixed 2 duplicate /gene - cugP_1 cugP_2
[11:10:45] Fixed 2 duplicate /gene - mutS_1 mutS_2
[11:10:45] Fixed 2 duplicate /gene - mrdA_1 mrdA_2
[11:10:45] Fixed 2 duplicate /gene - hflX_1 hflX_2
[11:10:45] Fixed 5 duplicate /gene - cheB_1 cheB_2 cheB_3 cheB_4 cheB_5
[11:10:45] Fixed 2 duplicate /gene - proP_1 proP_2
[11:10:45] Fixed 2 duplicate /gene - fumC_1 fumC_2
[11:10:45] Fixed 2 duplicate /gene - ettA_1 ettA_2
[11:10:45] Fixed 2 duplicate /gene - groS_1 groS_2
[11:10:45] Fixed 2 duplicate /gene - glpE_1 glpE_2
[11:10:45] Fixed 2 duplicate /gene - cpdA_1 cpdA_2
[11:10:45] Fixed 2 duplicate /gene - gph_1 gph_2
[11:10:45] Fixed 2 duplicate /gene - oppC_1 oppC_2
[11:10:45] Fixed 2 duplicate /gene - purF_1 purF_2
[11:10:45] Fixed 2 duplicate /gene - kdsA_1 kdsA_2
[11:10:45] Fixed 2 duplicate /gene - sctC_1 sctC_2
[11:10:45] Fixed 2 duplicate /gene - accC_1 accC_2
[11:10:45] Fixed 2 duplicate /gene - mdtL_1 mdtL_2
[11:10:45] Fixed 2 duplicate /gene - rny_1 rny_2
[11:10:45] Fixed 2 duplicate /gene - scpA_1 scpA_2
[11:10:45] Fixed 2 duplicate /gene - flgG_1 flgG_2
[11:10:45] Fixed 2 duplicate /gene - alaS_1 alaS_2
[11:10:45] Fixed 2 duplicate /gene - artI_1 artI_2
[11:10:45] Fixed 2 duplicate /gene - ftsH_1 ftsH_2
[11:10:45] Fixed 2 duplicate /gene - rppH_1 rppH_2
[11:10:45] Fixed 2 duplicate /gene - rluD_1 rluD_2
[11:10:45] Fixed 3 duplicate /gene - bamA_1 bamA_2 bamA_3
[11:10:45] Fixed 2 duplicate /gene - ubiB_1 ubiB_2
[11:10:45] Fixed 2 duplicate /gene - trg_1 trg_2
[11:10:45] Fixed 4 duplicate /gene - mmgC_1 mmgC_2 mmgC_3 mmgC_4
[11:10:45] Fixed 3 duplicate /gene - tmpC_1 tmpC_2 tmpC_3
[11:10:45] Fixed 7 duplicate /gene - yveA_1 yveA_2 yveA_3 yveA_4 yveA_5 yveA_6 yveA_7
[11:10:45] Fixed 2 duplicate /gene - oppD_1 oppD_2
[11:10:45] Fixed 2 duplicate /gene - adk_1 adk_2
[11:10:45] Fixed 2 duplicate /gene - astE_1 astE_2
[11:10:45] Fixed 3 duplicate /gene - ddl_1 ddl_2 ddl_3
[11:10:45] Fixed 2 duplicate /gene - frdA_1 frdA_2
[11:10:45] Fixed 2 duplicate /gene - infA_1 infA_2
[11:10:45] Fixed 119 colliding /gene names.
[11:10:45] Adding /locus_tag identifiers
[11:10:45] Assigned 2541 locus_tags to CDS and RNA features.
[11:10:45] Writing outputs to DBSCAN-SWA/protein_annotation/
[11:10:48] Generating annotation statistics file
[11:10:48] Generating Genbank and Sequin files
[11:10:48] Running: tbl2asn -V b -a r10k -l paired-ends -M n -N 1 -y 'Annotated using prokka 1.14.6 from https://github.com/tseemann/prokka' -Z DBSCAN\-SWA\/protein_annotation\/bac\.err -i DBSCAN\-SWA\/protein_annotation\/bac\.fsa 2> /dev/null
[11:10:53] Deleting unwanted file: DBSCAN-SWA/protein_annotation/errorsummary.val
[11:10:53] Deleting unwanted file: DBSCAN-SWA/protein_annotation/bac.dr
[11:10:53] Deleting unwanted file: DBSCAN-SWA/protein_annotation/bac.fixedproducts
[11:10:53] Deleting unwanted file: DBSCAN-SWA/protein_annotation/bac.ecn
[11:10:53] Deleting unwanted file: DBSCAN-SWA/protein_annotation/bac.val
[11:10:53] Repairing broken .GBK output that tbl2asn produces...
[11:10:53] Running: sed 's/COORDINATES: profile/COORDINATES:profile/' < DBSCAN\-SWA\/protein_annotation\/bac\.gbf > DBSCAN\-SWA\/protein_annotation\/bac\.gbk
[11:10:53] Deleting unwanted file: DBSCAN-SWA/protein_annotation/bac.gbf
[11:10:53] Output files:
[11:10:53] DBSCAN-SWA/protein_annotation/bac.gff
[11:10:53] DBSCAN-SWA/protein_annotation/bac.fna
[11:10:53] DBSCAN-SWA/protein_annotation/bac.fsa
[11:10:53] DBSCAN-SWA/protein_annotation/bac.gbk
[11:10:53] DBSCAN-SWA/protein_annotation/bac.ffn
[11:10:53] DBSCAN-SWA/protein_annotation/bac.tbl
[11:10:53] DBSCAN-SWA/protein_annotation/bac.txt
[11:10:53] DBSCAN-SWA/protein_annotation/bac.tsv
[11:10:53] DBSCAN-SWA/protein_annotation/bac.sqn
[11:10:53] DBSCAN-SWA/protein_annotation/bac.faa
[11:10:53] DBSCAN-SWA/protein_annotation/bac.err
[11:10:53] DBSCAN-SWA/protein_annotation/bac.log
[11:10:53] Annotation finished successfully.
[11:10:53] Walltime used: 1.65 minutes
[11:10:53] If you use this result please cite the Prokka paper:
[11:10:53] Seemann T (2014) Prokka: rapid prokaryotic genome annotation. Bioinformatics. 30(14):2068-9.
[11:10:53] Type 'prokka --citation' for more details.
[11:10:53] Share and enjoy!
