##[["GX taxonomy analysis report", 3, 1], {"git-rev": "v0.5.0+branch--HEAD", "run-date": "Mon Mar 18 15:02:06 2024", "db": {"build-date": "2023-01-24", "seqs": 3025824, "Gbp": 709.264}, "run-info": {"agg-cvg": 0.245488, "asserted-div": "anml:crustaceans", "inferred-primary-divs": ["anml:crustaceans", "anml:insects"], "corrected-primary-divs": ["anml:crustaceans", "anml:insects"]}}]
#seq-id	seq-len	(xp,lc,co,n,xc)-len	cvg-by-all	sep1	tax-name-1	tax-id-1	div-1	cvg-by-div-1	cvg-by-tax-1	score-1	sep2	tax-id-2	div-2	cvg-by-div-2	cvg-by-tax-2	score-2	sep3	tax-id-3	div-3	cvg-by-div-3	cvg-by-tax-3	score-3	sep4	tax-id-4	div-4	cvg-by-div-4	cvg-by-tax-4	score-4	sep5	reserved	result	div	div_pct_cvg
ptg000001l	3382132	582892,1881683,720,0,0	613719	|	Daphnia magna	35525	anml:crustaceans	598621	569741	2467	|	6669	anml:crustaceans	598621	182901	1247	|	6087	anml:basal metazoans	6681	6275	149	|	70415	anml:nematodes	4038	3386	84	|	n/a	repeat	anml:crustaceans	18
ptg000002l	15740236	1049333,9844296,42560,0,0	3669475	|	Daphnia magna	35525	anml:crustaceans	3587888	3471936	6382	|	6669	anml:crustaceans	3587888	1916924	3871	|	470939	anml:insects	264061	32403	339	|	7370	anml:insects	264061	25218	330	|	n/a	repeat	anml:crustaceans	23
ptg000003l	8617102	987944,2538698,31980,0,0	3589555	|	Daphnia magna	35525	anml:crustaceans	3525592	3419347	6343	|	6669	anml:crustaceans	3525592	1969323	3883	|	460826	anml:insects	279071	31767	314	|	136037	anml:insects	279071	23993	304	|	n/a	low-coverage	anml:crustaceans	41
ptg000004l	7798569	433658,7229216,0,0,0	133624	|	Daphnia magna	35525	anml:crustaceans	132282	129523	1196	|	6669	anml:crustaceans	132282	51778	622	|	6604	anml:molluscs	784	784	39	|	4442	plnt:plants	827	827	37	|	n/a	repeat	anml:crustaceans	2
ptg000005l	755075	327493,6547,160,0,0	316532	|	Daphnia magna	35525	anml:crustaceans	310286	295853	1607	|	6669	anml:crustaceans	310286	101219	805	|	70415	anml:nematodes	5751	5133	104	|	71139	plnt:plants	1795	968	41	|	n/a	repeat	anml:crustaceans	41
ptg000006l	3291972	347159,58940,21560,0,0	1596499	|	Daphnia magna	35525	anml:crustaceans	1543073	1465489	4082	|	6669	anml:crustaceans	1543073	794622	2372	|	77166	anml:insects	116300	16272	227	|	7291	anml:insects	116300	11800	214	|	n/a	primary-div	anml:crustaceans	47
ptg000007l	14842527	838357,7653852,25660,0,0	4428066	|	Daphnia magna	35525	anml:crustaceans	4339654	4203070	6928	|	6669	anml:crustaceans	4339654	2368190	4234	|	460826	anml:insects	298172	32713	322	|	1496333	anml:insects	298172	24020	294	|	n/a	repeat	anml:crustaceans	29
ptg000008l	11085932	797235,5833685,72840,0,0	2871723	|	Daphnia magna	35525	anml:crustaceans	2790588	2671869	5640	|	6669	anml:crustaceans	2790588	1608098	3645	|	7137	anml:insects	283266	41281	598	|	63433	anml:insects	283266	59720	571	|	n/a	repeat	anml:crustaceans	25
ptg000009l	11777686	2338541,5354126,32320,0,0	2953529	|	Daphnia magna	35525	anml:crustaceans	2894129	2786081	5627	|	6669	anml:crustaceans	2894129	1287416	3112	|	7160	anml:insects	195559	26492	290	|	63433	anml:insects	195559	21035	259	|	n/a	repeat	anml:crustaceans	25
ptg000010l	6604174	716704,1033117,51220,0,0	3105610	|	Daphnia magna	35525	anml:crustaceans	3021644	2910794	5779	|	6669	anml:crustaceans	3021644	1623404	3394	|	7230	anml:insects	214954	28498	331	|	189513	anml:insects	214954	28839	330	|	n/a	primary-div	anml:crustaceans	46
ptg000011l	20252418	1483798,11090169,57220,0,0	5509002	|	Daphnia magna	35525	anml:crustaceans	5409660	5248800	7825	|	6669	anml:crustaceans	5409660	2587305	4509	|	7160	anml:insects	357170	47133	421	|	189513	anml:insects	357170	53356	418	|	n/a	repeat	anml:crustaceans	27
ptg000012l	9481688	1299708,6807994,4720,0,0	1140167	|	Daphnia magna	35525	anml:crustaceans	1120440	1082885	3549	|	6669	anml:crustaceans	1120440	469759	2020	|	116153	anml:insects	30811	4826	130	|	143995	anml:insects	30811	5391	130	|	n/a	repeat	anml:crustaceans	12
ptg000013l	11287680	523316,4294761,40040,0,0	4691231	|	Daphnia magna	35525	anml:crustaceans	4625056	4470272	7461	|	6669	anml:crustaceans	4625056	2478177	4561	|	161013	anml:insects	320609	30487	326	|	189513	anml:insects	320609	28897	303	|	n/a	repeat	anml:crustaceans	41
ptg000014l	2012629	322602,1256950,0,0,0	374013	|	Daphnia magna	35525	anml:crustaceans	368008	358462	2034	|	6669	anml:crustaceans	368008	110241	907	|	742174	anml:insects	5005	1610	69	|	43146	anml:insects	5005	915	50	|	n/a	repeat	anml:crustaceans	18
ptg000015l	8253855	807136,2954235,23460,0,0	2865069	|	Daphnia magna	35525	anml:crustaceans	2792831	2683424	5436	|	6669	anml:crustaceans	2792831	1484105	3222	|	178035	anml:insects	204383	19084	254	|	1518534	anml:insects	204383	12018	251	|	n/a	repeat	anml:crustaceans	34
ptg000016l	10397734	550779,2084380,65160,0,0	5722408	|	Daphnia magna	35525	anml:crustaceans	5639054	5498586	8095	|	6669	anml:crustaceans	5639054	2833795	4727	|	2065413	anml:insects	422133	46724	405	|	69319	anml:insects	422133	43598	393	|	n/a	primary-div	anml:crustaceans	54
ptg000017l	13730916	1670354,7651562,10620,0,0	2754693	|	Daphnia magna	35525	anml:crustaceans	2677163	2568004	5429	|	6669	anml:crustaceans	2677163	1218770	3035	|	161013	anml:insects	176072	17841	238	|	2065413	anml:insects	176072	18066	237	|	n/a	repeat	anml:crustaceans	19
ptg000018l	3120431	544350,2147148,1080,0,0	384849	|	Daphnia magna	35525	anml:crustaceans	379697	363199	2114	|	6669	anml:crustaceans	379697	127843	1073	|	189513	anml:insects	6360	746	59	|	115357	anml:insects	6360	946	57	|	n/a	repeat	anml:crustaceans	12
ptg000019l	10027026	805721,7983488,1320,0,0	1026719	|	Daphnia magna	35525	anml:crustaceans	1010403	982461	3524	|	6669	anml:crustaceans	1010403	339252	1804	|	441921	anml:insects	18554	2752	95	|	7224	anml:insects	18554	2946	92	|	n/a	repeat	anml:crustaceans	10
ptg000020l	10118322	653860,8965304,0,0,0	408388	|	Daphnia magna	35525	anml:crustaceans	403237	383684	1965	|	6669	anml:crustaceans	403237	124395	957	|	30207	anml:insects	5831	1991	75	|	7461	anml:insects	5831	1898	66	|	n/a	repeat	anml:crustaceans	4
ptg000021l	7747049	386661,1236717,49880,0,0	4656168	|	Daphnia magna	35525	anml:crustaceans	4589879	4452529	7307	|	6669	anml:crustaceans	4589879	2516721	4461	|	211228	anml:insects	329809	35117	354	|	69319	anml:insects	329809	39723	347	|	n/a	primary-div	anml:crustaceans	59
ptg000022l	14746642	1302894,12596617,1180,0,0	851182	|	Daphnia magna	35525	anml:crustaceans	840358	822033	3241	|	6669	anml:crustaceans	840358	248873	1412	|	6087	anml:basal metazoans	2827	1850	86	|	88556	anml:insects	17380	1785	81	|	n/a	repeat	anml:crustaceans	6
ptg000023l	4277636	219407,3911958,0,0,0	135586	|	Daphnia magna	35525	anml:crustaceans	134244	131075	987	|	6669	anml:crustaceans	134244	42820	437	|	6941	anml:insects	1779	582	35	|	7111	anml:insects	1779	584	32	|	n/a	repeat	anml:crustaceans	3
ptg000024l	9635608	750382,2351222,39040,0,0	4703548	|	Daphnia magna	35525	anml:crustaceans	4617083	4481488	7333	|	6669	anml:crustaceans	4617083	2413206	4369	|	7160	anml:insects	319443	27468	329	|	161013	anml:insects	319443	25518	314	|	n/a	primary-div	anml:crustaceans	48
ptg000025l	4839799	174468,44188,44020,0,0	3020160	|	Daphnia magna	35525	anml:crustaceans	2955411	2866954	5676	|	6669	anml:crustaceans	2955411	1816273	3649	|	161013	anml:insects	283557	34639	352	|	32391	anml:insects	283557	32649	334	|	n/a	primary-div	anml:crustaceans	61
ptg000026l	3994746	472863,3209674,180,0,0	294157	|	Daphnia magna	35525	anml:crustaceans	292003	287543	1618	|	6669	anml:crustaceans	292003	89323	637	|	6941	anml:insects	3966	2665	71	|	30611	anml:primates	780	780	34	|	n/a	repeat	anml:crustaceans	7
ptg000027l	2067897	358249,1530308,0,0,0	172264	|	Daphnia magna	35525	anml:crustaceans	171286	169831	1170	|	6669	anml:crustaceans	171286	59680	499	|	6941	anml:insects	1586	1235	47	|	6573	anml:molluscs	832	832	42	|	n/a	repeat	anml:crustaceans	8
ptg000028l	1107786	410049,8246,260,0,0	458650	|	Daphnia magna	35525	anml:crustaceans	446876	437361	2274	|	6669	anml:crustaceans	446876	98789	925	|	70415	anml:nematodes	4569	3727	88	|	6087	anml:basal metazoans	2872	2872	77	|	n/a	low-coverage	anml:crustaceans	40
ptg000029l	5711902	728477,4451296,280,0,0	579061	|	Daphnia magna	35525	anml:crustaceans	572317	559792	2368	|	6669	anml:crustaceans	572317	174242	1085	|	543639	anml:insects	6375	1838	59	|	70415	anml:nematodes	2056	1142	51	|	n/a	repeat	anml:crustaceans	10
ptg000030l	40827	24370,5332,0,0,0	15967	|	Daphnia magna	35525	anml:crustaceans	15901	14723	331	|	6669	anml:crustaceans	15901	7007	210	|	6604	anml:molluscs	365	365	29	|	151771	anml:basal metazoans	297	297	19	|	n/a	repeat	anml:crustaceans	39
ptg000031l	35709	4065,21726,0,0,0	7330	|	Daphnia magna	35525	anml:crustaceans	7330	7258	173	|	6669	anml:crustaceans	7330	5101	118	|						|						|	n/a	repeat	anml:crustaceans	21
ptg000032l	16038137	810261,8197483,66900,0,0	4795283	|	Daphnia magna	35525	anml:crustaceans	4702764	4540907	7183	|	6669	anml:crustaceans	4702764	2432335	4272	|	69319	anml:insects	373016	45916	412	|	1496333	anml:insects	373016	40078	399	|	n/a	repeat	anml:crustaceans	29
ptg000033l	1574778	324933,12390,10040,0,0	878499	|	Daphnia magna	35525	anml:crustaceans	854005	828012	2916	|	6669	anml:crustaceans	854005	441370	1719	|	7445	anml:insects	76637	9459	170	|	177089	anml:insects	76637	7283	164	|	n/a	primary-div	anml:crustaceans	54
ptg000034l	225645	182149,346,0,0,0	77345	|	Daphnia magna	35525	anml:crustaceans	76657	73887	919	|	6669	anml:crustaceans	76657	11044	264	|	613905	anml:insects	2017	1056	55	|	1437191	anml:insects	2017	994	51	|	n/a	repeat	anml:crustaceans	34
ptg000035l	1966560	282777,19770,10540,0,0	916581	|	Daphnia magna	35525	anml:crustaceans	876589	837538	2942	|	6669	anml:crustaceans	876589	518575	1912	|	6454	anml:molluscs	14280	3322	201	|	2014036	anml:insects	73152	7974	171	|	n/a	low-coverage	anml:crustaceans	45
ptg000036l	598472	464235,6185,0,0,0	264744	|	Daphnia magna	35525	anml:crustaceans	262405	261750	1588	|	6669	anml:crustaceans	262405	30951	459	|	70415	anml:nematodes	1808	1808	62	|	8030	anml:fishes	433	433	22	|	n/a	repeat	anml:crustaceans	44
ptg000037l	354214	269379,1335,180,0,0	211634	|	Daphnia magna	35525	anml:crustaceans	209943	208919	1462	|	6669	anml:crustaceans	209943	13681	291	|	613905	anml:insects	3033	1070	55	|	1437191	anml:insects	3033	981	50	|	n/a	repeat	anml:crustaceans	59
ptg000038l	464963	390643,854,0,0,0	146217	|	Daphnia magna	35525	anml:crustaceans	145873	144829	1095	|	6669	anml:crustaceans	145873	16292	314	|	7461	anml:insects	1865	1018	52	|	1437191	anml:insects	1865	752	44	|	n/a	repeat	anml:crustaceans	31
ptg000039l	17540	14972,0,0,0,0	14410	|	Daphnia magna	35525	anml:crustaceans	14410	14410	395	|						|						|						|	n/a	repeat	anml:crustaceans	82
ptg000040l	100746	94229,344,0,0,0	18755	|	Daphnia magna	35525	anml:crustaceans	18755	18755	354	|						|						|						|	n/a	repeat	anml:crustaceans	19
ptg000041l	305444	219306,1114,0,0,0	208743	|	Daphnia magna	35525	anml:crustaceans	207740	205581	1400	|	6669	anml:crustaceans	207740	28336	400	|	1437191	anml:insects	1941	867	49	|	300111	anml:insects	1941	373	39	|	n/a	repeat	anml:crustaceans	68
ptg000042l	96902	96153,98,0,0,0	0	|							|						|						|						|	n/a	repeat	none	0
ptg000043l	3577460	2162229,1230409,20,0,0	185962	|	Daphnia magna	35525	anml:crustaceans	182168	174576	1328	|	6669	anml:crustaceans	182168	51653	741	|	30195	anml:insects	1233	703	30	|	151771	anml:basal metazoans	469	347	20	|	n/a	repeat	anml:crustaceans	5
ptg000044l	2817446	360958,18096,19040,0,0	1631157	|	Daphnia magna	35525	anml:crustaceans	1593982	1545222	4270	|	6669	anml:crustaceans	1593982	1016898	2752	|	136037	anml:insects	134558	13505	219	|	7493	anml:insects	134558	12116	209	|	n/a	primary-div	anml:crustaceans	57
ptg000045l	3910214	248670,1897379,20380,0,0	1042396	|	Daphnia magna	35525	anml:crustaceans	1005887	960760	3280	|	6669	anml:crustaceans	1005887	607955	2076	|	7137	anml:insects	116564	17848	673	|	37344	anml:insects	116564	19822	574	|	n/a	repeat	anml:crustaceans	26
ptg000046l	88201	0,0,0,0,0	84709	|	Hydrogenophaga palleronii	1349791	prok:b-proteobacteria	84689	62440	709	|	2610898	prok:b-proteobacteria	84689	56821	703	|	555778	prok:g-proteobacteria	39679	11322	203	|	314722	prok:g-proteobacteria	39679	3641	137	|	n/a	contaminant(div)	prok:b-proteobacteria	96
ptg000047l	1950318	1596702,5789,780,0,0	313041	|	Daphnia magna	35525	anml:crustaceans	307815	298339	1825	|	6669	anml:crustaceans	307815	122365	1137	|	1496333	anml:insects	13606	4819	123	|	136037	anml:insects	13606	4637	117	|	n/a	repeat	anml:crustaceans	16
ptg000048l	65476	0,460,0,0,0	29057	|	Limnohabitans parvus	1293052	prok:b-proteobacteria	24564	13724	282	|	1293045	prok:b-proteobacteria	24564	15307	275	|	119863	prok:g-proteobacteria	8009	898	70	|	1708783	prok:g-proteobacteria	8009	984	68	|	n/a	low-coverage	prok:b-proteobacteria	38
ptg000049l	69396	32589,0,0,0,0	46156	|	Daphnia magna	35525	anml:crustaceans	45296	44279	717	|	6669	anml:crustaceans	45296	8435	255	|	7461	anml:insects	2137	930	49	|	1437191	anml:insects	2137	774	43	|	n/a	primary-div	anml:crustaceans	65
ptg000050l	987778	54067,17803,14340,0,0	605088	|	Daphnia magna	35525	anml:crustaceans	592899	571186	2478	|	6669	anml:crustaceans	592899	399671	1634	|	7217	anml:insects	70038	14362	235	|	139649	anml:insects	70038	16202	226	|	n/a	primary-div	anml:crustaceans	60
ptg000051l	2707958	30237,2667840,0,0,0	5482	|	Daphnia pulex	6669	anml:crustaceans	5482	4287	157	|	35525	anml:crustaceans	5482	4301	143	|						|						|	n/a	repeat	anml:crustaceans	0
ptg000052l	569418	0,569418,0,0,0	0	|							|						|						|						|	n/a	repeat	none	0
ptg000053l	1682199	110849,1513972,0,0,0	69397	|	Daphnia magna	35525	anml:crustaceans	69202	66875	1191	|	6669	anml:crustaceans	69202	35464	727	|	89674	plnt:plants	1302	666	29	|	3983	plnt:plants	1302	253	18	|	n/a	repeat	anml:crustaceans	4
ptg000054l	1785523	147523,1520652,0,0,0	112184	|	Daphnia magna	35525	anml:crustaceans	110681	108248	1255	|	6669	anml:crustaceans	110681	23883	557	|	2759747	prok:firmicutes	810	810	29	|	170555	anml:insects	1171	597	28	|	n/a	repeat	anml:crustaceans	6
ptg000055l	2085358	99011,1883123,0,0,0	83296	|	Daphnia magna	35525	anml:crustaceans	82953	76893	953	|	6669	anml:crustaceans	82953	32545	524	|	6604	anml:molluscs	735	735	39	|	4558	plnt:plants	1606	879	36	|	n/a	repeat	anml:crustaceans	4
ptg000056l	195903	0,195903,0,0,0	0	|							|						|						|						|	n/a	repeat	none	0
ptg000057l	42355	2565,1626,8920,0,0	24544	|	Daphnia magna	35525	anml:crustaceans	20845	20439	921	|	7137	anml:insects	17380	13788	707	|	6945	anml:insects	17380	13618	504	|	6579	anml:molluscs	7083	3785	335	|	n/a	primary-div	anml:crustaceans	49
ptg000058l	37861	3810,1680,7160,0,0	18643	|	Daphnia magna	35525	anml:crustaceans	16455	15830	805	|	7137	anml:insects	13549	10504	621	|	362088	anml:insects	13549	10554	490	|	6573	anml:molluscs	7553	4949	359	|	n/a	low-coverage	anml:crustaceans	43
ptg000059l	35930	4619,1707,8500,0,0	17711	|	Daphnia magna	35525	anml:crustaceans	15761	15262	801	|	7137	anml:insects	13335	10470	623	|	370036	anml:insects	13335	10432	462	|	46514	anml:echinoderms	9718	9581	435	|	n/a	low-coverage	anml:crustaceans	44
ptg000060l	34014	1657,1493,9240,0,0	19018	|	Daphnia magna	35525	anml:crustaceans	16205	15721	805	|	7137	anml:insects	14174	10504	618	|	362088	anml:insects	14174	10617	486	|	7654	anml:echinoderms	10902	10520	447	|	n/a	primary-div	anml:crustaceans	48
ptg000061l	44029	2066,2302,10360,0,0	22950	|	Daphnia magna	35525	anml:crustaceans	19457	19027	875	|	7137	anml:insects	16321	12540	669	|	362088	anml:insects	16321	12513	537	|	6579	anml:molluscs	12923	12270	487	|	n/a	low-coverage	anml:crustaceans	44
ptg000062l~~1..553	553	0,82,0,0,0	364	|	Daphnia magna	35525	anml:crustaceans	364	364	68	|						|						|						|	n/a	primary-div	anml:crustaceans	66
ptg000062l~~554..1087	534	0,0,0,0,0	501	|	Streptococcus pantholopis	1811193	prok:firmicutes	279	279	17	|	387005	anml:nematodes	219	219	17	|	1868482	anml:primates	146	146	14	|	2586908	prok:a-proteobacteria	241	168	14	|	n/a	inconclusive	prok:firmicutes	52
ptg000062l~~1088..34426	33339	3904,1150,8000,0,0	17483	|	Daphnia magna	35525	anml:crustaceans	15864	15304	805	|	7137	anml:insects	13742	10323	621	|	441921	anml:insects	13742	10734	492	|	6579	anml:molluscs	10836	10061	450	|	n/a	primary-div	anml:crustaceans	48
ptg000063l	44207	5741,2325,8600,0,0	19793	|	Daphnia magna	35525	anml:crustaceans	16518	16093	820	|	7137	anml:insects	14592	10588	622	|	362088	anml:insects	14592	10655	490	|	6579	anml:molluscs	11293	10043	451	|	n/a	low-coverage	anml:crustaceans	37
ptg000064l	39845	2797,2707,7500,0,0	19956	|	Daphnia magna	35525	anml:crustaceans	16863	16443	818	|	7137	anml:insects	14318	10455	620	|	441921	anml:insects	14318	10808	491	|	6579	anml:molluscs	11496	10087	449	|	n/a	low-coverage	anml:crustaceans	42
ptg000065l	33322	3704,1626,8940,0,0	17482	|	Daphnia magna	35525	anml:crustaceans	15974	15335	805	|	7137	anml:insects	13780	10441	625	|	441921	anml:insects	13780	10742	491	|	46514	anml:echinoderms	9828	9648	436	|	n/a	primary-div	anml:crustaceans	48
ptg000066l	29588	2822,1140,6520,0,0	14637	|	Daphnia magna	35525	anml:crustaceans	11942	11540	679	|	7137	anml:insects	9874	7717	527	|	37344	anml:insects	9874	7397	430	|	7654	anml:echinoderms	8006	7681	394	|	n/a	low-coverage	anml:crustaceans	40
ptg000067l	46649	5121,2579,10620,0,0	22178	|	Daphnia magna	35525	anml:crustaceans	18173	17453	852	|	7137	anml:insects	15257	12197	666	|	441921	anml:insects	15257	12279	531	|	7654	anml:echinoderms	12184	11843	489	|	n/a	low-coverage	anml:crustaceans	39
ptg000068l	41987	1697,3046,7480,0,0	20878	|	Daphnia magna	35525	anml:crustaceans	17532	16930	836	|	7137	anml:insects	14481	11309	641	|	64793	anml:insects	14481	10538	503	|	413010	anml:nematodes	11360	9404	331	|	n/a	low-coverage	anml:crustaceans	42
ptg000069l	51669	5005,3140,11560,0,0	25406	|	Daphnia magna	35525	anml:crustaceans	21591	20790	922	|	7137	anml:insects	18252	14112	713	|	362088	anml:insects	18252	13588	559	|	7654	anml:echinoderms	14300	13772	509	|	n/a	low-coverage	anml:crustaceans	42
ptg000070l	50604	3361,3508,12440,0,0	26344	|	Daphnia magna	35525	anml:crustaceans	23786	23162	986	|	7137	anml:insects	19634	15707	755	|	362088	anml:insects	19634	15896	602	|	6579	anml:molluscs	16399	15179	550	|	n/a	primary-div	anml:crustaceans	47
ptg000071l	56165	3320,3232,12440,0,0	27161	|	Daphnia magna	35525	anml:crustaceans	24824	23972	991	|	7137	anml:insects	20696	16036	756	|	362088	anml:insects	20696	15852	601	|	6579	anml:molluscs	16147	15003	551	|	n/a	low-coverage	anml:crustaceans	44
ptg000072l	28687	2128,2257,6000,0,0	15317	|	Daphnia magna	35525	anml:crustaceans	12709	12487	724	|	7137	anml:insects	10665	8108	542	|	362088	anml:insects	10665	8246	420	|	6604	anml:molluscs	7550	6985	358	|	n/a	low-coverage	anml:crustaceans	44
ptg000073l	41170	2578,2329,10320,0,0	22847	|	Daphnia magna	35525	anml:crustaceans	19695	19030	882	|	7137	anml:insects	16877	12497	666	|	362088	anml:insects	16877	12261	519	|	6579	anml:molluscs	13033	12226	474	|	n/a	primary-div	anml:crustaceans	48
ptg000074l	25165	1284,823,8140,0,0	16001	|	Daphnia magna	35525	anml:crustaceans	13435	13115	732	|	7137	anml:insects	10921	8969	564	|	6579	anml:molluscs	9507	8446	404	|	6945	anml:insects	10921	8552	400	|	n/a	primary-div	anml:crustaceans	53
ptg000075l	40966	4185,2351,8900,0,0	21052	|	Daphnia magna	35525	anml:crustaceans	18238	17824	865	|	7137	anml:insects	15906	12035	665	|	441921	anml:insects	15906	12396	521	|	6604	anml:molluscs	10773	10125	444	|	n/a	low-coverage	anml:crustaceans	45
ptg000076l	22610	4136,1691,4380,0,0	10007	|	Daphnia magna	35525	anml:crustaceans	8211	7856	571	|	7137	anml:insects	7049	5183	442	|	441921	anml:insects	7049	5277	346	|	6579	anml:molluscs	5577	5076	318	|	n/a	repeat	anml:crustaceans	36
ptg000077l	32656	2506,1140,8140,0,0	18447	|	Daphnia magna	35525	anml:crustaceans	15945	15310	804	|	7137	anml:insects	13433	10589	619	|	281415	anml:insects	13433	10305	473	|	6579	anml:molluscs	11157	10033	450	|	n/a	primary-div	anml:crustaceans	49
ptg000078l	24205	1287,723,6820,0,0	14247	|	Daphnia magna	35525	anml:crustaceans	12477	12087	706	|	7137	anml:insects	9585	7993	548	|	34620	anml:insects	9585	7976	398	|	7739	anml:fishes	8117	7835	367	|	n/a	primary-div	anml:crustaceans	52
ptg000079l	61108	3481,3100,12240,0,0	30393	|	Daphnia magna	35525	anml:crustaceans	27284	26349	1041	|	7137	anml:insects	22702	17721	806	|	362088	anml:insects	22702	17949	648	|	6573	anml:molluscs	12510	8985	491	|	n/a	low-coverage	anml:crustaceans	45
ptg000080l	28451	1677,976,6920,0,0	14778	|	Daphnia magna	35525	anml:crustaceans	11654	11244	667	|	7137	anml:insects	9398	7497	520	|	370036	anml:insects	9398	7343	398	|	7654	anml:echinoderms	7686	7262	389	|	n/a	low-coverage	anml:crustaceans	41
ptg000081l	93978	6927,9281,24420,0,0	44088	|	Daphnia magna	35525	anml:crustaceans	40493	39451	1276	|	7137	anml:insects	33072	26389	977	|	362088	anml:insects	33072	25761	768	|	6579	anml:molluscs	27031	25124	710	|	n/a	low-coverage	anml:crustaceans	43
ptg000082l	45480	3812,1946,11180,0,0	22387	|	Daphnia magna	35525	anml:crustaceans	18926	18165	869	|	7137	anml:insects	15831	12529	685	|	362088	anml:insects	15831	12541	547	|	7654	anml:echinoderms	12925	12300	499	|	n/a	low-coverage	anml:crustaceans	42
ptg000083l	33745	2536,1147,8820,0,0	19456	|	Daphnia magna	35525	anml:crustaceans	16139	15711	806	|	7137	anml:insects	13657	10497	625	|	362088	anml:insects	13657	10549	490	|	7654	anml:echinoderms	10652	10331	445	|	n/a	primary-div	anml:crustaceans	48
ptg000084l	25838	2569,1470,5120,0,0	13652	|	Daphnia magna	35525	anml:crustaceans	10909	10709	669	|	7137	anml:insects	9074	6969	500	|	362088	anml:insects	9074	6786	394	|	7725	anml:basal metazoans	6787	6603	321	|	n/a	low-coverage	anml:crustaceans	42
ptg000085l	21944	1738,1064,3780,0,0	10696	|	Daphnia magna	35525	anml:crustaceans	8262	8055	568	|	7137	anml:insects	6694	5179	434	|	362088	anml:insects	6694	5184	341	|	7725	anml:basal metazoans	4360	4179	270	|	n/a	low-coverage	anml:crustaceans	38
ptg000086l	50624	3152,2413,14020,0,0	27739	|	Daphnia magna	35525	anml:crustaceans	23930	23308	988	|	7137	anml:insects	19946	15652	755	|	362088	anml:insects	19946	15831	596	|	7654	anml:echinoderms	16350	15951	545	|	n/a	primary-div	anml:crustaceans	47
ptg000087l	52241	6354,2691,12100,0,0	25011	|	Daphnia magna	35525	anml:crustaceans	21515	21080	935	|	7137	anml:insects	18200	13844	707	|	362088	anml:insects	18200	13853	542	|	6579	anml:molluscs	13992	13086	495	|	n/a	low-coverage	anml:crustaceans	41
ptg000088l	29986	1282,999,8040,0,0	17799	|	Daphnia magna	35525	anml:crustaceans	15506	15003	797	|	7137	anml:insects	13661	10401	623	|	441921	anml:insects	13661	10876	493	|	6573	anml:molluscs	7329	4936	358	|	n/a	primary-div	anml:crustaceans	52
ptg000089l	25134	3131,1786,3900,0,0	10902	|	Daphnia magna	35525	anml:crustaceans	8515	8320	575	|	7137	anml:insects	6785	5263	444	|	362088	anml:insects	6785	5270	345	|	6579	anml:molluscs	5791	5073	318	|	n/a	low-coverage	anml:crustaceans	34
ptg000090l	46799	3927,3080,10460,0,0	22817	|	Daphnia magna	35525	anml:crustaceans	20336	19900	922	|	7137	anml:insects	17394	13486	700	|	441921	anml:insects	17394	14185	545	|	6579	anml:molluscs	14520	12894	497	|	n/a	low-coverage	anml:crustaceans	43
ptg000091l	27653	2541,1854,3740,0,0	13419	|	Daphnia magna	35525	anml:crustaceans	10076	9644	633	|	7137	anml:insects	8414	6161	480	|	362088	anml:insects	8414	6178	383	|	6604	anml:molluscs	4796	4230	291	|	n/a	low-coverage	anml:crustaceans	36
ptg000092l	22478	1853,1000,5240,0,0	11347	|	Daphnia magna	35525	anml:crustaceans	9613	9211	624	|	7137	anml:insects	8564	6436	486	|	441921	anml:insects	8564	6487	389	|	6573	anml:molluscs	4331	3089	279	|	n/a	low-coverage	anml:crustaceans	43
ptg000093l	22583	1285,1185,4400,0,0	11162	|	Daphnia magna	35525	anml:crustaceans	9011	8804	597	|	7137	anml:insects	7309	5897	462	|	362088	anml:insects	7309	5790	367	|	6579	anml:molluscs	6034	5518	325	|	n/a	low-coverage	anml:crustaceans	40
ptg000094l	45430	1921,2568,10320,0,0	24472	|	Daphnia magna	35525	anml:crustaceans	21424	20297	909	|	7137	anml:insects	17504	13519	697	|	362088	anml:insects	17504	13579	549	|	6579	anml:molluscs	14044	13057	498	|	n/a	primary-div	anml:crustaceans	47
ptg000095l	20816	3296,1474,4100,0,0	9838	|	Daphnia magna	35525	anml:crustaceans	8140	7805	571	|	7137	anml:insects	7175	5231	442	|	362088	anml:insects	7175	5276	346	|	6579	anml:molluscs	5805	5036	317	|	n/a	low-coverage	anml:crustaceans	39
ptg000096l	25411	1891,1458,5660,0,0	14738	|	Daphnia magna	35525	anml:crustaceans	12925	12611	730	|	7137	anml:insects	11157	8197	548	|	441921	anml:insects	11157	8617	419	|	6573	anml:molluscs	5654	3159	279	|	n/a	primary-div	anml:crustaceans	51
ptg000097l	22862	2576,807,4620,0,0	12395	|	Daphnia magna	35525	anml:crustaceans	9969	9763	639	|	7137	anml:insects	8603	6137	485	|	370036	anml:insects	8603	6494	357	|	96803	anml:crustaceans	9969	4151	256	|	n/a	low-coverage	anml:crustaceans	44
ptg000098l~~1..809	809	0,82,0,0,0	737	|	Daphnia magna	35525	anml:crustaceans	205	205	43	|	2024827	prok:a-proteobacteria	319	259	17	|	1811193	prok:firmicutes	279	279	17	|	387005	anml:nematodes	219	219	17	|	n/a	low-coverage	anml:crustaceans	25
ptg000098l~~810..25122	24313	1854,1062,6160,0,0	12116	|	Daphnia magna	35525	anml:crustaceans	10716	10151	655	|	7137	anml:insects	9146	7281	520	|	34620	anml:insects	9146	6887	398	|	6579	anml:molluscs	7386	6815	382	|	n/a	low-coverage	anml:crustaceans	44
ptg000099l	28075	2307,1135,6040,0,0	14965	|	Daphnia magna	35525	anml:crustaceans	11578	11181	668	|	7137	anml:insects	9436	7466	523	|	370036	anml:insects	9436	7288	402	|	7654	anml:echinoderms	7589	7283	392	|	n/a	low-coverage	anml:crustaceans	41
ptg000100l	28201	1876,950,8060,0,0	18476	|	Daphnia magna	35525	anml:crustaceans	15665	15267	805	|	7137	anml:insects	13197	10588	619	|	6945	anml:insects	13197	10198	459	|	413010	anml:nematodes	9899	8676	324	|	n/a	primary-div	anml:crustaceans	56
ptg000101l~~1..1373	1373	590,733,0,0,0	109	|	Armadillidium nasatum	96803	anml:crustaceans	86	86	13	|	7654	anml:echinoderms	94	94	13	|	1026970	anml:rodents	105	105	12	|						|	n/a	repeat	anml:crustaceans	6
ptg000101l~~1374..1888	515	101,0,0,0,0	481	|	Stylophora pistillata	50429	anml:basal metazoans	304	304	20	|	1026970	anml:rodents	134	134	13	|	7654	anml:echinoderms	236	107	13	|	46514	anml:echinoderms	236	129	13	|	n/a	inconclusive	anml:basal metazoans	59
ptg000101l~~1889..21706	19818	2424,900,4240,0,0	10342	|	Daphnia magna	35525	anml:crustaceans	8050	7855	571	|	7137	anml:insects	6686	5240	445	|	441921	anml:insects	6686	5417	347	|	6579	anml:molluscs	5778	5067	318	|	n/a	low-coverage	anml:crustaceans	41
ptg000102l	36379	4151,1973,6820,0,0	18542	|	Daphnia magna	35525	anml:crustaceans	15886	15484	803	|	7137	anml:insects	13570	10614	621	|	370036	anml:insects	13570	10253	457	|	6579	anml:molluscs	10700	9967	443	|	n/a	low-coverage	anml:crustaceans	44
ptg000103l	22819	2307,894,6600,0,0	12850	|	Daphnia magna	35525	anml:crustaceans	10965	10556	661	|	7137	anml:insects	8823	7274	514	|	370036	anml:insects	8823	6923	397	|	7654	anml:echinoderms	7545	7143	389	|	n/a	primary-div	anml:crustaceans	48
ptg000104l	26392	1939,894,8920,0,0	16949	|	Daphnia magna	35525	anml:crustaceans	14267	13852	762	|	7137	anml:insects	12162	9516	592	|	370036	anml:insects	12162	9377	439	|	6579	anml:molluscs	9975	9312	433	|	n/a	primary-div	anml:crustaceans	54
ptg000105l	34424	1430,2083,10060,0,0	19634	|	Daphnia magna	35525	anml:crustaceans	16279	15707	807	|	7137	anml:insects	13719	10360	621	|	441921	anml:insects	13719	10656	487	|	7654	anml:echinoderms	11028	10521	447	|	n/a	primary-div	anml:crustaceans	47
ptg000106l	23490	2306,974,6320,0,0	11911	|	Daphnia magna	35525	anml:crustaceans	10582	10052	651	|	7137	anml:insects	9086	6964	518	|	370036	anml:insects	9086	6845	394	|	6579	anml:molluscs	7014	6541	374	|	n/a	low-coverage	anml:crustaceans	45
ptg000107l	40204	4464,1958,9340,0,0	19513	|	Daphnia magna	35525	anml:crustaceans	16815	16187	811	|	7137	anml:insects	14167	10630	622	|	441921	anml:insects	14167	10760	492	|	7654	anml:echinoderms	11188	10747	447	|	n/a	low-coverage	anml:crustaceans	42
ptg000108l	29935	2484,1725,5980,0,0	15482	|	Daphnia magna	35525	anml:crustaceans	13061	12639	723	|	7137	anml:insects	11498	8225	547	|	441921	anml:insects	11498	8636	421	|	7906	anml:fishes	6365	5895	317	|	n/a	low-coverage	anml:crustaceans	44
ptg000109l	26741	2358,346,6220,0,0	15558	|	Daphnia magna	35525	anml:crustaceans	12754	12121	703	|	7137	anml:insects	10912	8155	547	|	441921	anml:insects	10912	8484	437	|	6579	anml:molluscs	8744	8107	385	|	n/a	primary-div	anml:crustaceans	48
ptg000110l	46484	3752,2865,12160,0,0	22204	|	Daphnia magna	35525	anml:crustaceans	19378	18757	877	|	7137	anml:insects	15739	12375	672	|	370036	anml:insects	15739	11870	497	|	7654	anml:echinoderms	12265	12048	477	|	n/a	low-coverage	anml:crustaceans	42
ptg000111l	66049	4003,3374,12480,0,0	33996	|	Daphnia magna	35525	anml:crustaceans	30176	29096	1098	|	7137	anml:insects	25588	19730	839	|	362088	anml:insects	25588	19197	660	|	6573	anml:molluscs	13742	9095	493	|	n/a	primary-div	anml:crustaceans	46
ptg000112l	18932	1853,983,3840,0,0	10486	|	Daphnia magna	35525	anml:crustaceans	8277	7855	570	|	7137	anml:insects	6925	5199	428	|	370036	anml:insects	6925	5191	327	|	7725	anml:basal metazoans	4223	4136	266	|	n/a	low-coverage	anml:crustaceans	44
ptg000113l	28475	3120,2267,5020,0,0	14522	|	Daphnia magna	35525	anml:crustaceans	12182	11928	704	|	7137	anml:insects	10391	7883	537	|	362088	anml:insects	10391	7776	414	|	6604	anml:molluscs	7188	6659	352	|	n/a	low-coverage	anml:crustaceans	43
ptg000114l	40819	2132,2164,10440,0,0	22339	|	Daphnia magna	35525	anml:crustaceans	19425	18771	879	|	7137	anml:insects	16224	12690	680	|	362088	anml:insects	16224	12692	540	|	6579	anml:molluscs	13117	12264	500	|	n/a	primary-div	anml:crustaceans	48
ptg000115l	232044	0,271,0,0,0	212640	|	Hydrogenophaga aromaticivorans	2610898	prok:b-proteobacteria	208368	156788	1094	|	47421	prok:b-proteobacteria	208368	155009	1065	|	915471	prok:g-proteobacteria	94678	9238	235	|	2502184	prok:proteobacteria	28985	9069	206	|	n/a	contaminant(div)	prok:b-proteobacteria	90
ptg000116l	51690	0,0,0,0,0	48594	|	Limnohabitans parvus	1293052	prok:b-proteobacteria	47461	37051	702	|	1293045	prok:b-proteobacteria	47461	34844	684	|	489703	prok:g-proteobacteria	26891	9004	235	|	2480810	prok:g-proteobacteria	26891	6416	193	|	n/a	contaminant(div)	prok:b-proteobacteria	92
ptg000117l	37321	0,0,0,0,0	35600	|	Hydrogenophaga aromaticivorans	2610898	prok:b-proteobacteria	35600	30707	506	|	1349752	prok:b-proteobacteria	35600	31217	506	|	1076331	prok:high GC Gram+	3969	3185	126	|	2754045	prok:high GC Gram+	3969	3128	122	|	n/a	contaminant(div)	prok:b-proteobacteria	95
ptg000118l	63302	3553,3086,16780,0,0	31327	|	Daphnia magna	35525	anml:crustaceans	27347	26392	1043	|	7137	anml:insects	23608	17597	801	|	441921	anml:insects	23608	17831	645	|	6579	anml:molluscs	18049	16920	592	|	n/a	low-coverage	anml:crustaceans	43
ptg000119l	44660	3989,3046,10300,0,0	20355	|	Daphnia magna	35525	anml:crustaceans	16743	16043	816	|	7137	anml:insects	14471	10627	627	|	362088	anml:insects	14471	10636	494	|	6579	anml:molluscs	10882	10120	455	|	n/a	low-coverage	anml:crustaceans	37
ptg000120l	21517	1732,983,4020,0,0	12027	|	Daphnia magna	35525	anml:crustaceans	9967	9618	623	|	7137	anml:insects	8399	6419	473	|	370036	anml:insects	8399	6395	350	|	6604	anml:molluscs	5539	5174	308	|	n/a	primary-div	anml:crustaceans	46
ptg000121l	26839	2194,1059,5200,0,0	12691	|	Daphnia magna	35525	anml:crustaceans	10726	9898	648	|	7137	anml:insects	9666	7126	520	|	362088	anml:insects	9666	7159	426	|	95602	anml:crustaceans	10726	3484	302	|	n/a	low-coverage	anml:crustaceans	40
ptg000122l	38524	3153,2168,8580,0,0	19802	|	Daphnia magna	35525	anml:crustaceans	16941	16473	824	|	7137	anml:insects	14300	11453	632	|	6945	anml:insects	14300	10584	475	|	89673	anml:mammals	9938	9742	391	|	n/a	low-coverage	anml:crustaceans	44
ptg000123l	69302	6288,2699,14700,0,0	35616	|	Daphnia magna	35525	anml:crustaceans	31966	31088	1131	|	7137	anml:insects	27097	21028	874	|	362088	anml:insects	27097	20702	680	|	6579	anml:molluscs	21215	19754	619	|	n/a	primary-div	anml:crustaceans	46
ptg000124l	32190	1183,1525,8300,0,0	17729	|	Daphnia magna	35525	anml:crustaceans	15007	14609	783	|	7137	anml:insects	13427	10344	608	|	362088	anml:insects	13427	9704	478	|	6579	anml:molluscs	10395	9571	443	|	n/a	primary-div	anml:crustaceans	47
ptg000125l	19446	1903,1363,3720,0,0	9837	|	Daphnia magna	35525	anml:crustaceans	7673	7455	567	|	7137	anml:insects	7620	5371	446	|	362088	anml:insects	7620	5248	349	|	6579	anml:molluscs	5509	4946	318	|	n/a	low-coverage	anml:crustaceans	39
ptg000126l	46305	1628,2479,10980,0,0	26540	|	Daphnia magna	35525	anml:crustaceans	23340	22716	982	|	7137	anml:insects	19997	15825	759	|	441921	anml:insects	19997	15856	570	|	6573	anml:molluscs	11140	7448	439	|	n/a	primary-div	anml:crustaceans	50
ptg000127l	24153	3215,1790,4020,0,0	9834	|	Daphnia magna	35525	anml:crustaceans	7832	7637	569	|	7137	anml:insects	7055	5251	445	|	362088	anml:insects	7055	5180	348	|	6579	anml:molluscs	5321	4902	318	|	n/a	low-coverage	anml:crustaceans	32
ptg000128l	106141	0,364,0,0,0	97250	|	Hydrogenophaga aromaticivorans	2610898	prok:b-proteobacteria	97211	80302	821	|	1281780	prok:b-proteobacteria	97211	78840	810	|	2480088	prok:g-proteobacteria	56242	11794	300	|	2027920	prok:a-proteobacteria	41536	9214	248	|	n/a	contaminant(div)	prok:b-proteobacteria	92
ptg000129l	517154	320415,1989,200,0,0	204074	|	Daphnia magna	35525	anml:crustaceans	202773	201350	1825	|	6669	anml:crustaceans	202773	61663	879	|	64838	anml:insects	2167	868	41	|	6850	anml:insects	2167	496	38	|	n/a	repeat	anml:crustaceans	39
ptg000130l	738514	74900,603230,0,0,0	59226	|	Daphnia magna	35525	anml:crustaceans	58686	58140	1007	|	6669	anml:crustaceans	58686	18557	500	|	106335	plnt:plants	542	224	19	|	28610	anml:insects	439	301	19	|	n/a	repeat	anml:crustaceans	8
ptg000131l	20380	0,0,0,0,0	20380	|	Hydrogenophaga aromaticivorans	2610898	prok:b-proteobacteria	20380	18647	361	|	1281780	prok:b-proteobacteria	20380	19017	356	|	1122209	prok:g-proteobacteria	9935	6180	145	|	994319	prok:g-proteobacteria	9935	3572	115	|	n/a	contaminant(div)	prok:b-proteobacteria	100
ptg000132l	90345	0,0,0,0,0	85940	|	Hydrogenophaga taeniospiralis	1281780	prok:b-proteobacteria	85443	64768	723	|	47421	prok:b-proteobacteria	85443	66974	716	|	424902	prok:g-proteobacteria	39620	11682	235	|	1133106	prok:g-proteobacteria	39620	3136	151	|	n/a	contaminant(div)	prok:b-proteobacteria	95
ptg000133l	44641	0,0,0,0,0	31674	|	Limnohabitans sp.	1907725	prok:b-proteobacteria	31463	24291	439	|	1293052	prok:b-proteobacteria	31463	19105	418	|	2027920	prok:a-proteobacteria	8760	3914	196	|	380629	prok:g-proteobacteria	8747	1707	118	|	n/a	contaminant(div)	prok:b-proteobacteria	70
ptg000134l~~1..14583	14583	0,0,0,0,0	13016	|	Hydrogenophaga taeniospiralis	1281780	prok:b-proteobacteria	13016	10100	257	|	2294117	prok:b-proteobacteria	13016	9586	247	|	1384054	prok:g-proteobacteria	1901	1014	83	|	1605891	prok:g-proteobacteria	1901	1023	81	|	n/a	contaminant(div)	prok:b-proteobacteria	89
ptg000134l~~14584..21980	7397	0,0,0,0,0	5756	|	Roseobacter cerasinus	2602289	prok:a-proteobacteria	5596	5200	132	|	564137	prok:a-proteobacteria	5596	4219	132	|	1725326	prok:g-proteobacteria	4871	3931	122	|	1192854	prok:g-proteobacteria	4871	3407	104	|	n/a	contaminant(div)	prok:a-proteobacteria	76
ptg000134l~~21981..120824	98844	0,0,0,0,0	87180	|	Limnohabitans planktonicus	1293045	prok:b-proteobacteria	86675	50956	639	|	2610898	prok:b-proteobacteria	86675	41569	539	|	1660109	prok:a-proteobacteria	32097	5178	123	|	444444	prok:a-proteobacteria	32097	4249	120	|	n/a	contaminant(div)	prok:b-proteobacteria	88
ptg000135l~~1..44796	44796	0,0,0,0,0	37737	|	Hydrogenophaga taeniospiralis	1281780	prok:b-proteobacteria	37418	25974	395	|	1349791	prok:b-proteobacteria	37418	22668	385	|	1947318	prok:g-proteobacteria	11694	3524	138	|	1211579	prok:g-proteobacteria	11694	3527	135	|	n/a	contaminant(div)	prok:b-proteobacteria	84
ptg000135l~~44797..51900	7104	0,0,0,0,0	7014	|	Hyphomicrobium album	2665159	prok:a-proteobacteria	6987	6975	151	|	2740185	prok:d-proteobacteria	2217	1962	77	|	2847989	prok:d-proteobacteria	2217	1613	75	|	2607817	prok:cyanobacteria	998	912	56	|	n/a	contaminant(div)	prok:a-proteobacteria	98
ptg000135l~~51901..61213	9313	0,0,0,0,0	9272	|	Hydrogenophaga aromaticivorans	2610898	prok:b-proteobacteria	9246	4365	175	|	1855301	prok:b-proteobacteria	9246	3949	162	|	930118	prok:g-proteobacteria	6767	2481	119	|	1549855	prok:a-proteobacteria	6982	1922	108	|	n/a	contaminant(div)	prok:b-proteobacteria	99
ptg000135l~~61214..63305	2092	0,0,0,0,0	1828	|	Limnohabitans sp.	1907725	prok:b-proteobacteria	757	757	96	|	2219697	prok:g-proteobacteria	1768	1687	75	|	1821621	prok:g-proteobacteria	1768	1667	74	|	1843237	prok:a-proteobacteria	639	639	50	|	n/a	low-coverage	prok:b-proteobacteria	36
ptg000135l~~63306..99508	36203	0,98,0,0,0	29849	|	Hydrogenophaga palleronii	1349791	prok:b-proteobacteria	29753	23587	472	|	1281780	prok:b-proteobacteria	29753	23792	467	|	1947307	prok:g-proteobacteria	9673	2535	156	|	1761772	prok:a-proteobacteria	3714	1388	125	|	n/a	contaminant(div)	prok:b-proteobacteria	82
ptg000136l	101431	52361,22210,0,0,0	23800	|	Daphnia magna	35525	anml:crustaceans	22258	22200	395	|	6669	anml:crustaceans	22258	15358	274	|	8030	anml:fishes	1020	1020	34	|	10224	anml:echinoderms	502	502	29	|	n/a	repeat	anml:crustaceans	22
ptg000137l	4144624	93432,4031212,0,0,0	37904	|	Daphnia magna	35525	anml:crustaceans	37709	36442	643	|	6669	anml:crustaceans	37709	2710	190	|	6604	anml:molluscs	405	405	28	|	4442	plnt:plants	219	219	18	|	n/a	repeat	anml:crustaceans	1
ptg000138l	2875411	2789154,3131,0,0,0	230693	|	Daphnia magna	35525	anml:crustaceans	230467	217031	1508	|	6669	anml:crustaceans	230467	70396	697	|	9685	anml:mammals	309	309	21	|	370036	anml:insects	216	216	17	|	n/a	repeat	anml:crustaceans	8
ptg000139l	1039293	1013067,419,0,0,0	53434	|	Daphnia magna	35525	anml:crustaceans	53434	49868	746	|	6669	anml:crustaceans	53434	15064	303	|	1172189	prst:alveolates	246	246	17	|						|	n/a	repeat	anml:crustaceans	5
ptg000140l	615631	603821,369,0,0,0	18181	|	Daphnia magna	35525	anml:crustaceans	18181	18005	354	|	6669	anml:crustaceans	18181	4646	135	|						|						|	n/a	repeat	anml:crustaceans	3
ptg000141l	94185	0,1030,0,0,0	88979	|	Flavobacterium celericrescens	2709780	prok:CFB group bacteria	88972	78436	1014	|	1236486	prok:CFB group bacteria	88972	75764	980	|	3016437	prok:cyanobacteria	7490	5187	469	|	2841653	prok:cyanobacteria	7490	1681	172	|	n/a	contaminant(div)	prok:CFB group bacteria	94
ptg000142l	66226	0,0,0,0,0	66225	|	Flavobacterium celericrescens	2709780	prok:CFB group bacteria	66225	65445	987	|	295428	prok:CFB group bacteria	66225	63465	905	|	1423754	prok:firmicutes	2109	1205	57	|	81459	prok:mycoplasmas	795	795	47	|	n/a	contaminant(div)	prok:CFB group bacteria	100
ptg000143l	485575	474177,282,0,0,0	17714	|	Daphnia magna	35525	anml:crustaceans	17714	17435	369	|	6669	anml:crustaceans	17714	4663	135	|						|						|	n/a	repeat	anml:crustaceans	4
ptg000144l	78994	78917,76,0,0,0	0	|							|						|						|						|	n/a	repeat	none	0
ptg000145l	190218	107658,69966,0,0,0	21612	|	Daphnia magna	35525	anml:crustaceans	21612	21576	589	|	6669	anml:crustaceans	21612	1781	140	|						|						|	n/a	repeat	anml:crustaceans	11
ptg000146l	6878817	154216,6669061,0,0,0	42976	|	Daphnia magna	35525	anml:crustaceans	42060	41276	600	|	6669	anml:crustaceans	42060	14627	261	|	70415	anml:nematodes	1518	1518	58	|	28377	anml:reptiles	524	524	26	|	n/a	repeat	anml:crustaceans	1
ptg000147l	367767	361525,134,0,0,0	9589	|	Daphnia magna	35525	anml:crustaceans	9589	9589	269	|						|						|						|	n/a	repeat	anml:crustaceans	3
ptg000148l	166522	166409,76,0,0,0	0	|							|						|						|						|	n/a	repeat	none	0
ptg000149l	63047	0,1216,0,0,0	62272	|	Hydrogenophaga pseudoflava	47421	prok:b-proteobacteria	62272	50795	738	|	2610898	prok:b-proteobacteria	62272	51111	734	|	1602008	prok:cyanobacteria	8437	7244	482	|	1917971	prok:a-proteobacteria	11938	5022	475	|	n/a	contaminant(div)	prok:b-proteobacteria	99
ptg000150l	27158	0,0,0,0,0	27158	|	Hydrogenophaga aromaticivorans	2610898	prok:b-proteobacteria	27158	23611	439	|	1281780	prok:b-proteobacteria	27158	22349	436	|	2546226	prok:g-proteobacteria	12733	1525	124	|	645597	prok:g-proteobacteria	12733	2980	122	|	n/a	contaminant(div)	prok:b-proteobacteria	100
ptg000151l~~1..38564	38564	0,0,0,0,0	37561	|	Hydrogenophaga taeniospiralis	1281780	prok:b-proteobacteria	37359	21287	408	|	1904254	prok:b-proteobacteria	37359	19150	392	|	42565	prok:g-proteobacteria	21648	10394	214	|	1121942	prok:g-proteobacteria	21648	7632	179	|	n/a	contaminant(div)	prok:b-proteobacteria	97
ptg000151l~~38565..44854	6290	0,0,0,0,0	5872	|	Reyranella massiliensis	1205680	prok:a-proteobacteria	5115	2234	96	|	2201272	prok:b-proteobacteria	2368	1412	82	|	1855285	prok:b-proteobacteria	2368	1120	81	|	447425	prok:g-proteobacteria	2712	1367	73	|	n/a	contaminant(div)	prok:a-proteobacteria	81
ptg000151l~~44855..73805	28951	0,0,160,0,0	27316	|	Hydrogenophaga sp.	1904254	prok:b-proteobacteria	27224	17670	362	|	1281780	prok:b-proteobacteria	27224	16509	355	|	252474	prok:g-proteobacteria	18123	3399	148	|	42565	prok:g-proteobacteria	18123	5153	148	|	n/a	contaminant(div)	prok:b-proteobacteria	94
ptg000152l	44029	0,0,0,0,0	36754	|	Hydrogenophaga taeniospiralis	1281780	prok:b-proteobacteria	35317	29547	482	|	47421	prok:b-proteobacteria	35317	30022	466	|	445710	prok:g-proteobacteria	17510	4693	157	|	1945967	prok:g-proteobacteria	17510	3796	139	|	n/a	contaminant(div)	prok:b-proteobacteria	80
ptg000153l	174577	101664,26185,0,0,0	26757	|	Daphnia magna	35525	anml:crustaceans	26356	26062	421	|	6669	anml:crustaceans	26356	21231	317	|	63396	fung:basidiomycetes	457	457	24	|	9995	anml:rodents	319	319	17	|	n/a	repeat	anml:crustaceans	15
ptg000154l	102949	71108,0,0,0,0	17492	|	Daphnia magna	35525	anml:crustaceans	16387	15978	354	|	6669	anml:crustaceans	16387	15462	274	|	8030	anml:fishes	866	866	31	|	51337	anml:rodents	350	350	20	|	n/a	repeat	anml:crustaceans	16
ptg000155l	75628	0,0,0,0,0	70508	|	Flavobacterium celericrescens	2709780	prok:CFB group bacteria	70502	64979	768	|	1946557	prok:CFB group bacteria	70502	61417	751	|	945713	prok:bacteria	2135	2101	89	|	1920650	prok:bacteria	2135	2058	78	|	n/a	contaminant(div)	prok:CFB group bacteria	93
ptg000156l	32369	0,0,8820,0,0	28220	|	Daphnia magna	35525	anml:crustaceans	26832	26665	427	|	6669	anml:crustaceans	26832	25918	368	|	2014036	anml:insects	26378	21511	278	|	139649	anml:insects	26378	19573	273	|	n/a	primary-div	anml:crustaceans	83
ptg000157l	101998	0,0,0,0,0	82142	|	Limnohabitans sp. Rim8	1100718	prok:b-proteobacteria	79905	61699	663	|	1907725	prok:b-proteobacteria	79905	60259	633	|	2813360	prok:g-proteobacteria	33534	6572	182	|	564423	prok:g-proteobacteria	33534	5502	167	|	n/a	contaminant(div)	prok:b-proteobacteria	78
ptg000158l~~1..55533	55533	0,0,0,0,0	17828	|	Hydrogenophaga intermedia	1349790	prok:b-proteobacteria	13613	6636	224	|	1281780	prok:b-proteobacteria	13613	6023	218	|	405446	prok:g-proteobacteria	8108	2935	125	|	1477517	prok:g-proteobacteria	8108	1387	97	|	n/a	low-coverage	prok:b-proteobacteria	25
ptg000158l~~55534..59360	3827	0,0,0,0,0	3244	|	Planktothrix tepida	1678309	prok:cyanobacteria	2343	2343	66	|	1314749	prok:b-proteobacteria	1006	793	46	|	44935	prok:g-proteobacteria	1547	486	43	|	1943631	prok:g-proteobacteria	1547	669	43	|	n/a	inconclusive	prok:cyanobacteria	61
ptg000158l~~59361..106601	47241	0,0,0,0,0	42394	|	Hydrogenophaga palleronii	1349791	prok:b-proteobacteria	42341	30260	464	|	2716225	prok:b-proteobacteria	42341	33695	459	|	980561	prok:g-proteobacteria	16785	3013	108	|	1891311	prok:g-proteobacteria	16785	2254	106	|	n/a	contaminant(div)	prok:b-proteobacteria	90
ptg000159l	64399	11369,58,7160,0,0	28860	|	Daphnia magna	35525	anml:crustaceans	26446	23872	510	|	6669	anml:crustaceans	26446	16858	398	|	7159	anml:insects	11700	7699	216	|	7137	anml:insects	11700	4655	204	|	n/a	low-coverage	anml:crustaceans	41
ptg000160l	46011	29,116,0,0,0	40686	|	Hydrogenophaga flava	1349752	prok:b-proteobacteria	40304	34026	498	|	2610898	prok:b-proteobacteria	40304	33163	494	|	1785145	prok:g-proteobacteria	19208	2365	100	|	2820326	prok:proteobacteria	6333	2783	100	|	n/a	contaminant(div)	prok:b-proteobacteria	88
ptg000161l	65013	0,0,0,0,0	64682	|	Flavobacterium cheniae	295428	prok:CFB group bacteria	64682	59912	688	|	1946557	prok:CFB group bacteria	64682	57891	682	|	1121930	prok:bacteria	6231	3177	100	|	2052167	prok:bacteria	6231	2105	81	|	n/a	contaminant(div)	prok:CFB group bacteria	99
ptg000162l	27475	0,0,0,0,0	17869	|	Hydrogenophaga taeniospiralis	1281780	prok:b-proteobacteria	17843	11170	308	|	2610898	prok:b-proteobacteria	17843	10897	306	|	2906062	prok:g-proteobacteria	10537	3636	128	|	219572	prok:g-proteobacteria	10537	3137	123	|	n/a	contaminant(div)	prok:b-proteobacteria	65
ptg000163l	59130	0,352,80,0,0	53729	|	Flavobacterium celericrescens	2709780	prok:CFB group bacteria	53141	44073	744	|	1946557	prok:CFB group bacteria	53141	44881	697	|	126157	prok:firmicutes	6281	2314	94	|	44275	prok:bacteria	2383	2104	93	|	n/a	contaminant(div)	prok:CFB group bacteria	90
ptg000164l	116611	0,0,0,0,0	110837	|	Flavobacterium sasangense	1121896	prok:CFB group bacteria	110647	95769	988	|	2709780	prok:CFB group bacteria	110647	90225	987	|	1970455	prok:g-proteobacteria	12025	3207	111	|	2590551	prok:proteobacteria	5258	2999	106	|	n/a	contaminant(div)	prok:CFB group bacteria	95
ptg000165l	74420	0,0,0,0,0	69329	|	Limnohabitans sp. Rim8	1100718	prok:b-proteobacteria	68858	40156	622	|	2610898	prok:b-proteobacteria	68858	45093	584	|	2502185	prok:proteobacteria	21223	12891	258	|	2799669	prok:g-proteobacteria	40439	10199	212	|	n/a	contaminant(div)	prok:b-proteobacteria	93
ptg000166l	19358	2306,1101,3460,0,0	10225	|	Daphnia magna	35525	anml:crustaceans	8305	7874	571	|	7137	anml:insects	7194	5348	445	|	362088	anml:insects	7194	5259	348	|	6579	anml:molluscs	5519	5000	318	|	n/a	low-coverage	anml:crustaceans	43
ptg000167l	2308726	50893,2232825,0,0,0	13470	|	Daphnia magna	35525	anml:crustaceans	13181	13181	214	|	431949	anml:insects	619	619	35	|	3888	plnt:plants	153	153	12	|						|	n/a	repeat	anml:crustaceans	1
ptg000168l	22590	2069,1175,3580,0,0	10720	|	Daphnia magna	35525	anml:crustaceans	8454	8259	575	|	7137	anml:insects	7024	5226	443	|	441921	anml:insects	7024	5420	347	|	7725	anml:basal metazoans	4459	4298	277	|	n/a	low-coverage	anml:crustaceans	37
ptg000169l	160161	0,0,0,0,0	158630	|	Flavobacterium celericrescens	2709780	prok:CFB group bacteria	158607	135549	1191	|	295428	prok:CFB group bacteria	158607	131663	1177	|	2045305	prok:proteobacteria	2454	2230	94	|	1970441	prok:proteobacteria	2454	2008	93	|	n/a	contaminant(div)	prok:CFB group bacteria	99
ptg000170l~~1..36194	36194	0,1348,0,0,0	32537	|	Hydrogenophaga crassostreae	1763535	prok:b-proteobacteria	32031	25504	640	|	47421	prok:b-proteobacteria	32031	21322	618	|	1828728	prok:cyanobacteria	7175	7053	535	|	3016437	prok:cyanobacteria	7175	5731	492	|	n/a	contaminant(div)	prok:b-proteobacteria	88
ptg000170l~~36195..39554	3360	0,0,0,0,0	3360	|	Aureimonas phyllosphaerae	1166078	prok:a-proteobacteria	3360	3090	114	|	208964	prok:g-proteobacteria	2928	2373	106	|	61654	prok:a-proteobacteria	3360	2808	103	|	1947333	prok:g-proteobacteria	2928	2750	103	|	n/a	contaminant(div)	prok:a-proteobacteria	100
ptg000170l~~39555..42509	2955	0,0,0,0,0	2955	|	Comamonas sp. lk	2201272	prok:b-proteobacteria	2955	2832	130	|	1855285	prok:b-proteobacteria	2955	2480	125	|	1947328	prok:g-proteobacteria	2650	2408	115	|	1424203	prok:g-proteobacteria	2650	1903	114	|	n/a	contaminant(div)	prok:b-proteobacteria	100
ptg000171l	23840	0,0,0,0,0	23835	|	Flavobacterium aquaticum	1236486	prok:CFB group bacteria	23835	23614	457	|	295428	prok:CFB group bacteria	23835	22709	446	|	1496333	anml:insects	275	275	20	|	51298	anml:mammals	189	189	16	|	n/a	contaminant(div)	prok:CFB group bacteria	100
ptg000172l	53746	33329,0,0,0,0	28731	|	Daphnia magna	35525	anml:crustaceans	28445	28382	466	|	6669	anml:crustaceans	28445	1379	146	|	89674	plnt:plants	448	448	22	|	197043	anml:insects	253	253	17	|	n/a	repeat	anml:crustaceans	53
ptg000173l	374946	33022,341923,0,0,0	0	|							|						|						|						|	n/a	repeat	none	0
ptg000174l	78569	0,306,0,0,0	66415	|	Flavobacterium cheniae	295428	prok:CFB group bacteria	65314	48602	652	|	1236486	prok:CFB group bacteria	65314	48214	649	|	2080758	prok:b-proteobacteria	3248	969	69	|	2051956	prok:b-proteobacteria	3248	902	66	|	n/a	contaminant(div)	prok:CFB group bacteria	83
ptg000175l	27529	0,0,0,0,0	27529	|	Flavobacterium sasangense	1121896	prok:CFB group bacteria	27529	26284	478	|	295428	prok:CFB group bacteria	27529	23678	459	|	329993	prok:g-proteobacteria	6268	2129	91	|	718192	prok:g-proteobacteria	6268	2043	90	|	n/a	contaminant(div)	prok:CFB group bacteria	100
ptg000176l	25200	0,0,0,0,0	25200	|	Flavobacterium proteolyticum	2911683	prok:CFB group bacteria	25200	24853	468	|	2709780	prok:CFB group bacteria	25200	22264	463	|	1658111	prok:firmicutes	1339	1339	57	|	2338327	prok:a-proteobacteria	434	415	27	|	n/a	contaminant(div)	prok:CFB group bacteria	100
ptg000177l	30043	0,0,0,0,0	23991	|	Flavobacterium sp. UBA7663	1946557	prok:CFB group bacteria	23024	19901	387	|	2709780	prok:CFB group bacteria	23024	17453	371	|	1001530	prok:g-proteobacteria	1007	1007	56	|	392029	anml:rotifers	609	393	21	|	n/a	contaminant(div)	prok:CFB group bacteria	77
ptg000178l	27251	18664,0,0,0,0	310	|	Lolium rigidum	89674	plnt:plants	310	310	19	|						|						|						|	n/a	repeat	plnt:plants	1
ptg000179l	586118	10037,576081,0,0,0	0	|							|						|						|						|	n/a	repeat	none	0
ptg000180l	51260	0,0,0,0,0	50704	|	Flavobacterium celericrescens	2709780	prok:CFB group bacteria	50009	44468	639	|	1946557	prok:CFB group bacteria	50009	42330	620	|	2720414	prok:cyanobacteria	693	693	73	|	2478538	prok:proteobacteria	1416	1416	71	|	n/a	contaminant(div)	prok:CFB group bacteria	98
ptg000181l	25192	0,0,0,0,0	24677	|	Flavobacterium celericrescens	2709780	prok:CFB group bacteria	24677	23777	454	|	295428	prok:CFB group bacteria	24677	19158	419	|	469615	prok:fusobacteria	1769	1769	76	|	1257025	prok:bacteria	2243	1990	74	|	n/a	contaminant(div)	prok:CFB group bacteria	98
ptg000182l	335470	9760,301054,0,0,0	10040	|	Daphnia magna	35525	anml:crustaceans	9673	9169	277	|	6669	anml:crustaceans	9673	3345	143	|	50390	anml:insects	321	288	22	|	4232	plnt:plants	308	308	19	|	n/a	repeat	anml:crustaceans	3
ptg000183l	36408	0,0,0,0,0	35358	|	Hydrogenophaga taeniospiralis	1281780	prok:b-proteobacteria	35358	22019	401	|	1100718	prok:b-proteobacteria	35358	17565	400	|	1946984	prok:a-proteobacteria	8709	3810	120	|	1172189	prst:alveolates	1427	1427	119	|	n/a	contaminant(div)	prok:b-proteobacteria	97
ptg000184c	32065	1532,110,0,0,0	6857	|	Daphnia magna	35525	anml:crustaceans	6857	6849	312	|	6669	anml:crustaceans	6857	5694	169	|						|						|	n/a	low-coverage	anml:crustaceans	21
ptg000185l	743355	46261,647044,0,0,0	48886	|	Daphnia magna	35525	anml:crustaceans	48886	48439	768	|	6669	anml:crustaceans	48886	20639	313	|						|						|	n/a	repeat	anml:crustaceans	7
ptg000186l	73999	0,853,0,0,0	72246	|	Flavobacterium celericrescens	2709780	prok:CFB group bacteria	72028	60469	867	|	1236486	prok:CFB group bacteria	72028	62042	847	|	3016437	prok:cyanobacteria	5487	5473	469	|	2841653	prok:cyanobacteria	5487	1645	172	|	n/a	contaminant(div)	prok:CFB group bacteria	97
ptg000187l	26172	0,0,6160,0,0	20824	|	Daphnia magna	35525	anml:crustaceans	19144	18957	379	|	6669	anml:crustaceans	19144	18376	316	|	2014036	anml:insects	18296	14778	233	|	470939	anml:insects	18296	15342	232	|	n/a	primary-div	anml:crustaceans	73
ptg000188l	40895	0,0,9420,0,0	31056	|	Daphnia magna	35525	anml:crustaceans	29875	29300	460	|	6669	anml:crustaceans	29875	28361	394	|	2014036	anml:insects	29220	22738	284	|	7244	anml:insects	29220	20606	283	|	n/a	primary-div	anml:crustaceans	73
ptg000189l	36006	0,0,8840,0,0	30386	|	Daphnia magna	35525	anml:crustaceans	29129	28574	455	|	6669	anml:crustaceans	29129	27898	390	|	7244	anml:insects	28817	20710	283	|	2014036	anml:insects	28817	22449	283	|	n/a	primary-div	anml:crustaceans	81
ptg000190l	25873	0,0,7040,0,0	21154	|	Daphnia magna	35525	anml:crustaceans	19603	19461	366	|	6669	anml:crustaceans	19603	18206	313	|	7244	anml:insects	19229	14705	235	|	7245	anml:insects	19229	13456	234	|	n/a	primary-div	anml:crustaceans	76
ptg000191l	33896	0,0,10220,0,0	29108	|	Daphnia magna	35525	anml:crustaceans	27899	27700	440	|	6669	anml:crustaceans	27899	26292	372	|	2014036	anml:insects	27114	21385	280	|	470939	anml:insects	27114	22279	278	|	n/a	primary-div	anml:crustaceans	82
ptg000192l	32840	0,0,4680,0,0	28367	|	Daphnia magna	35525	anml:crustaceans	26643	26213	438	|	6669	anml:crustaceans	26643	25574	374	|	2014036	anml:insects	25985	20109	267	|	7244	anml:insects	25985	18053	265	|	n/a	primary-div	anml:crustaceans	81
ptg000193l	37603	0,0,8640,0,0	29742	|	Daphnia magna	35525	anml:crustaceans	28369	28218	454	|	6669	anml:crustaceans	28369	27232	387	|	139649	anml:insects	27819	20696	281	|	2014036	anml:insects	27819	21739	281	|	n/a	primary-div	anml:crustaceans	75
ptg000194l	27561	0,0,6640,0,0	23289	|	Daphnia magna	35525	anml:crustaceans	22026	21886	380	|	6669	anml:crustaceans	22026	21110	324	|	2014036	anml:insects	21806	16580	240	|	139649	anml:insects	21806	14844	233	|	n/a	primary-div	anml:crustaceans	80
ptg000195l~~1..31694	31694	0,0,0,0,0	20700	|	Hydrogenophaga aromaticivorans	2610898	prok:b-proteobacteria	18733	12366	326	|	1349791	prok:b-proteobacteria	18733	12383	326	|	2935221	virs:prokaryotic viruses	2731	2731	120	|	2502184	prok:proteobacteria	1419	1419	89	|	n/a	contaminant(div)	prok:b-proteobacteria	59
ptg000195l~~31695..33819	2125	0,0,0,0,0	2103	|	Halomonas urumqiensis	1684789	prok:g-proteobacteria	2103	1921	77	|	1176240	prok:g-proteobacteria	2103	1517	67	|	2758570	prok:b-proteobacteria	722	722	44	|						|	n/a	inconclusive	prok:g-proteobacteria	99
ptg000195l~~33820..134067	100248	0,0,0,0,0	93639	|	Hydrogenophaga taeniospiralis	1281780	prok:b-proteobacteria	91954	74245	736	|	1349791	prok:b-proteobacteria	91954	72018	734	|	200454	prok:g-proteobacteria	45536	7244	156	|	2599595	prok:g-proteobacteria	45536	5015	148	|	n/a	contaminant(div)	prok:b-proteobacteria	92
ptg000196l	1903349	2108,1901241,0,0,0	0	|							|						|						|						|	n/a	repeat	none	0
ptg000197l	1029509	0,983600,0,0,0	24510	|	Daphnia magna	35525	anml:crustaceans	21708	18905	440	|	6669	anml:crustaceans	21708	18679	329	|	50390	anml:insects	1251	775	38	|	4232	plnt:plants	1549	1186	37	|	n/a	repeat	anml:crustaceans	2
ptg000198l	69119	0,69119,0,0,0	0	|							|						|						|						|	n/a	repeat	none	0
ptg000199l	1918385	0,1918385,0,0,0	0	|							|						|						|						|	n/a	repeat	none	0
ptg000200l	136243	0,136243,0,0,0	0	|							|						|						|						|	n/a	repeat	none	0
ptg000201l	33174	803,32371,0,0,0	0	|							|						|						|						|	n/a	repeat	none	0
ptg000202l	1177137	881,1174943,0,0,0	0	|							|						|						|						|	n/a	repeat	none	0
ptg000203c	284435	7447,276988,0,0,0	0	|							|						|						|						|	n/a	repeat	none	0
ptg000204l	384357	0,384357,0,0,0	0	|							|						|						|						|	n/a	repeat	none	0
ptg000205l	808847	0,808847,0,0,0	0	|							|						|						|						|	n/a	repeat	none	0
ptg000206l	372345	0,372345,0,0,0	0	|							|						|						|						|	n/a	repeat	none	0
ptg000207l	2083753	3130,2077726,0,0,0	3757	|	Daphnia magna	35525	anml:crustaceans	3757	3757	133	|						|						|						|	n/a	repeat	anml:crustaceans	0
ptg000208l	2552267	9821,2521755,0,0,0	12727	|	Daphnia magna	35525	anml:crustaceans	12465	12415	373	|	6669	anml:crustaceans	12465	4681	198	|	6565	anml:molluscs	262	262	20	|						|	n/a	repeat	anml:crustaceans	0
ptg000209l	19107	913,18193,0,0,0	0	|							|						|						|						|	n/a	repeat	none	0
ptg000210l	734575	1069,733506,0,0,0	0	|							|						|						|						|	n/a	repeat	none	0
ptg000211l	81085	0,81085,0,0,0	0	|							|						|						|						|	n/a	repeat	none	0
ptg000212l	215523	0,215523,0,0,0	0	|							|						|						|						|	n/a	repeat	none	0
ptg000213l	148499	1013,146273,0,0,0	0	|							|						|						|						|	n/a	repeat	none	0
ptg000214l	40406	12543,0,3680,0,0	9900	|	Daphnia pulex	6669	anml:crustaceans	8470	7517	249	|	35525	anml:crustaceans	8470	5048	206	|	7137	anml:insects	5988	2952	148	|	7160	anml:insects	5988	4180	143	|	n/a	repeat	anml:crustaceans	21
ptg000215l	29056	0,0,0,0,0	22428	|	Hydrogenophaga taeniospiralis	1281780	prok:b-proteobacteria	21773	14717	366	|	2610898	prok:b-proteobacteria	21773	15580	355	|	282683	prok:a-proteobacteria	8846	3714	164	|	2865933	prok:a-proteobacteria	8846	3812	162	|	n/a	contaminant(div)	prok:b-proteobacteria	75
ptg000216l	51541	0,0,0,0,0	50400	|	Hydrogenophaga aromaticivorans	2610898	prok:b-proteobacteria	50330	43674	593	|	1281780	prok:b-proteobacteria	50330	42593	585	|	531306	prok:g-proteobacteria	20663	5600	141	|	283923	prok:g-proteobacteria	20663	2462	122	|	n/a	contaminant(div)	prok:b-proteobacteria	98
ptg000217l	26477	1284,893,7020,0,0	16382	|	Daphnia magna	35525	anml:crustaceans	14005	13369	750	|	7137	anml:insects	12457	9346	582	|	362088	anml:insects	12457	8947	457	|	6579	anml:molluscs	9591	8769	394	|	n/a	primary-div	anml:crustaceans	53
ptg000218l	41795	216,10389,0,0,0	970	|	Brachionus asplanchnoidis	1857775	anml:rotifers	536	536	29	|	41117	anml:crustaceans	277	277	18	|	9365	anml:mammals	157	157	12	|						|	n/a	repeat	anml:rotifers	1
ptg000219l	50979	0,50979,0,0,0	0	|							|						|						|						|	n/a	repeat	none	0
ptg000220l	71919	0,0,0,0,0	63764	|	Flavobacterium cyclinae	2895947	prok:CFB group bacteria	63129	45237	603	|	2911683	prok:CFB group bacteria	63129	47263	601	|	1974203	prok:bacteria	5245	4590	121	|	28110	prok:g-proteobacteria	7200	4927	121	|	n/a	contaminant(div)	prok:CFB group bacteria	88
ptg000221l	327637	0,327637,0,0,0	0	|							|						|						|						|	n/a	repeat	none	0
ptg000222l	639054	0,639054,0,0,0	0	|							|						|						|						|	n/a	repeat	none	0
ptg000223l	87587	0,0,0,0,0	73340	|	Flavobacterium celericrescens	2709780	prok:CFB group bacteria	72732	50165	742	|	1236486	prok:CFB group bacteria	72732	43588	692	|	2763675	prok:firmicutes	3796	1994	78	|	2527969	prok:planctomycetes	1337	1337	64	|	n/a	contaminant(div)	prok:CFB group bacteria	83
ptg000224l	211816	1206,210035,0,0,0	0	|							|						|						|						|	n/a	repeat	none	0
ptg000225l	908976	3703,899847,0,0,0	5745	|	Daphnia magna	35525	anml:crustaceans	5745	5683	496	|	6669	anml:crustaceans	5745	4423	152	|	40145	fung:basidiomycetes	323	323	29	|						|	n/a	repeat	anml:crustaceans	1
ptg000226l	42386	0,42386,0,0,0	0	|							|						|						|						|	n/a	repeat	none	0
ptg000227l	215422	0,215422,0,0,0	0	|							|						|						|						|	n/a	repeat	none	0
ptg000228l	799686	0,799686,0,0,0	0	|							|						|						|						|	n/a	repeat	none	0
ptg000229l	79169	0,79169,0,0,0	0	|							|						|						|						|	n/a	repeat	none	0
ptg000230l	184568	0,184568,0,0,0	0	|							|						|						|						|	n/a	repeat	none	0
ptg000231l	25470	0,25470,0,0,0	0	|							|						|						|						|	n/a	repeat	none	0
ptg000232l	73660	0,73660,0,0,0	0	|							|						|						|						|	n/a	repeat	none	0
ptg000233l	138040	0,138040,0,0,0	0	|							|						|						|						|	n/a	repeat	none	0
ptg000234l	21069	0,21069,0,0,0	0	|							|						|						|						|	n/a	repeat	none	0
ptg000235l	38433	0,38433,0,0,0	0	|							|						|						|						|	n/a	repeat	none	0
ptg000236l	12548	0,12548,0,0,0	0	|							|						|						|						|	n/a	repeat	none	0
ptg000237l	27235	0,27235,0,0,0	0	|							|						|						|						|	n/a	repeat	none	0
ptg000238l	26344	1121,0,280,0,0	12260	|	Daphnia magna	35525	anml:crustaceans	11279	10816	361	|	6669	anml:crustaceans	11279	6975	208	|	7160	anml:insects	1892	1082	63	|	186751	anml:insects	1892	985	57	|	n/a	low-coverage	anml:crustaceans	43
ptg000239l	36163	240,0,0,0,0	31498	|	Flavobacterium celericrescens	2709780	prok:CFB group bacteria	31498	24099	536	|	1946557	prok:CFB group bacteria	31498	24897	531	|	751969	prok:g-proteobacteria	1491	1491	64	|	1526571	prok:g-proteobacteria	1491	1368	64	|	n/a	contaminant(div)	prok:CFB group bacteria	87
ptg000240l	34026	0,176,0,0,0	30123	|	Flavobacterium sp. UBA7663	1946557	prok:CFB group bacteria	30055	26475	554	|	2709780	prok:CFB group bacteria	30055	28128	551	|	1896979	prok:firmicutes	1687	1172	55	|	65393	prok:cyanobacteria	930	804	45	|	n/a	contaminant(div)	prok:CFB group bacteria	88
ptg000241l	29485	0,0,0,0,0	28337	|	Hydrogenophaga flava	1349752	prok:b-proteobacteria	27922	23444	430	|	1281780	prok:b-proteobacteria	27922	23186	419	|	556533	prok:g-proteobacteria	9523	1271	108	|	1752219	prok:g-proteobacteria	9523	1445	103	|	n/a	contaminant(div)	prok:b-proteobacteria	95
ptg000242l	55185	0,0,0,0,0	53328	|	Hydrogenophaga taeniospiralis	1281780	prok:b-proteobacteria	53328	48059	598	|	2610898	prok:b-proteobacteria	53328	48833	590	|	2109646	prok:a-proteobacteria	11208	3705	155	|	1054	prok:g-proteobacteria	20228	3374	117	|	n/a	contaminant(div)	prok:b-proteobacteria	97
ptg000243l	77197	0,0,0,0,0	56507	|	Flavobacterium celericrescens	2709780	prok:CFB group bacteria	56399	48882	788	|	295428	prok:CFB group bacteria	56399	46698	736	|	2801478	virs:prokaryotic viruses	2434	2420	93	|	2801477	virs:prokaryotic viruses	2434	2434	93	|	n/a	contaminant(div)	prok:CFB group bacteria	73
ptg000244l	62778	62777,0,0,0,0	0	|							|						|						|						|	n/a	repeat	none	0
ptg000245l	28723	28722,0,0,0,0	0	|							|						|						|						|	n/a	repeat	none	0
ptg000246l	61127	61126,0,0,0,0	0	|							|						|						|						|	n/a	repeat	none	0
ptg000247l	33803	0,0,0,0,0	30854	|	Limnohabitans planktonicus	1293045	prok:b-proteobacteria	30605	18812	458	|	391953	prok:b-proteobacteria	30605	21090	346	|	2822368	prok:g-proteobacteria	11272	4621	162	|	1383030	prok:g-proteobacteria	11272	4759	162	|	n/a	contaminant(div)	prok:b-proteobacteria	91
ptg000248l	24063	1306,1154,4560,0,0	12098	|	Daphnia magna	35525	anml:crustaceans	9846	9417	633	|	7137	anml:insects	8728	6726	494	|	13686	anml:insects	8728	6169	396	|	6579	anml:molluscs	6685	6251	348	|	n/a	low-coverage	anml:crustaceans	41
ptg000249l	21582	2125,1050,4000,0,0	12465	|	Daphnia magna	35525	anml:crustaceans	10393	10049	655	|	7137	anml:insects	8891	6859	495	|	362088	anml:insects	8891	6747	381	|	6604	anml:molluscs	6182	5751	322	|	n/a	primary-div	anml:crustaceans	48
ptg000250l	44634	0,0,0,0,0	44634	|	Flavobacterium celericrescens	2709780	prok:CFB group bacteria	44634	37079	622	|	1946557	prok:CFB group bacteria	44634	33721	617	|	1609942	prst:alveolates	2882	2882	203	|	97331	fung:ascomycetes	1621	1621	67	|	n/a	contaminant(div)	prok:CFB group bacteria	100
ptg000251l	51240	0,0,0,0,0	50357	|	Flavobacterium celericrescens	2709780	prok:CFB group bacteria	50357	44423	674	|	295428	prok:CFB group bacteria	50357	35548	610	|	1834038	prok:b-proteobacteria	1898	1596	80	|	2763675	prok:firmicutes	2617	1929	80	|	n/a	contaminant(div)	prok:CFB group bacteria	98
ptg000252l	32933	0,0,0,0,0	32932	|	Flavobacterium celericrescens	2709780	prok:CFB group bacteria	32932	30363	560	|	295428	prok:CFB group bacteria	32932	31032	547	|	2320860	prok:a-proteobacteria	447	319	28	|	8010	anml:fishes	676	397	21	|	n/a	contaminant(div)	prok:CFB group bacteria	100
ptg000253l	16403	0,0,0,0,0	16399	|	Flavobacterium sp. UBA7663	1946557	prok:CFB group bacteria	16399	15615	551	|	2709780	prok:CFB group bacteria	16399	15659	506	|	2499688	prok:firmicutes	140	140	16	|	2863086	fung:ascomycetes	225	225	15	|	n/a	contaminant(div)	prok:CFB group bacteria	100
ptg000254l	96388	96387,0,0,0,0	0	|							|						|						|						|	n/a	repeat	none	0
ptg000255l	20081	0,0,0,0,0	17648	|	Flavobacterium sp. UBA7663	1946557	prok:CFB group bacteria	17637	8350	338	|	295428	prok:CFB group bacteria	17637	8477	320	|	1929132	prok:firmicutes	1851	969	61	|	2779351	prok:firmicutes	1851	754	41	|	n/a	contaminant(div)	prok:CFB group bacteria	88
ptg000256l	26133	0,26133,0,0,0	0	|							|						|						|						|	n/a	repeat	none	0
ptg000257l	66494	0,66494,0,0,0	0	|							|						|						|						|	n/a	repeat	none	0
ptg000258l	37312	0,37312,0,0,0	0	|							|						|						|						|	n/a	repeat	none	0
ptg000259l	34979	34820,0,0,0,0	0	|							|						|						|						|	n/a	repeat	none	0
ptg000260l	53706	0,53706,0,0,0	0	|							|						|						|						|	n/a	repeat	none	0
ptg000261l	12152	0,12152,0,0,0	0	|							|						|						|						|	n/a	repeat	none	0
ptg000262l	25008	0,25008,0,0,0	0	|							|						|						|						|	n/a	repeat	none	0
ptg000263l	15384	0,15384,0,0,0	0	|							|						|						|						|	n/a	repeat	none	0
ptg000264l	40648	2804,1235,9700,0,0	23367	|	Daphnia magna	35525	anml:crustaceans	19928	19508	897	|	7137	anml:insects	16187	12740	681	|	37344	anml:insects	16187	12458	522	|	6579	anml:molluscs	13458	12609	485	|	n/a	primary-div	anml:crustaceans	49
ptg000265l	38720	4178,1772,9440,0,0	18475	|	Daphnia magna	35525	anml:crustaceans	16585	16057	802	|	7137	anml:insects	13209	10629	614	|	362088	anml:insects	13209	10542	479	|	6579	anml:molluscs	10583	10093	437	|	n/a	low-coverage	anml:crustaceans	43
ptg000266l	55221	4797,2554,11620,0,0	29146	|	Daphnia magna	35525	anml:crustaceans	25373	24752	1018	|	7137	anml:insects	21233	16449	772	|	362088	anml:insects	21233	16565	610	|	6579	anml:molluscs	17999	16036	554	|	n/a	primary-div	anml:crustaceans	46
ptg000267l	21849	879,1539,3780,0,0	12936	|	Daphnia magna	35525	anml:crustaceans	10488	10076	642	|	7137	anml:insects	9070	6638	482	|	441921	anml:insects	9070	6865	370	|	6579	anml:molluscs	6844	6336	320	|	n/a	primary-div	anml:crustaceans	48
ptg000268l	22846	3478,1537,5320,0,0	10345	|	Daphnia magna	35525	anml:crustaceans	8254	7814	571	|	7137	anml:insects	6557	5193	445	|	6579	anml:molluscs	5546	4848	313	|	34620	anml:insects	6557	5017	312	|	n/a	low-coverage	anml:crustaceans	36
ptg000269l	27394	3054,1457,7700,0,0	16206	|	Daphnia magna	35525	anml:crustaceans	13197	12997	729	|	7137	anml:insects	10825	8372	542	|	37344	anml:insects	10825	8291	407	|	6579	anml:molluscs	8435	7957	382	|	n/a	primary-div	anml:crustaceans	48
ptg000270l	30415	1282,989,7420,0,0	16742	|	Daphnia magna	35525	anml:crustaceans	14057	13649	747	|	7137	anml:insects	11464	9070	578	|	441921	anml:insects	11464	9184	454	|	6579	anml:molluscs	9828	8689	415	|	n/a	primary-div	anml:crustaceans	46
ptg000271l	30836	1815,1153,5960,0,0	17250	|	Daphnia magna	35525	anml:crustaceans	13903	13490	742	|	7137	anml:insects	11622	9105	567	|	441921	anml:insects	11622	8856	444	|	6579	anml:molluscs	9481	8508	407	|	n/a	low-coverage	anml:crustaceans	45
ptg000272l	23766	6959,1210,3520,0,0	11021	|	Daphnia magna	35525	anml:crustaceans	8656	8456	595	|	7137	anml:insects	7704	5688	463	|	441921	anml:insects	7704	5939	361	|	6604	anml:molluscs	5663	5000	306	|	n/a	repeat	anml:crustaceans	36
ptg000273l	27135	4500,1697,5560,0,0	12478	|	Daphnia magna	35525	anml:crustaceans	10091	9868	641	|	7137	anml:insects	8901	6502	491	|	441921	anml:insects	8901	6796	390	|	6579	anml:molluscs	6567	6046	340	|	n/a	low-coverage	anml:crustaceans	37
ptg000274l	36995	2126,2166,9600,0,0	19605	|	Daphnia magna	35525	anml:crustaceans	16694	16331	819	|	7137	anml:insects	14176	11191	640	|	441921	anml:insects	14176	11305	484	|	6579	anml:molluscs	11083	10349	449	|	n/a	low-coverage	anml:crustaceans	45
ptg000275l	23709	774,1624,4320,0,0	11479	|	Daphnia magna	35525	anml:crustaceans	9348	9153	608	|	7137	anml:insects	7805	6032	473	|	362088	anml:insects	7805	5691	375	|	7725	anml:basal metazoans	5172	5011	297	|	n/a	low-coverage	anml:crustaceans	39
ptg000276l	28352	1521,1354,8300,0,0	17209	|	Daphnia magna	35525	anml:crustaceans	15265	14813	788	|	7137	anml:insects	13547	10097	613	|	441921	anml:insects	13547	10183	476	|	6579	anml:molluscs	10238	9508	429	|	n/a	primary-div	anml:crustaceans	54
ptg000277l	28355	1854,1189,6720,0,0	17313	|	Daphnia magna	35525	anml:crustaceans	15365	14478	774	|	7137	anml:insects	12738	9970	605	|	370036	anml:insects	12738	9823	437	|	413010	anml:nematodes	9557	8187	302	|	n/a	primary-div	anml:crustaceans	54
ptg000278l	24387	1850,1145,5520,0,0	12652	|	Daphnia magna	35525	anml:crustaceans	10997	10527	654	|	7137	anml:insects	9060	7326	519	|	362088	anml:insects	9060	7240	426	|	6604	anml:molluscs	6627	6199	358	|	n/a	low-coverage	anml:crustaceans	45
ptg000279l	28585	3390,1786,6240,0,0	12944	|	Daphnia magna	35525	anml:crustaceans	10579	9850	635	|	7137	anml:insects	8605	6909	510	|	441921	anml:insects	8605	6866	408	|	6573	anml:molluscs	5450	4079	328	|	n/a	low-coverage	anml:crustaceans	37
ptg000280l	39110	4101,1767,9500,0,0	19984	|	Daphnia magna	35525	anml:crustaceans	17057	16540	825	|	7137	anml:insects	14576	11127	643	|	441921	anml:insects	14576	11425	506	|	7725	anml:basal metazoans	10463	10240	418	|	n/a	low-coverage	anml:crustaceans	44
ptg000281l	26719	1662,1058,6560,0,0	14525	|	Daphnia magna	35525	anml:crustaceans	12178	11646	693	|	7137	anml:insects	10624	8229	531	|	370036	anml:insects	10624	7921	408	|	6579	anml:molluscs	8569	7800	397	|	n/a	primary-div	anml:crustaceans	46
ptg000282l	35188	0,0,0,0,0	33726	|	Hydrogenophaga aromaticivorans	2610898	prok:b-proteobacteria	33726	31545	524	|	1349752	prok:b-proteobacteria	33726	31321	510	|	547122	prok:g-proteobacteria	18951	10458	224	|	1946063	prok:a-proteobacteria	10352	3435	202	|	n/a	contaminant(div)	prok:b-proteobacteria	96
ptg000283l	40325	0,0,60,0,0	21859	|	Hydrogenophaga aromaticivorans	2610898	prok:b-proteobacteria	16096	7335	203	|	1904254	prok:b-proteobacteria	16096	7135	201	|	2699742	prok:bacteria	1876	1008	52	|	2745492	prok:g-proteobacteria	5800	1183	48	|	n/a	low-coverage	prok:b-proteobacteria	40
ptg000284l	30383	1284,977,9460,0,0	17566	|	Daphnia magna	35525	anml:crustaceans	14571	14169	763	|	7137	anml:insects	12156	9455	591	|	281415	anml:insects	12156	9347	442	|	6579	anml:molluscs	9948	9195	424	|	n/a	primary-div	anml:crustaceans	48
ptg000285l	24480	0,0,0,0,0	23405	|	Hydrogenophaga pseudoflava	47421	prok:b-proteobacteria	23405	20761	428	|	2716225	prok:b-proteobacteria	23405	20832	388	|	2041042	prok:g-proteobacteria	6295	967	119	|	83617	prok:g-proteobacteria	6295	1355	103	|	n/a	contaminant(div)	prok:b-proteobacteria	96
ptg000286l	27322	0,0,0,0,0	27322	|	Flavobacterium proteolyticum	2911683	prok:CFB group bacteria	27322	25216	490	|	1236486	prok:CFB group bacteria	27322	24545	484	|	415222	prok:verrucomicrobia	1920	1920	73	|	1305675	prok:firmicutes	4655	1772	71	|	n/a	contaminant(div)	prok:CFB group bacteria	100
ptg000287l	33504	0,0,0,0,0	33504	|	Flavobacterium celericrescens	2709780	prok:CFB group bacteria	33504	32124	595	|	295428	prok:CFB group bacteria	33504	29718	562	|	1802256	prok:proteobacteria	2075	2075	135	|	945713	prok:bacteria	1593	1593	86	|	n/a	contaminant(div)	prok:CFB group bacteria	100
ptg000288l	28686	526,110,1760,0,0	9446	|	Daphnia magna	35525	anml:crustaceans	8088	7866	317	|	6669	anml:crustaceans	8088	7100	225	|	43151	anml:insects	2382	1280	86	|	35570	anml:insects	2382	1329	85	|	n/a	low-coverage	anml:crustaceans	28
ptg000289l	20778	0,20778,0,0,0	0	|							|						|						|						|	n/a	repeat	none	0
ptg000290l	14821	0,14821,0,0,0	0	|							|						|						|						|	n/a	repeat	none	0
ptg000291l	21649	0,21649,0,0,0	0	|							|						|						|						|	n/a	repeat	none	0
ptg000292l	27819	0,0,0,0,0	27462	|	Hydrogenophaga taeniospiralis	1281780	prok:b-proteobacteria	27255	24696	424	|	2610898	prok:b-proteobacteria	27255	24197	405	|	46680	prok:g-proteobacteria	13017	4705	148	|	2593654	prok:g-proteobacteria	13017	4975	146	|	n/a	contaminant(div)	prok:b-proteobacteria	98
ptg000293l	30380	0,0,0,0,0	26243	|	Rhodoferax lacus	2184758	prok:b-proteobacteria	26011	21979	375	|	1855285	prok:b-proteobacteria	26011	21024	368	|	289003	prok:g-proteobacteria	19573	11389	236	|	1295366	prok:a-proteobacteria	22563	6620	175	|	n/a	contaminant(div)	prok:b-proteobacteria	86
ptg000294l	9151	265,0,0,0,0	7704	|	Daphnia magna	35525	anml:crustaceans	7704	7704	201	|	6669	anml:crustaceans	7704	3203	126	|						|						|	n/a	primary-div	anml:crustaceans	84
ptg000295l	14041	0,14041,0,0,0	0	|							|						|						|						|	n/a	repeat	none	0
ptg000296l	23053	0,23053,0,0,0	0	|							|						|						|						|	n/a	repeat	none	0
ptg000297l	23584	0,23584,0,0,0	0	|							|						|						|						|	n/a	repeat	none	0
ptg000298l	52641	43154,225,0,0,0	37025	|	Daphnia magna	35525	anml:crustaceans	37025	37025	580	|						|						|						|	n/a	repeat	anml:crustaceans	70
ptg000299l	53442	464,247,0,0,0	25161	|	Daphnia magna	35525	anml:crustaceans	24777	24380	520	|	6669	anml:crustaceans	24777	16494	340	|	307658	anml:insects	2765	1009	65	|	64793	anml:insects	2765	1113	64	|	n/a	primary-div	anml:crustaceans	46
ptg000300l	80584	56594,254,0,0,0	67168	|	Daphnia magna	35525	anml:crustaceans	66954	66260	794	|	6669	anml:crustaceans	66954	5248	166	|	181123	fung:basidiomycetes	201	201	16	|	260995	anml:amphibians	106	106	10	|	n/a	primary-div	anml:crustaceans	83
ptg000301l	29186	17979,0,0,0,0	19844	|	Daphnia magna	35525	anml:crustaceans	19844	19249	375	|	6669	anml:crustaceans	19844	5142	166	|						|						|	n/a	primary-div	anml:crustaceans	68
ptg000302l	10616	7942,0,0,0,0	7498	|	Daphnia magna	35525	anml:crustaceans	7498	7498	252	|						|						|						|	n/a	repeat	anml:crustaceans	71
