##[["GX taxonomy analysis report", 3, 1], {"git-rev": "v0.5.0+branch--HEAD", "run-date": "Mon Mar 18 09:33:02 2024", "db": {"build-date": "2023-01-24", "seqs": 3025824, "Gbp": 709.264}, "run-info": {"agg-cvg": 0.633218, "asserted-div": "anml:crustaceans", "inferred-primary-divs": ["anml:crustaceans", "anml:insects"], "corrected-primary-divs": ["anml:crustaceans", "anml:insects"]}}]
#seq-id	seq-len	(xp,lc,co,n,xc)-len	cvg-by-all	sep1	tax-name-1	tax-id-1	div-1	cvg-by-div-1	cvg-by-tax-1	score-1	sep2	tax-id-2	div-2	cvg-by-div-2	cvg-by-tax-2	score-2	sep3	tax-id-3	div-3	cvg-by-div-3	cvg-by-tax-3	score-3	sep4	tax-id-4	div-4	cvg-by-div-4	cvg-by-tax-4	score-4	sep5	reserved	result	div	div_pct_cvg
ptg000001l	5071505	307347,69347,23780,0,0	4281617	|	Daphnia magna	35525	anml:crustaceans	4260592	4229475	9281	|	6669	anml:crustaceans	4260592	2028529	3926	|	189513	anml:insects	248021	23678	282	|	1086592	anml:insects	248021	21719	269	|	n/a	primary-div	anml:crustaceans	84
ptg000002l	7127893	1311726,78028,46020,0,0	4596187	|	Daphnia magna	35525	anml:crustaceans	4529940	4490259	8925	|	6669	anml:crustaceans	4529940	2013540	3727	|	7167	anml:insects	310437	33991	354	|	69319	anml:insects	310437	35202	338	|	n/a	primary-div	anml:crustaceans	64
ptg000003l	7804542	522306,495423,55720,0,0	6130329	|	Daphnia magna	35525	anml:crustaceans	6087911	6051759	11327	|	6669	anml:crustaceans	6087911	2714651	4645	|	161013	anml:insects	405892	41484	379	|	2065413	anml:insects	405892	34918	357	|	n/a	primary-div	anml:crustaceans	78
ptg000004l~~1..2709870	2709870	777437,238913,9920,0,0	1186100	|	Daphnia magna	35525	anml:crustaceans	1166827	1159337	4193	|	6669	anml:crustaceans	1166827	410486	1628	|	684658	anml:insects	66516	10884	190	|	69319	anml:insects	66516	9028	187	|	n/a	primary-div	anml:crustaceans	43
ptg000004l~~2709871..2713671	3801	0,0,0,0,0	3348	|	Heligmosomoides bakeri	375939	anml:nematodes	3348	3176	84	|	2696335	anml:nematodes	3348	2305	77	|						|						|	n/a	same-kingdom-chimeric	anml:nematodes	88
ptg000004l~~2713672..7726247	5012576	471255,32132,47960,0,0	3024453	|	Daphnia magna	35525	anml:crustaceans	2952367	2897076	6539	|	6669	anml:crustaceans	2952367	1129800	2625	|	29029	anml:insects	181323	31904	371	|	7291	anml:insects	181323	31070	365	|	n/a	primary-div	anml:crustaceans	59
ptg000005l	3318013	361672,34877,25840,0,0	2325264	|	Daphnia magna	35525	anml:crustaceans	2288885	2267970	6223	|	6669	anml:crustaceans	2288885	896621	2480	|	935657	anml:insects	175177	20048	258	|	63433	anml:insects	175177	17769	239	|	n/a	primary-div	anml:crustaceans	69
ptg000006l	3233009	405266,30320,28040,0,0	2134021	|	Daphnia magna	35525	anml:crustaceans	2103516	2088302	6110	|	6669	anml:crustaceans	2103516	860116	2533	|	1518534	anml:insects	142623	28328	328	|	43151	anml:insects	142623	28616	327	|	n/a	primary-div	anml:crustaceans	65
ptg000007l	2750725	505933,32846,17580,0,0	1917807	|	Daphnia magna	35525	anml:crustaceans	1903754	1893448	6381	|	6669	anml:crustaceans	1903754	876324	2629	|	211228	anml:insects	132621	21784	284	|	189513	anml:insects	132621	26701	274	|	n/a	primary-div	anml:crustaceans	69
ptg000008l	3025582	252827,20305,15260,0,0	1720278	|	Daphnia magna	35525	anml:crustaceans	1673440	1644341	4746	|	6669	anml:crustaceans	1673440	675554	1984	|	115081	anml:insects	105438	11862	206	|	133065	anml:insects	105438	11191	205	|	n/a	primary-div	anml:crustaceans	55
ptg000009l	1847188	499824,411821,3800,0,0	679561	|	Daphnia magna	35525	anml:crustaceans	666876	662939	3113	|	6669	anml:crustaceans	666876	165501	1073	|	460826	anml:insects	25225	4539	129	|	343691	anml:insects	25225	1899	98	|	n/a	primary-div	anml:crustaceans	36
ptg000010l	4286345	186937,61603,31740,0,0	3720822	|	Daphnia magna	35525	anml:crustaceans	3703211	3681828	8769	|	6669	anml:crustaceans	3703211	1600739	3487	|	2014036	anml:insects	202115	21644	279	|	189513	anml:insects	202115	20165	263	|	n/a	primary-div	anml:crustaceans	86
ptg000011l	4801729	653371,52247,38200,0,0	3156457	|	Daphnia magna	35525	anml:crustaceans	3109757	3077163	7135	|	6669	anml:crustaceans	3109757	1313541	3063	|	7137	anml:insects	232709	21910	526	|	441921	anml:insects	232709	18884	402	|	n/a	primary-div	anml:crustaceans	65
ptg000012l	6656147	2072323,490325,35780,0,0	3592436	|	Daphnia magna	35525	anml:crustaceans	3566100	3538459	8127	|	6669	anml:crustaceans	3566100	1553075	3427	|	7167	anml:insects	237365	28020	334	|	7160	anml:insects	237365	27003	328	|	n/a	primary-div	anml:crustaceans	54
ptg000013l	997543	731164,1008,200,0,0	161049	|	Daphnia magna	35525	anml:crustaceans	157226	154664	1168	|	6669	anml:crustaceans	157226	40159	451	|	7070	anml:insects	4648	1312	69	|	125945	anml:insects	4648	1398	59	|	n/a	repeat	anml:crustaceans	16
ptg000014l	2059980	237704,20554,12200,0,0	1285854	|	Daphnia magna	35525	anml:crustaceans	1252516	1231705	4367	|	6669	anml:crustaceans	1252516	558612	1892	|	1496333	anml:insects	74477	7152	166	|	2015173	anml:insects	74477	6029	163	|	n/a	primary-div	anml:crustaceans	61
ptg000015l~~1..491706	491706	5974,5187,1620,0,0	344664	|	Daphnia magna	35525	anml:crustaceans	338294	335927	2300	|	6669	anml:crustaceans	338294	87035	737	|	28612	anml:insects	11448	1327	71	|	2014036	anml:insects	11448	1169	70	|	n/a	primary-div	anml:crustaceans	69
ptg000015l~~491707..494484	2778	0,0,0,0,0	2756	|	Heligmosomoides bakeri	375939	anml:nematodes	2756	2491	79	|	243955	anml:nematodes	2756	2592	77	|						|						|	n/a	same-kingdom-chimeric	anml:nematodes	99
ptg000015l~~494485..1789037	1294553	300966,314186,300,0,0	401769	|	Daphnia magna	35525	anml:crustaceans	390428	384775	1672	|	6669	anml:crustaceans	390428	65929	547	|	6945	anml:insects	11612	2647	75	|	63436	anml:insects	11612	1278	55	|	n/a	primary-div	anml:crustaceans	30
ptg000016l	8474032	2129423,229441,30200,0,0	4654823	|	Daphnia magna	35525	anml:crustaceans	4598892	4547533	8713	|	6669	anml:crustaceans	4598892	1803447	3497	|	2014036	anml:insects	272874	23806	309	|	161013	anml:insects	272874	22531	287	|	n/a	primary-div	anml:crustaceans	54
ptg000017l	2159459	1044494,36799,2280,0,0	761745	|	Daphnia magna	35525	anml:crustaceans	745520	728042	2872	|	6669	anml:crustaceans	745520	222229	1101	|	1086592	anml:insects	25170	6325	153	|	2015173	anml:insects	25170	5587	137	|	n/a	repeat	anml:crustaceans	35
ptg000018l~~1..5669945	5669945	1647928,287163,24060,0,0	3094675	|	Daphnia magna	35525	anml:crustaceans	3063576	3036940	7559	|	6669	anml:crustaceans	3063576	1329564	3173	|	2014036	anml:insects	198937	15773	280	|	30069	anml:insects	198937	15615	262	|	n/a	primary-div	anml:crustaceans	54
ptg000018l~~5669946..5672675	2730	0,0,0,0,0	2719	|	Aplectana chamaeleonis	2696335	anml:nematodes	2719	2195	78	|	1503980	anml:nematodes	2719	2541	77	|	2607531	anml:molluscs	390	390	27	|						|	n/a	same-kingdom-chimeric	anml:nematodes	100
ptg000018l~~5672676..10720036	5047361	445811,74363,28240,0,0	3598451	|	Daphnia magna	35525	anml:crustaceans	3546812	3516292	8013	|	6669	anml:crustaceans	3546812	1728002	3493	|	2014036	anml:insects	257563	24061	307	|	161013	anml:insects	257563	24363	296	|	n/a	primary-div	anml:crustaceans	70
ptg000019l	1381853	86115,24637,5560,0,0	991847	|	Daphnia magna	35525	anml:crustaceans	974899	964684	4232	|	6669	anml:crustaceans	974899	432732	1813	|	2065413	anml:insects	92086	17948	237	|	610380	anml:insects	92086	8918	199	|	n/a	primary-div	anml:crustaceans	71
ptg000020l	4531102	293663,46022,48280,0,0	3571705	|	Daphnia magna	35525	anml:crustaceans	3536763	3500933	8270	|	6669	anml:crustaceans	3536763	1596434	3372	|	7160	anml:insects	270433	33013	369	|	62324	anml:insects	270433	29802	357	|	n/a	primary-div	anml:crustaceans	78
ptg000021l	738389	45853,15643,4120,0,0	553109	|	Daphnia magna	35525	anml:crustaceans	544228	540461	3234	|	6669	anml:crustaceans	544228	228397	1289	|	431949	anml:insects	26890	4541	117	|	62324	anml:insects	26890	3244	113	|	n/a	primary-div	anml:crustaceans	74
ptg000022l	3728185	211953,56554,32960,0,0	3159447	|	Daphnia magna	35525	anml:crustaceans	3142589	3123982	8121	|	6669	anml:crustaceans	3142589	1449341	3366	|	161013	anml:insects	221926	21030	284	|	7160	anml:insects	221926	17221	272	|	n/a	primary-div	anml:crustaceans	84
ptg000023l	3822067	307082,56976,49220,0,0	2895049	|	Daphnia magna	35525	anml:crustaceans	2868194	2839392	7307	|	6669	anml:crustaceans	2868194	1378405	3169	|	29029	anml:insects	218937	29562	353	|	2014036	anml:insects	218937	25584	330	|	n/a	primary-div	anml:crustaceans	75
ptg000024l	1254687	874263,7393,680,0,0	271926	|	Daphnia magna	35525	anml:crustaceans	267716	264478	2062	|	6669	anml:crustaceans	267716	105764	854	|	7159	anml:insects	15837	4917	130	|	43151	anml:insects	15837	5174	124	|	n/a	repeat	anml:crustaceans	21
ptg000025l	7191007	299757,78715,54820,0,0	6254181	|	Daphnia magna	35525	anml:crustaceans	6221977	6196212	11552	|	6669	anml:crustaceans	6221977	2574079	4469	|	161013	anml:insects	391238	30272	352	|	2014036	anml:insects	391238	32246	346	|	n/a	primary-div	anml:crustaceans	87
ptg000026l	3772116	186562,35407,31020,0,0	3236167	|	Daphnia magna	35525	anml:crustaceans	3219665	3205435	8032	|	6669	anml:crustaceans	3219665	1330429	3138	|	7461	anml:insects	195492	27039	306	|	68878	anml:insects	195492	25818	305	|	n/a	primary-div	anml:crustaceans	85
ptg000027l	5921205	2064063,711173,19880,0,0	2619182	|	Daphnia magna	35525	anml:crustaceans	2582123	2558324	6787	|	6669	anml:crustaceans	2582123	1137868	2784	|	143995	anml:insects	174919	27237	301	|	2014036	anml:insects	174919	18898	284	|	n/a	primary-div	anml:crustaceans	44
ptg000028l	53427	0,491,0,0,0	51865	|	Hydromonas sp.	1910925	prok:b-proteobacteria	51739	50730	1468	|	1384487	prok:b-proteobacteria	51739	19065	366	|	930169	prok:g-proteobacteria	9548	1342	68	|	1239307	prok:g-proteobacteria	9548	1397	66	|	n/a	contaminant(div)	prok:b-proteobacteria	97
ptg000029l	674239	54215,15187,4320,0,0	456259	|	Daphnia magna	35525	anml:crustaceans	450678	446814	2894	|	6669	anml:crustaceans	450678	211220	1262	|	7241	anml:insects	34138	4474	145	|	211228	anml:insects	34138	5026	142	|	n/a	primary-div	anml:crustaceans	67
ptg000030l	2053562	1286862,33950,4900,0,0	548320	|	Daphnia magna	35525	anml:crustaceans	537766	532429	2380	|	6669	anml:crustaceans	537766	150062	875	|	7160	anml:insects	37587	11324	177	|	7176	anml:insects	37587	8119	155	|	n/a	repeat	anml:crustaceans	26
ptg000031l	63241	0,0,0,0,0	59902	|	Hydromonas sp.	1910925	prok:b-proteobacteria	59730	59698	1728	|	2268024	prok:b-proteobacteria	59730	31754	400	|	2282381	prok:g-proteobacteria	18152	2811	89	|	2871826	prok:g-proteobacteria	18152	2359	86	|	n/a	contaminant(div)	prok:b-proteobacteria	94
ptg000032l	43673	11981,98,12020,0,0	28058	|	Daphnia magna	35525	anml:crustaceans	27901	27216	1060	|	7137	anml:insects	20617	16474	775	|	63433	anml:insects	20617	15074	589	|	95602	anml:crustaceans	27901	9502	476	|	n/a	primary-div	anml:crustaceans	64
ptg000033l	144687	58946,1066,22920,0,0	70074	|	Daphnia magna	35525	anml:crustaceans	66638	65294	1531	|	7137	anml:insects	45256	33719	1101	|	441921	anml:insects	45256	31793	862	|	95602	anml:crustaceans	66638	16836	620	|	n/a	primary-div	anml:crustaceans	46
ptg000034l	35018	9169,89,9120,0,0	23412	|	Daphnia magna	35525	anml:crustaceans	22861	22364	971	|	7137	anml:insects	17508	13394	681	|	441921	anml:insects	17508	13048	539	|	95602	anml:crustaceans	22861	6773	387	|	n/a	primary-div	anml:crustaceans	65
ptg000035l	51494	10592,349,14320,0,0	36547	|	Daphnia magna	35525	anml:crustaceans	35870	35005	1200	|	7137	anml:insects	26809	20751	868	|	37344	anml:insects	26809	21525	690	|	95602	anml:crustaceans	35870	12198	545	|	n/a	primary-div	anml:crustaceans	70
ptg000036l	35726	8890,210,9000,0,0	23536	|	Daphnia magna	35525	anml:crustaceans	23035	22351	954	|	7137	anml:insects	17480	13338	697	|	441921	anml:insects	17480	13200	569	|	95602	anml:crustaceans	23035	8115	436	|	n/a	primary-div	anml:crustaceans	64
ptg000037c	40588	10229,89,13700,0,0	27124	|	Daphnia magna	35525	anml:crustaceans	26630	25954	1033	|	7137	anml:insects	19715	15226	753	|	441921	anml:insects	19715	15208	603	|	6579	anml:molluscs	15718	15040	554	|	n/a	primary-div	anml:crustaceans	66
ptg000038l	208641	42989,770,69620,0,0	149407	|	Daphnia magna	35525	anml:crustaceans	147113	143392	2421	|	7137	anml:insects	109044	85674	1765	|	37344	anml:insects	109044	83058	1366	|	46514	anml:echinoderms	79730	77220	1222	|	n/a	primary-div	anml:crustaceans	71
ptg000039l	43147	10795,0,15500,0,0	28888	|	Daphnia magna	35525	anml:crustaceans	28313	27606	1063	|	7137	anml:insects	21588	16086	771	|	37344	anml:insects	21588	16612	612	|	6579	anml:molluscs	16400	15663	562	|	n/a	primary-div	anml:crustaceans	66
ptg000040l	25654	6687,137,6700,0,0	17002	|	Daphnia magna	35525	anml:crustaceans	16687	16216	807	|	7137	anml:insects	12327	9168	587	|	441921	anml:insects	12327	9151	472	|	7725	anml:basal metazoans	8328	8327	385	|	n/a	primary-div	anml:crustaceans	65
ptg000041l	57852	0,0,0,0,0	57852	|	Hydromonas sp.	1910925	prok:b-proteobacteria	57852	57852	1702	|	1384487	prok:b-proteobacteria	57852	38848	423	|	2340	prok:g-proteobacteria	22324	4146	108	|	1653858	prok:g-proteobacteria	22324	2328	98	|	n/a	contaminant(div)	prok:b-proteobacteria	100
ptg000042l	49469	0,0,0,0,0	48153	|	Hydromonas sp.	1910925	prok:b-proteobacteria	47705	46753	1478	|	2268024	prok:b-proteobacteria	47705	18396	278	|	2169400	prok:a-proteobacteria	4773	2466	92	|	127458	prok:g-proteobacteria	6761	2304	91	|	n/a	contaminant(div)	prok:b-proteobacteria	96
ptg000043l	32306	0,0,0,0,0	31040	|	Hydromonas sp.	1910925	prok:b-proteobacteria	31040	31040	1238	|	1384487	prok:b-proteobacteria	31040	17780	341	|	654	prok:g-proteobacteria	13805	6626	139	|	1479524	prok:g-proteobacteria	13805	2853	99	|	n/a	contaminant(div)	prok:b-proteobacteria	96
ptg000044l	34743	0,0,0,0,0	31453	|	Hydromonas sp.	1910925	prok:b-proteobacteria	31440	29212	1207	|	1527608	prok:b-proteobacteria	31440	20614	342	|	67854	prok:g-proteobacteria	14876	3341	107	|	2804919	prok:g-proteobacteria	14876	2756	105	|	n/a	contaminant(div)	prok:b-proteobacteria	90
ptg000045l	1161752	1065952,6684,120,0,0	469409	|	Daphnia magna	35525	anml:crustaceans	466693	466415	2626	|	6669	anml:crustaceans	466693	4169	234	|	2767002	fung:chytrids	1484	1484	43	|	158441	anml:insects	2115	491	36	|	n/a	repeat	anml:crustaceans	40
ptg000046l	85305	84113,342,0,0,0	4339	|	Daphnia magna	35525	anml:crustaceans	4339	4339	250	|						|						|						|	n/a	repeat	anml:crustaceans	5
ptg000047l	157208	155343,1311,0,0,0	0	|							|						|						|						|	n/a	repeat	none	0
ptg000048l	516733	516693,0,0,0,0	0	|							|						|						|						|	n/a	repeat	none	0
ptg000049l	97972	0,193,0,0,0	92761	|	Hydromonas sp.	1910925	prok:b-proteobacteria	92038	91562	2110	|	1527608	prok:b-proteobacteria	92038	55236	577	|	472582	prok:g-proteobacteria	52815	10578	203	|	2785331	prok:g-proteobacteria	52815	9496	189	|	n/a	contaminant(div)	prok:b-proteobacteria	94
ptg000050l	114142	1102,107313,0,0,0	29141	|	Daphnia magna	35525	anml:crustaceans	29141	29141	650	|	6669	anml:crustaceans	29141	2394	87	|	4442	plnt:plants	218	218	19	|	7370	anml:insects	209	209	16	|	n/a	primary-div	anml:crustaceans	26
ptg000051l	22028	7443,1,6320,0,0	13005	|	Daphnia magna	35525	anml:crustaceans	12719	12501	713	|	7137	anml:insects	8960	7049	509	|	441921	anml:insects	8960	6898	396	|	6579	anml:molluscs	7453	6594	367	|	n/a	primary-div	anml:crustaceans	58
ptg000052l	24041	5504,89,6940,0,0	16997	|	Daphnia magna	35525	anml:crustaceans	16577	16120	805	|	7137	anml:insects	12242	9823	594	|	37344	anml:insects	12242	9896	471	|	95602	anml:crustaceans	16577	5390	347	|	n/a	primary-div	anml:crustaceans	69
ptg000053l	28748	7629,94,7880,0,0	18999	|	Daphnia magna	35525	anml:crustaceans	18790	18325	873	|	7137	anml:insects	14405	11136	642	|	362088	anml:insects	14405	10968	507	|	6579	anml:molluscs	5590	3989	356	|	n/a	primary-div	anml:crustaceans	65
ptg000054l	37576	9612,98,12160,0,0	25299	|	Daphnia magna	35525	anml:crustaceans	24858	23696	989	|	7137	anml:insects	18811	14727	726	|	441921	anml:insects	18811	14020	575	|	46514	anml:echinoderms	14368	13980	518	|	n/a	primary-div	anml:crustaceans	66
ptg000055l	40339	10955,246,11660,0,0	26004	|	Daphnia magna	35525	anml:crustaceans	25691	24965	1022	|	7137	anml:insects	19545	15201	740	|	63433	anml:insects	19545	14433	575	|	95602	anml:crustaceans	25691	9658	466	|	n/a	primary-div	anml:crustaceans	64
ptg000056l	30893	8194,0,10520,0,0	19517	|	Daphnia magna	35525	anml:crustaceans	19165	18582	877	|	7137	anml:insects	14473	10814	631	|	613905	anml:insects	14473	10944	488	|	7668	anml:echinoderms	11204	10898	436	|	n/a	primary-div	anml:crustaceans	62
ptg000057l	45759	10412,181,13540,0,0	32503	|	Daphnia magna	35525	anml:crustaceans	31732	31009	1135	|	7137	anml:insects	24103	18363	820	|	37344	anml:insects	24103	19161	640	|	95602	anml:crustaceans	31732	11065	506	|	n/a	primary-div	anml:crustaceans	69
ptg000058l	216865	19253,190257,0,0,0	5577	|	Daphnia pulex	6669	anml:crustaceans	5577	5492	147	|	35525	anml:crustaceans	5577	5156	146	|						|						|	n/a	repeat	anml:crustaceans	3
ptg000059c	31631	0,97,9980,0,0	30939	|	Daphnia magna	35525	anml:crustaceans	29862	29770	528	|	6669	anml:crustaceans	29862	28273	411	|	7227	anml:insects	27709	23932	334	|	125945	anml:insects	27709	22240	326	|	n/a	primary-div	anml:crustaceans	94
ptg000060l	176604	167616,0,0,0,0	3293	|	Daphnia magna	35525	anml:crustaceans	3293	3293	106	|						|						|						|	n/a	repeat	anml:crustaceans	2
ptg000061l	134087	116249,330,0,0,0	10770	|	Daphnia magna	35525	anml:crustaceans	10770	10625	274	|	6669	anml:crustaceans	10770	5850	145	|	30025	anml:insects	609	609	33	|	39650	prok:g-proteobacteria	125	125	11	|	n/a	repeat	anml:crustaceans	8
ptg000062l	23468	23467,0,0,0,0	0	|							|						|						|						|	n/a	repeat	none	0
ptg000063l	24454	0,0,0,0,0	24454	|	Hydromonas sp.	1910925	prok:b-proteobacteria	24454	24454	1106	|	2268024	prok:b-proteobacteria	24454	18363	318	|	2497749	prok:g-proteobacteria	11810	4142	121	|	980561	prok:g-proteobacteria	11810	3743	119	|	n/a	contaminant(div)	prok:b-proteobacteria	100
ptg000064l	69868	0,0,0,0,0	68698	|	Hydromonas sp.	1910925	prok:b-proteobacteria	68638	68541	1849	|	2268024	prok:b-proteobacteria	68638	41796	437	|	582702	prok:g-proteobacteria	22160	4408	136	|	1163408	prok:g-proteobacteria	22160	4528	135	|	n/a	contaminant(div)	prok:b-proteobacteria	98
ptg000065l	58778	0,293,0,0,0	58770	|	Hydromonas sp.	1910925	prok:b-proteobacteria	58770	58770	1715	|	1527608	prok:b-proteobacteria	58770	36525	420	|	1907939	prok:g-proteobacteria	18459	2198	90	|	1122243	prok:g-proteobacteria	18459	1855	86	|	n/a	contaminant(div)	prok:b-proteobacteria	100
ptg000066c	67591	66897,0,0,0,0	4665	|	Daphnia magna	35525	anml:crustaceans	4515	4515	258	|	249248	anml:rotifers	198	198	16	|						|						|	n/a	repeat	anml:crustaceans	7
ptg000067l	42106	0,0,0,0,0	36432	|	Tabrizicola oligotrophica	2710650	prok:a-proteobacteria	35762	25316	355	|	1077935	prok:a-proteobacteria	35762	22456	354	|	1192854	prok:g-proteobacteria	13665	8186	166	|	418701	prok:g-proteobacteria	13665	3981	133	|	n/a	contaminant(div)	prok:a-proteobacteria	85
ptg000068l	28307	0,0,0,0,0	28307	|	Hydromonas sp.	1910925	prok:b-proteobacteria	28307	28307	1179	|	1384487	prok:b-proteobacteria	28307	9425	216	|	2487520	prok:g-proteobacteria	8812	4604	116	|	2912055	prok:g-proteobacteria	8812	2473	91	|	n/a	contaminant(div)	prok:b-proteobacteria	100
ptg000069l	27729	27119,285,0,0,0	0	|							|						|						|						|	n/a	repeat	none	0
ptg000070l	77222	75874,627,0,0,0	0	|							|						|						|						|	n/a	repeat	none	0
ptg000071l	731943	702466,266,0,0,0	23139	|	Daphnia magna	35525	anml:crustaceans	23139	23139	375	|	6669	anml:crustaceans	23139	5296	123	|						|						|	n/a	repeat	anml:crustaceans	3
ptg000072l	46752	0,1492,0,0,0	43204	|	Hydromonas sp.	1910925	prok:b-proteobacteria	43159	35001	1321	|	2268024	prok:b-proteobacteria	43159	20492	550	|	1776741	prok:g-proteobacteria	18111	7498	298	|	202951	prok:g-proteobacteria	18111	6328	293	|	n/a	contaminant(div)	prok:b-proteobacteria	92
ptg000073l	30561	0,0,0,0,0	29642	|	Flavobacterium sp. UBA7663	1946557	prok:CFB group bacteria	29642	28231	551	|	295428	prok:CFB group bacteria	29642	27957	547	|	1191523	prok:bacteria	2313	2263	91	|	267850	prok:g-proteobacteria	3968	2865	88	|	n/a	contaminant(div)	prok:CFB group bacteria	97
ptg000074l	566993	85439,456294,0,0,0	53119	|	Daphnia magna	35525	anml:crustaceans	53020	52874	620	|	6669	anml:crustaceans	53020	11272	217	|	3821	plnt:plants	727	727	37	|	1271730	anml:insects	502	502	33	|	n/a	repeat	anml:crustaceans	9
ptg000075l	43296	42950,345,0,0,0	0	|							|						|						|						|	n/a	repeat	none	0
ptg000076l	31470	31411,58,0,0,0	0	|							|						|						|						|	n/a	repeat	none	0
ptg000077l	31159	31158,0,0,0,0	0	|							|						|						|						|	n/a	repeat	none	0
ptg000078l	84194	84065,0,0,0,0	442	|	Meloidogyne exigua	186942	anml:nematodes	442	442	26	|						|						|						|	n/a	repeat	anml:nematodes	1
ptg000079l	36482	36481,0,0,0,0	0	|							|						|						|						|	n/a	repeat	none	0
ptg000080l	55968	6873,49095,0,0,0	0	|							|						|						|						|	n/a	repeat	none	0
ptg000081l	41816	2429,39387,0,0,0	0	|							|						|						|						|	n/a	repeat	none	0
ptg000082l	24997	108,24889,0,0,0	0	|							|						|						|						|	n/a	repeat	none	0
ptg000083l	23925	0,23925,0,0,0	0	|							|						|						|						|	n/a	repeat	none	0
ptg000084l	58211	58142,0,0,0,0	0	|							|						|						|						|	n/a	repeat	none	0
ptg000085l	23125	0,23125,0,0,0	0	|							|						|						|						|	n/a	repeat	none	0
ptg000086l	44791	0,86,0,0,0	44791	|	Hydromonas sp.	1910925	prok:b-proteobacteria	44791	44791	1497	|	2268024	prok:b-proteobacteria	44791	32311	379	|	2602750	prok:proteobacteria	11584	9576	159	|	572265	prok:g-proteobacteria	21948	5067	118	|	n/a	contaminant(div)	prok:b-proteobacteria	100
ptg000087l	39067	10386,40,12320,0,0	25740	|	Daphnia magna	35525	anml:crustaceans	25229	24526	1009	|	7137	anml:insects	19162	14526	730	|	37344	anml:insects	19162	15027	573	|	46514	anml:echinoderms	14511	14120	518	|	n/a	primary-div	anml:crustaceans	65
ptg000088l	21367	0,0,0,0,0	21354	|	Flavobacterium sp. UBA6195	1946554	prok:CFB group bacteria	21354	17470	390	|	2911683	prok:CFB group bacteria	21354	19109	381	|	1157986	prok:g-proteobacteria	3365	1922	88	|	2025884	prok:g-proteobacteria	3365	1789	85	|	n/a	contaminant(div)	prok:CFB group bacteria	100
ptg000089l	25421	0,0,0,0,0	21947	|	Hydromonas sp.	1910925	prok:b-proteobacteria	21808	20060	990	|	1527608	prok:b-proteobacteria	21808	10990	228	|	2907158	prok:g-proteobacteria	8594	2394	86	|	1849582	prok:g-proteobacteria	8594	1935	83	|	n/a	contaminant(div)	prok:b-proteobacteria	86
ptg000090l	20449	0,0,9420,0,0	16450	|	Rotaria magnacalcarata	392030	anml:rotifers	15864	14331	780	|	392033	anml:rotifers	15864	14863	779	|	294128	anml:crustaceans	13727	13460	761	|	7994	anml:fishes	8329	8187	321	|	n/a	primary-div	anml:crustaceans	67
ptg000091l	42624	42395,228,0,0,0	0	|							|						|						|						|	n/a	repeat	none	0
ptg000092l	49535	49249,285,0,0,0	0	|							|						|						|						|	n/a	repeat	none	0
ptg000093l	22281	6497,89,5760,0,0	14204	|	Daphnia magna	35525	anml:crustaceans	13762	13311	728	|	7137	anml:insects	9886	7465	529	|	441921	anml:insects	9886	7477	432	|	6573	anml:molluscs	6164	4711	342	|	n/a	primary-div	anml:crustaceans	62
ptg000094l	22256	5938,0,7280,0,0	14381	|	Daphnia magna	35525	anml:crustaceans	14254	14022	766	|	7137	anml:insects	10712	8032	545	|	362088	anml:insects	10712	8003	423	|	7654	anml:echinoderms	8198	8198	382	|	n/a	primary-div	anml:crustaceans	64
ptg000095l	26344	6111,0,8540,0,0	18250	|	Daphnia magna	35525	anml:crustaceans	17979	17534	848	|	7137	anml:insects	13610	10561	619	|	362088	anml:insects	13610	9867	486	|	46514	anml:echinoderms	10089	9906	436	|	n/a	primary-div	anml:crustaceans	68
ptg000096l	44769	8906,89,17460,0,0	32680	|	Daphnia magna	35525	anml:crustaceans	31954	31275	1140	|	7137	anml:insects	24479	18415	829	|	362088	anml:insects	24479	17946	646	|	6579	anml:molluscs	18694	18039	598	|	n/a	primary-div	anml:crustaceans	71
ptg000097l	25148	3865,286,7260,0,0	19193	|	Daphnia magna	35525	anml:crustaceans	18949	18509	878	|	7137	anml:insects	14478	11492	650	|	362088	anml:insects	14478	11027	503	|	95602	anml:crustaceans	18949	6721	388	|	n/a	primary-div	anml:crustaceans	75
ptg000098l	65207	58928,627,0,0,0	915	|	Sitophilus oryzae	7048	anml:insects	915	915	47	|						|						|						|	n/a	repeat	anml:insects	1
ptg000099l	27074	6767,174,7220,0,0	18049	|	Daphnia magna	35525	anml:crustaceans	17707	17281	847	|	7137	anml:insects	13801	10306	614	|	362088	anml:insects	13801	10192	493	|	95602	anml:crustaceans	17707	5009	355	|	n/a	primary-div	anml:crustaceans	65
ptg000100l	28066	6570,166,8120,0,0	19027	|	Daphnia magna	35525	anml:crustaceans	18758	18312	858	|	7137	anml:insects	13783	10424	615	|	362088	anml:insects	13783	10178	492	|	6579	anml:molluscs	10348	9801	451	|	n/a	primary-div	anml:crustaceans	67
ptg000101l	27016	6779,0,8620,0,0	18224	|	Daphnia magna	35525	anml:crustaceans	17990	17516	846	|	7137	anml:insects	13457	10372	615	|	441921	anml:insects	13457	9928	488	|	46514	anml:echinoderms	10054	9953	436	|	n/a	primary-div	anml:crustaceans	67
ptg000102l	30241	0,0,11580,0,0	22533	|	Daphnia magna	35525	anml:crustaceans	22208	22208	667	|	6669	anml:crustaceans	22208	12686	358	|	69319	anml:insects	12906	10317	208	|	597456	anml:insects	12906	10057	206	|	n/a	primary-div	anml:crustaceans	73
ptg000103l	24857	5184,0,9220,0,0	17661	|	Daphnia magna	35525	anml:crustaceans	17404	16959	834	|	7137	anml:insects	13086	9762	605	|	362088	anml:insects	13086	9572	479	|	6579	anml:molluscs	9808	9452	442	|	n/a	primary-div	anml:crustaceans	70
ptg000104l	25800	5561,162,7920,0,0	18165	|	Daphnia magna	35525	anml:crustaceans	17917	17445	847	|	7137	anml:insects	13568	10306	621	|	362088	anml:insects	13568	9941	487	|	6579	anml:molluscs	10413	9838	450	|	n/a	primary-div	anml:crustaceans	69
ptg000105l	24672	3865,178,7240,0,0	18545	|	Daphnia magna	35525	anml:crustaceans	18266	17814	862	|	7137	anml:insects	13958	10504	617	|	441921	anml:insects	13958	10403	492	|	95602	anml:crustaceans	18266	4827	339	|	n/a	primary-div	anml:crustaceans	74
ptg000106l	32107	8100,100,9240,0,0	21702	|	Daphnia magna	35525	anml:crustaceans	21385	20887	940	|	7137	anml:insects	16769	13029	687	|	37344	anml:insects	16769	13195	532	|	95602	anml:crustaceans	21385	7795	425	|	n/a	primary-div	anml:crustaceans	67
ptg000107l	18989	5821,89,5400,0,0	12014	|	Daphnia magna	35525	anml:crustaceans	11703	11312	672	|	7137	anml:insects	8479	6553	492	|	37344	anml:insects	8479	6939	415	|	95602	anml:crustaceans	11703	4450	330	|	n/a	primary-div	anml:crustaceans	62
ptg000108l	17398	2841,94,5200,0,0	12464	|	Daphnia magna	35525	anml:crustaceans	12284	11858	696	|	7137	anml:insects	9083	7111	513	|	37344	anml:insects	9083	7038	423	|	95602	anml:crustaceans	12284	4415	330	|	n/a	primary-div	anml:crustaceans	71
ptg000109l	21262	2216,186,7800,0,0	17517	|	Daphnia magna	35525	anml:crustaceans	17217	16747	841	|	7137	anml:insects	13745	10333	620	|	362088	anml:insects	13745	10211	492	|	6579	anml:molluscs	10436	9892	452	|	n/a	primary-div	anml:crustaceans	81
ptg000110l	25699	7444,78,7320,0,0	16498	|	Daphnia magna	35525	anml:crustaceans	16083	15610	810	|	7137	anml:insects	12165	9382	593	|	362088	anml:insects	12165	9214	460	|	95602	anml:crustaceans	16083	5811	375	|	n/a	primary-div	anml:crustaceans	63
ptg000111l	22628	5938,71,6300,0,0	15054	|	Daphnia magna	35525	anml:crustaceans	14907	14632	782	|	7137	anml:insects	11263	8581	561	|	362088	anml:insects	11263	8460	447	|	95602	anml:crustaceans	14907	4627	325	|	n/a	primary-div	anml:crustaceans	66
ptg000112l	32243	0,0,8960,0,0	23751	|	Daphnia magna	35525	anml:crustaceans	23334	23172	644	|	6669	anml:crustaceans	23334	11088	331	|	110193	anml:insects	11524	9464	206	|	597456	anml:insects	11524	8330	185	|	n/a	primary-div	anml:crustaceans	72
