##[["GX taxonomy analysis report", 3, 1], {"git-rev": "v0.5.5-0-g0bda491", "run-date": "Mon Jun 16 08:07:13 2025", "db": {"build-date": "2023-01-24", "seqs": 3025824, "Gbp": 709.264}, "run-info": {"agg-cvg": 0.584936, "asserted-div": "anml:crustaceans", "inferred-primary-divs": ["anml:crustaceans", "anml:insects"], "corrected-primary-divs": ["anml:crustaceans", "anml:insects"], "genome-hash": "ccca35129143dfd0"}}]
#seq-id	seq-len	(xp,lc,co,n,mt,pt,pm)-len	cvg-by-all	sep1	tax-name-1	tax-id-1	div-1	cvg-by-div-1	cvg-by-tax-1	score-1	sep2	tax-id-2	div-2	cvg-by-div-2	cvg-by-tax-2	score-2	sep3	tax-id-3	div-3	cvg-by-div-3	cvg-by-tax-3	score-3	sep4	tax-id-4	div-4	cvg-by-div-4	cvg-by-tax-4	score-4	sep5	reserved	result	div	div_pct_cvg
ptg000001l	3673704	1068926,177303,21100,0,0,0,0	1900664	|	Daphnia magna	35525	anml:crustaceans	1785440	1673469	4071	|	6669	anml:crustaceans	1785440	1049422	2484	|	110193	anml:insects	262105	21484	238	|	470939	anml:insects	262105	16743	236	|	n/a	primary-div	anml:crustaceans	49
ptg000002l	2206474	106285,132422,27060,0,0,0,0	1521973	|	Daphnia magna	35525	anml:crustaceans	1444268	1378034	3519	|	6669	anml:crustaceans	1444268	932349	2425	|	63433	anml:insects	256320	31193	288	|	121224	anml:insects	256320	33089	277	|	n/a	primary-div	anml:crustaceans	65
ptg000003l	10252035	4524537,174699,32500,0,0,0,0	5687733	|	Daphnia magna	35525	anml:crustaceans	5512753	5295634	7827	|	6669	anml:crustaceans	5512753	2095661	3893	|	69319	anml:insects	476772	33285	308	|	460826	anml:insects	476772	34536	293	|	n/a	primary-div	anml:crustaceans	54
ptg000004l	11828276	1376385,405801,96680,0,0,0,0	8339508	|	Daphnia magna	35525	anml:crustaceans	8006895	7667665	8922	|	6669	anml:crustaceans	8006895	4180200	5310	|	189513	anml:insects	1139440	116255	551	|	69319	anml:insects	1139440	84861	512	|	n/a	primary-div	anml:crustaceans	68
ptg000005l	1724989	1485533,6609,0,0,0,0,0	584788	|	Daphnia magna	35525	anml:crustaceans	567673	538410	2301	|	6669	anml:crustaceans	567673	124164	874	|	3847	plnt:plants	17145	8645	100	|	29780	plnt:plants	17145	5748	86	|	n/a	repeat	anml:crustaceans	33
ptg000006l	3894997	1351362,42640,17760,0,0,0,0	2766149	|	Daphnia magna	35525	anml:crustaceans	2689532	2590936	5754	|	6669	anml:crustaceans	2689532	942986	2720	|	7137	anml:insects	162918	9265	348	|	42636	anml:fishes	34144	6755	214	|	n/a	primary-div	anml:crustaceans	69
ptg000007l	15743309	7460183,284472,60960,0,0,0,0	8305037	|	Daphnia magna	35525	anml:crustaceans	8026635	7719252	9467	|	6669	anml:crustaceans	8026635	2957756	4503	|	7224	anml:insects	587968	34946	344	|	30033	anml:insects	587968	31373	338	|	n/a	primary-div	anml:crustaceans	51
ptg000008l	2436753	1141576,12829,2560,0,0,0,0	1585487	|	Daphnia magna	35525	anml:crustaceans	1539061	1435315	4515	|	6669	anml:crustaceans	1539061	502439	2055	|	116153	anml:insects	66378	9718	149	|	470939	anml:insects	66378	9290	146	|	n/a	primary-div	anml:crustaceans	63
ptg000009l	6431533	3797650,51119,700,0,0,0,0	3314009	|	Daphnia magna	35525	anml:crustaceans	3260708	3149683	6344	|	6669	anml:crustaceans	3260708	1020088	2965	|	7176	anml:insects	50302	6450	138	|	136037	anml:insects	50302	7486	137	|	n/a	repeat	anml:crustaceans	51
ptg000010l	14195205	4348998,248011,40420,0,0,0,0	9206564	|	Daphnia magna	35525	anml:crustaceans	8877046	8456714	10461	|	6669	anml:crustaceans	8877046	3519095	5178	|	72781	anml:insects	744972	41469	336	|	2014036	anml:insects	744972	33738	325	|	n/a	primary-div	anml:crustaceans	63
ptg000011l	8405397	2537500,242572,27100,0,0,0,0	5777174	|	Daphnia magna	35525	anml:crustaceans	5584914	5357458	7731	|	6669	anml:crustaceans	5584914	2526898	4229	|	460826	anml:insects	556903	34230	316	|	64793	anml:insects	556903	29635	314	|	n/a	primary-div	anml:crustaceans	66
ptg000012l	13213566	5541821,264184,29240,0,0,0,0	8263136	|	Daphnia magna	35525	anml:crustaceans	8016661	7695462	9677	|	6669	anml:crustaceans	8016661	2890604	4540	|	32391	anml:insects	560677	48232	335	|	63436	anml:insects	560677	38834	313	|	n/a	primary-div	anml:crustaceans	61
ptg000013l	3648522	134650,212911,36760,0,0,0,0	2600742	|	Daphnia magna	35525	anml:crustaceans	2470972	2328177	4555	|	6669	anml:crustaceans	2470972	1546793	3146	|	7222	anml:insects	489116	40676	345	|	189513	anml:insects	489116	40002	332	|	n/a	primary-div	anml:crustaceans	68
ptg000014l	4828596	2552282,96464,10600,0,0,0,0	2774259	|	Daphnia magna	35525	anml:crustaceans	2700368	2588486	5782	|	6669	anml:crustaceans	2700368	848728	2624	|	69319	anml:insects	146722	12576	185	|	7217	anml:insects	146722	11707	183	|	n/a	primary-div	anml:crustaceans	56
ptg000015l	10454894	2686688,208107,54140,0,0,0,0	7083458	|	Daphnia magna	35525	anml:crustaceans	6850027	6547843	8550	|	6669	anml:crustaceans	6850027	2960807	4450	|	7176	anml:insects	606977	37083	371	|	7160	anml:insects	606977	37476	370	|	n/a	primary-div	anml:crustaceans	66
ptg000016l	925166	34606,63577,9760,0,0,0,0	613581	|	Daphnia magna	35525	anml:crustaceans	574161	532642	2133	|	6669	anml:crustaceans	574161	394784	1555	|	161013	anml:insects	135236	9098	168	|	7070	anml:insects	135236	10875	163	|	n/a	primary-div	anml:crustaceans	62
ptg000017l	6245685	1849962,117734,13560,0,0,0,0	4467148	|	Daphnia magna	35525	anml:crustaceans	4351794	4183583	7294	|	6669	anml:crustaceans	4351794	1797896	3576	|	7454	anml:insects	300500	23049	241	|	29053	anml:insects	300500	19551	236	|	n/a	primary-div	anml:crustaceans	70
ptg000018l	1510141	489502,20348,3400,0,0,0,0	987562	|	Daphnia magna	35525	anml:crustaceans	951151	899896	3739	|	6669	anml:crustaceans	951151	358574	1725	|	170555	anml:insects	84747	8171	137	|	30207	anml:insects	84747	6437	125	|	n/a	primary-div	anml:crustaceans	63
ptg000019l	7169293	1876023,274861,40360,0,0,0,0	4686715	|	Daphnia magna	35525	anml:crustaceans	4517452	4299432	6464	|	6669	anml:crustaceans	4517452	2216734	3717	|	470939	anml:insects	496358	52160	395	|	2065413	anml:insects	496358	40592	337	|	n/a	primary-div	anml:crustaceans	63
ptg000020l~~1..558953	558953	523833,3868,0,0,0,0,0	94533	|	Daphnia magna	35525	anml:crustaceans	93826	89996	831	|	6669	anml:crustaceans	93826	17968	505	|	6087	anml:basal metazoans	1497	1497	50	|	8049	anml:fishes	742	742	37	|	n/a	repeat	anml:crustaceans	17
ptg000020l~~558954..561468	2515	0,0,0,0,0,0,0	2471	|	Gadus morhua	8049	anml:fishes	2222	2222	116	|	6087	anml:basal metazoans	2471	2471	111	|	170555	anml:insects	1078	1078	71	|	70543	anml:fishes	2222	497	56	|	n/a	same-kingdom-chimeric	anml:fishes	88
ptg000020l~~561469..813874	252406	205183,4123,0,0,0,0,0	111361	|	Daphnia magna	35525	anml:crustaceans	109928	107697	1022	|	6669	anml:crustaceans	109928	10088	208	|	7757	anml:fishes	2206	1112	35	|	8049	anml:fishes	2206	1094	34	|	n/a	repeat	anml:crustaceans	44
ptg000020l~~813875..816228	2354	0,0,0,0,0,0,0	2346	|	Gadus morhua	8049	anml:fishes	2324	2324	116	|	6087	anml:basal metazoans	2217	2217	111	|	70543	anml:fishes	2324	1183	80	|	170555	anml:insects	1078	1078	70	|	n/a	same-kingdom-chimeric	anml:fishes	99
ptg000020l~~816229..1010116	193888	148013,2402,0,0,0,0,0	118703	|	Daphnia magna	35525	anml:crustaceans	116511	113774	1020	|	6669	anml:crustaceans	116511	25482	315	|	6087	anml:basal metazoans	3338	3338	64	|	2777116	anml:nematodes	1364	1364	44	|	n/a	repeat	anml:crustaceans	60
ptg000020l~~1010117..1012614	2498	0,0,0,0,0,0,0	2498	|	Gadus morhua	8049	anml:fishes	2350	2350	117	|	6087	anml:basal metazoans	2488	2488	116	|	70543	anml:fishes	2350	1183	81	|	170555	anml:insects	1078	1078	70	|	n/a	same-kingdom-chimeric	anml:fishes	94
ptg000020l~~1012615..1812899	800285	698328,7773,0,0,0,0,0	277625	|	Daphnia magna	35525	anml:crustaceans	268120	257374	1635	|	6669	anml:crustaceans	268120	58004	553	|	6087	anml:basal metazoans	8822	8822	143	|	8049	anml:fishes	5515	5515	133	|	n/a	repeat	anml:crustaceans	34
ptg000020l~~1812900..1815507	2608	0,0,0,0,0,0,0	2562	|	Gadus morhua	8049	anml:fishes	2414	2414	119	|	6087	anml:basal metazoans	2533	2533	117	|	170555	anml:insects	1078	1078	71	|	70543	anml:fishes	2414	497	56	|	n/a	same-kingdom-chimeric	anml:fishes	93
ptg000020l~~1815508..1913001	97494	79665,590,0,0,0,0,0	52065	|	Daphnia magna	35525	anml:crustaceans	50432	48688	696	|	6669	anml:crustaceans	50432	6646	192	|	6087	anml:basal metazoans	3274	3274	63	|	8049	anml:fishes	848	848	32	|	n/a	repeat	anml:crustaceans	52
ptg000020l~~1913002..1915609	2608	0,0,0,0,0,0,0	2562	|	Gadus morhua	8049	anml:fishes	2414	2414	119	|	6087	anml:basal metazoans	2533	2533	117	|	170555	anml:insects	1078	1078	71	|	70543	anml:fishes	2414	497	56	|	n/a	same-kingdom-chimeric	anml:fishes	93
ptg000020l~~1915610..3551708	1636099	1059779,8180,0,0,0,0,0	878950	|	Daphnia magna	35525	anml:crustaceans	853302	823041	3155	|	6669	anml:crustaceans	853302	240443	1319	|	6087	anml:basal metazoans	9440	9440	148	|	8049	anml:fishes	16628	5977	134	|	n/a	repeat	anml:crustaceans	52
ptg000021l	3228324	1230011,17137,2300,0,0,0,0	2269074	|	Daphnia magna	35525	anml:crustaceans	2222630	2127348	5394	|	6669	anml:crustaceans	2222630	763845	2479	|	197043	anml:insects	75954	7199	133	|	177089	anml:insects	75954	5748	128	|	n/a	primary-div	anml:crustaceans	69
ptg000022c	524355	463954,3668,0,0,0,0,0	120581	|	Daphnia magna	35525	anml:crustaceans	117469	113708	1180	|	6669	anml:crustaceans	117469	25463	344	|	71139	plnt:plants	1844	1844	48	|	8030	anml:fishes	1702	1518	45	|	n/a	repeat	anml:crustaceans	22
ptg000023l	2488779	877699,98898,13300,0,0,0,0	1294787	|	Daphnia magna	35525	anml:crustaceans	1216739	1149303	3613	|	6669	anml:crustaceans	1216739	579463	1835	|	2014036	anml:insects	138040	13950	200	|	30019	anml:insects	138040	9926	183	|	n/a	primary-div	anml:crustaceans	49
ptg000024l	8384064	1170648,337795,61300,0,0,0,0	5970764	|	Daphnia magna	35525	anml:crustaceans	5746635	5490992	7431	|	6669	anml:crustaceans	5746635	3070172	4456	|	189513	anml:insects	814458	58806	405	|	161013	anml:insects	814458	49181	398	|	n/a	primary-div	anml:crustaceans	69
ptg000025l	3776012	2704177,17739,1100,0,0,0,0	1571417	|	Daphnia magna	35525	anml:crustaceans	1519528	1464210	4385	|	6669	anml:crustaceans	1519528	435668	2068	|	543639	anml:insects	64388	15900	186	|	6087	anml:basal metazoans	10614	8003	135	|	n/a	repeat	anml:crustaceans	40
ptg000026l	351439	338685,695,0,0,0,0,0	48759	|	Daphnia magna	35525	anml:crustaceans	39968	37497	750	|	6669	anml:crustaceans	39968	10407	215	|	931172	anml:insects	5010	2462	73	|	7130	anml:insects	5010	2548	69	|	n/a	repeat	anml:crustaceans	11
ptg000027l~~1..217934	217934	195450,2602,0,0,0,0,0	81729	|	Daphnia magna	35525	anml:crustaceans	81103	74048	909	|	6669	anml:crustaceans	81103	28568	359	|	6579	anml:molluscs	777	777	30	|	6087	anml:basal metazoans	599	599	26	|	n/a	repeat	anml:crustaceans	37
ptg000027l~~217935..220618	2684	0,0,0,0,0,0,0	2627	|	Gadus morhua	8049	anml:fishes	2328	2328	119	|	6087	anml:basal metazoans	2284	2284	108	|	170555	anml:insects	1078	1078	71	|	70543	anml:fishes	2328	497	56	|	n/a	same-kingdom-chimeric	anml:fishes	87
ptg000027l~~220619..766856	546238	496077,2445,0,0,0,0,0	171255	|	Daphnia magna	35525	anml:crustaceans	168105	162720	1179	|	6669	anml:crustaceans	168105	43757	545	|	6087	anml:basal metazoans	2285	2285	52	|	70543	anml:fishes	4224	1454	42	|	n/a	repeat	anml:crustaceans	31
ptg000027l~~766857..769089	2233	0,0,0,0,0,0,0	2233	|	Gadus morhua	8049	anml:fishes	2180	2171	116	|	70543	anml:fishes	2180	2180	113	|	6087	anml:basal metazoans	2040	2040	106	|	170555	anml:insects	1078	1078	71	|	n/a	same-kingdom-chimeric	anml:fishes	98
ptg000027l~~769090..1100116	331027	287610,3181,0,0,0,0,0	131790	|	Daphnia magna	35525	anml:crustaceans	129129	121277	1095	|	6669	anml:crustaceans	129129	39720	401	|	6087	anml:basal metazoans	1313	1313	48	|	6579	anml:molluscs	1438	1438	43	|	n/a	repeat	anml:crustaceans	39
ptg000028l	523239	225991,1814,380,0,0,0,0	415963	|	Daphnia magna	35525	anml:crustaceans	412523	399533	2154	|	6669	anml:crustaceans	412523	128121	1019	|	30069	anml:insects	13898	5372	108	|	7048	anml:insects	13898	2358	72	|	n/a	primary-div	anml:crustaceans	79
ptg000029l	1425405	1355462,2368,0,0,0,0,0	120784	|	Daphnia magna	35525	anml:crustaceans	117185	111969	1807	|	6669	anml:crustaceans	117185	17063	458	|	13397	anml:fishes	3501	3501	65	|	2743191	anml:echinoderms	1464	1464	41	|	n/a	repeat	anml:crustaceans	8
ptg000030l	4776957	836497,242656,27500,0,0,0,0	3305787	|	Daphnia magna	35525	anml:crustaceans	3185672	3048520	5901	|	6669	anml:crustaceans	3185672	1562476	3214	|	561572	anml:insects	361315	30289	282	|	224129	anml:insects	361315	26882	268	|	n/a	primary-div	anml:crustaceans	67
ptg000031l	710909	670312,1474,0,0,0,0,0	88127	|	Daphnia magna	35525	anml:crustaceans	84685	76307	1136	|	6669	anml:crustaceans	84685	17371	244	|	6454	anml:molluscs	1864	1864	45	|	3562	plnt:plants	1568	1568	43	|	n/a	repeat	anml:crustaceans	12
ptg000032l	2589773	2247490,4823,600,0,0,0,0	551135	|	Daphnia magna	35525	anml:crustaceans	532994	487123	2263	|	6669	anml:crustaceans	532994	160167	1385	|	1746091	prst:protists	4540	4540	77	|	6252	anml:nematodes	6309	4062	68	|	n/a	repeat	anml:crustaceans	21
ptg000033l	188679	186818,1861,0,0,0,0,0	0	|							|						|						|						|	n/a	repeat	none	0
ptg000034l	1284528	86439,88663,8180,0,0,0,0	667937	|	Daphnia magna	35525	anml:crustaceans	599846	554550	2163	|	6669	anml:crustaceans	599846	356520	1419	|	116153	anml:insects	135631	12627	187	|	104688	anml:insects	135631	9428	171	|	n/a	primary-div	anml:crustaceans	47
ptg000035l	2774161	428213,74742,12060,0,0,0,0	1958727	|	Daphnia magna	35525	anml:crustaceans	1887464	1809745	4463	|	6669	anml:crustaceans	1887464	866490	2419	|	189513	anml:insects	229372	28365	269	|	69319	anml:insects	229372	16886	214	|	n/a	primary-div	anml:crustaceans	68
ptg000036l	4573008	218887,232620,39360,0,0,0,0	3103884	|	Daphnia magna	35525	anml:crustaceans	2908178	2739408	5016	|	6669	anml:crustaceans	2908178	1850025	3384	|	7167	anml:insects	602130	47698	407	|	43151	anml:insects	602130	40417	390	|	n/a	primary-div	anml:crustaceans	64
ptg000037l	377731	348463,809,0,0,0,0,0	82377	|	Daphnia magna	35525	anml:crustaceans	80358	74210	1153	|	6669	anml:crustaceans	80358	24630	372	|	3988	plnt:plants	2778	2778	57	|	8030	anml:fishes	1666	1666	45	|	n/a	repeat	anml:crustaceans	21
ptg000038l~~1..1607309	1607309	898773,5762,140,0,0,0,0	991938	|	Daphnia magna	35525	anml:crustaceans	968644	930248	3336	|	6669	anml:crustaceans	968644	263804	1320	|	684658	anml:insects	15940	4063	90	|	79782	anml:insects	15940	2902	82	|	n/a	primary-div	anml:crustaceans	60
ptg000038l~~1607310..1609777	2468	0,0,0,0,0,0,0	2468	|	Gadus morhua	8049	anml:fishes	2308	2287	117	|	70543	anml:fishes	2308	2222	114	|	6087	anml:basal metazoans	2468	2468	114	|	170555	anml:insects	1190	1190	70	|	n/a	same-kingdom-chimeric	anml:fishes	94
ptg000038l~~1609778..1978664	368887	311499,3464,240,0,0,0,0	160941	|	Daphnia magna	35525	anml:crustaceans	155513	152448	1242	|	6669	anml:crustaceans	155513	32080	414	|	6087	anml:basal metazoans	5774	5556	86	|	70543	anml:fishes	7028	3740	65	|	n/a	repeat	anml:crustaceans	42
ptg000038l~~1978665..1981098	2434	0,0,0,0,0,0,0	2434	|	Gadus morhua	8049	anml:fishes	2310	2301	118	|	70543	anml:fishes	2310	2224	114	|	6087	anml:basal metazoans	2434	2434	114	|	170555	anml:insects	1078	1078	71	|	n/a	same-kingdom-chimeric	anml:fishes	95
ptg000038l~~1981099..3457896	1476798	1391828,6943,0,0,0,0,0	235425	|	Daphnia magna	35525	anml:crustaceans	233573	219887	1742	|	6669	anml:crustaceans	233573	71108	1039	|	1271730	anml:insects	2157	2157	50	|	2777116	anml:nematodes	774	774	31	|	n/a	repeat	anml:crustaceans	16
ptg000039l	999454	38787,73137,10180,0,0,0,0	527058	|	Daphnia magna	35525	anml:crustaceans	483110	443439	1949	|	6669	anml:crustaceans	483110	315529	1359	|	133065	anml:insects	87220	10314	205	|	7227	anml:insects	87220	8722	196	|	n/a	primary-div	anml:crustaceans	48
ptg000040l	1326474	659865,12686,220,0,0,0,0	934354	|	Daphnia magna	35525	anml:crustaceans	918592	884941	2887	|	6669	anml:crustaceans	918592	237285	1073	|	450367	prok:firmicutes	8167	7517	95	|	158386	plnt:plants	10438	5264	84	|	n/a	primary-div	anml:crustaceans	69
ptg000041l	3158544	134975,185641,17280,0,0,0,0	2146540	|	Daphnia magna	35525	anml:crustaceans	2024485	1902780	4102	|	6669	anml:crustaceans	2024485	1256041	2844	|	470939	anml:insects	355671	19148	274	|	83485	anml:insects	355671	26512	273	|	n/a	primary-div	anml:crustaceans	64
ptg000042l	1896562	64946,101212,28740,0,0,0,0	1200492	|	Daphnia magna	35525	anml:crustaceans	1114380	1045969	2998	|	6669	anml:crustaceans	1114380	753341	2121	|	1518534	anml:insects	223293	18165	290	|	7230	anml:insects	223293	21583	284	|	n/a	primary-div	anml:crustaceans	59
ptg000043l	192166	65061,923,31940,0,0,0,0	79962	|	Daphnia magna	35525	anml:crustaceans	70861	67268	1650	|	7137	anml:insects	66674	53139	1342	|	63433	anml:insects	66674	49268	1024	|	6579	anml:molluscs	53970	49988	934	|	n/a	primary-div	anml:crustaceans	37
ptg000044l	50036	14035,256,10160,0,0,0,0	24007	|	Daphnia magna	35525	anml:crustaceans	20628	19791	892	|	7137	anml:insects	20077	15921	723	|	441921	anml:insects	20077	15536	546	|	96803	anml:crustaceans	20628	11887	444	|	n/a	primary-div	anml:crustaceans	41
ptg000045l	3363023	917412,47190,7960,0,0,0,0	1961549	|	Daphnia magna	35525	anml:crustaceans	1887884	1775604	5066	|	6669	anml:crustaceans	1887884	801172	2342	|	197043	anml:insects	150522	13877	160	|	743375	anml:insects	150522	11144	159	|	n/a	primary-div	anml:crustaceans	56
ptg000046l	1661649	1616064,4306,0,0,0,0,0	109137	|	Daphnia magna	35525	anml:crustaceans	97954	96096	815	|	243955	anml:nematodes	7922	7922	95	|	6706	anml:crustaceans	97954	2044	49	|	9483	anml:primates	1740	1740	47	|	n/a	repeat	anml:crustaceans	6
ptg000047l	632636	594571,1065,0,0,0,0,0	111680	|	Daphnia magna	35525	anml:crustaceans	109892	104765	1440	|	6669	anml:crustaceans	109892	12932	250	|	13397	anml:fishes	2161	2161	52	|						|	n/a	repeat	anml:crustaceans	17
ptg000048l	363044	348819,876,0,0,0,0,0	24905	|	Daphnia magna	35525	anml:crustaceans	24905	24806	861	|	6669	anml:crustaceans	24905	364	48	|						|						|	n/a	repeat	anml:crustaceans	7
ptg000049l	705226	639982,4098,0,0,0,0,0	302614	|	Daphnia magna	35525	anml:crustaceans	290076	275000	1987	|	6669	anml:crustaceans	290076	54652	571	|	260995	anml:amphibians	5905	5905	84	|	6465	anml:molluscs	3110	1895	48	|	n/a	repeat	anml:crustaceans	41
ptg000050l	2730493	850004,85415,16360,0,0,0,0	1627192	|	Daphnia magna	35525	anml:crustaceans	1545421	1452655	4310	|	6669	anml:crustaceans	1545421	723889	2322	|	7137	anml:insects	195265	11146	303	|	7260	anml:insects	195265	18956	264	|	n/a	primary-div	anml:crustaceans	57
ptg000051l	375625	357727,797,0,0,0,0,0	82871	|	Daphnia magna	35525	anml:crustaceans	80236	78054	1044	|	6669	anml:crustaceans	80236	11954	220	|	243955	anml:nematodes	1988	1988	49	|	8030	anml:fishes	1271	1271	40	|	n/a	repeat	anml:crustaceans	21
ptg000052l	106936	99925,751,0,0,0,0,0	23897	|	Daphnia magna	35525	anml:crustaceans	21820	19197	668	|	6669	anml:crustaceans	21820	6374	185	|	8030	anml:fishes	2487	2487	53	|						|	n/a	repeat	anml:crustaceans	20
ptg000053l	53144	987,4080,0,0,0,0,0	26396	|	Daphnia magna	35525	anml:crustaceans	25347	24493	418	|	6669	anml:crustaceans	25347	14118	281	|	6573	anml:molluscs	1308	1308	38	|	1443074	fung:budding yeasts	344	344	21	|	n/a	primary-div	anml:crustaceans	48
ptg000054l~~1..206744	206744	50728,863,2180,0,0,0,0	166930	|	Daphnia magna	35525	anml:crustaceans	160609	158440	1478	|	6669	anml:crustaceans	160609	49905	816	|	1188115	anml:insects	22152	8198	137	|	2014036	anml:insects	22152	7638	136	|	n/a	primary-div	anml:crustaceans	78
ptg000054l~~206745..209093	2349	0,0,80,0,0,0,0	2317	|	Gadus morhua	8049	anml:fishes	2230	2214	116	|	6087	anml:basal metazoans	2029	2029	105	|	45954	anml:molluscs	2051	2051	92	|	70543	anml:fishes	2230	1187	77	|	n/a	same-kingdom-chimeric	anml:fishes	95
ptg000054l~~209094..250179	41086	17439,336,0,0,0,0,0	33776	|	Daphnia magna	35525	anml:crustaceans	33367	32681	782	|	6669	anml:crustaceans	33367	10693	366	|	6087	anml:basal metazoans	1237	1237	41	|	45954	anml:molluscs	370	370	22	|	n/a	primary-div	anml:crustaceans	81
ptg000055l	1441390	1226024,3301,0,0,0,0,0	531471	|	Daphnia magna	35525	anml:crustaceans	519034	482010	2248	|	6669	anml:crustaceans	519034	129015	993	|	13397	anml:fishes	7335	4612	76	|	51298	anml:mammals	3071	3071	61	|	n/a	repeat	anml:crustaceans	36
ptg000056l	239366	235601,3764,0,0,0,0,0	0	|							|						|						|						|	n/a	repeat	none	0
ptg000057l	96082	94906,772,0,0,0,0,0	0	|							|						|						|						|	n/a	repeat	none	0
ptg000058l	262725	195571,428,0,0,0,0,0	143245	|	Daphnia magna	35525	anml:crustaceans	141669	138828	1346	|	6669	anml:crustaceans	141669	29106	544	|	6579	anml:molluscs	1522	1522	42	|	8030	anml:fishes	1111	1111	37	|	n/a	repeat	anml:crustaceans	54
ptg000059l	140613	138538,2075,0,0,0,0,0	0	|							|						|						|						|	n/a	repeat	none	0
ptg000060c	54133	0,0,15480,0,0,0,0	48126	|	Daphnia magna	35525	anml:crustaceans	45406	44872	533	|	6669	anml:crustaceans	45406	43592	493	|	7159	anml:insects	46542	40273	378	|	28612	anml:insects	46542	42785	378	|	n/a	primary-div	anml:crustaceans	84
ptg000061l	75829	30796,270,10500,0,0,0,0	32404	|	Daphnia magna	35525	anml:crustaceans	28853	27888	961	|	7137	anml:insects	22804	17766	770	|	441921	anml:insects	22804	17741	606	|	96803	anml:crustaceans	28853	15256	516	|	n/a	repeat	anml:crustaceans	38
ptg000062l	60578	22191,267,9820,0,0,0,0	24543	|	Daphnia magna	35525	anml:crustaceans	21011	20218	895	|	7137	anml:insects	19970	16110	730	|	441921	anml:insects	19970	15470	542	|	6579	anml:molluscs	18208	14573	525	|	n/a	repeat	anml:crustaceans	35
ptg000063l	42788	14687,178,7240,0,0,0,0	17398	|	Daphnia magna	35525	anml:crustaceans	15191	14674	767	|	7137	anml:insects	13772	11692	628	|	362088	anml:insects	13772	10644	486	|	96803	anml:crustaceans	15191	8352	390	|	n/a	primary-div	anml:crustaceans	36
ptg000064l	24430	7220,178,4300,0,0,0,0	11857	|	Daphnia magna	35525	anml:crustaceans	9958	9482	625	|	7137	anml:insects	9590	7609	508	|	370036	anml:insects	9590	6870	357	|	96803	anml:crustaceans	9958	6249	321	|	n/a	primary-div	anml:crustaceans	41
ptg000065l	284382	280489,3760,0,0,0,0,0	0	|							|						|						|						|	n/a	repeat	none	0
ptg000066l	61830	51854,116,0,0,0,0,0	34478	|	Daphnia magna	35525	anml:crustaceans	33807	32826	621	|	6669	anml:crustaceans	33807	9480	191	|	3914	plnt:plants	1106	1106	37	|	33562	anml:marsupials	108	108	13	|	n/a	repeat	anml:crustaceans	55
ptg000067l	460006	439846,1169,0,0,0,0,0	53142	|	Daphnia magna	35525	anml:crustaceans	51943	45402	1105	|	6669	anml:crustaceans	51943	21724	600	|	2761625	anml:nematodes	1144	1144	38	|	13397	anml:fishes	686	686	27	|	n/a	repeat	anml:crustaceans	11
ptg000068l	620645	598705,964,0,0,0,0,0	77892	|	Daphnia magna	35525	anml:crustaceans	75736	73286	1086	|	6669	anml:crustaceans	75736	4910	125	|	13397	anml:fishes	2262	2262	51	|						|	n/a	repeat	anml:crustaceans	12
ptg000069l	844176	802018,3490,0,0,0,0,0	67443	|	Daphnia magna	35525	anml:crustaceans	67230	64247	1365	|	6669	anml:crustaceans	67230	20389	772	|	13397	anml:fishes	426	426	22	|	6850	anml:insects	164	164	14	|	n/a	repeat	anml:crustaceans	8
ptg000070l	332395	316438,498,0,0,0,0,0	19492	|	Daphnia magna	35525	anml:crustaceans	19492	18934	827	|	6669	anml:crustaceans	19492	8837	536	|						|						|	n/a	repeat	anml:crustaceans	6
ptg000071l	68591	1958,2130,1040,0,0,0,0	52426	|	Daphnia magna	35525	anml:crustaceans	51388	49826	664	|	6669	anml:crustaceans	51388	25176	379	|	9305	anml:marsupials	2060	1995	66	|	45954	anml:molluscs	2324	2324	64	|	n/a	primary-div	anml:crustaceans	75
ptg000072l	150643	115901,83,4840,0,0,0,0	24091	|	Daphnia magna	35525	anml:crustaceans	18786	18336	635	|	7137	anml:insects	10499	7632	509	|	441921	anml:insects	10499	7603	421	|	6596	anml:molluscs	9104	7128	335	|	n/a	repeat	anml:crustaceans	12
ptg000073l	10474	323,1957,0,0,0,0,0	9340	|	Daphnia magna	35525	anml:crustaceans	9340	9196	320	|	6669	anml:crustaceans	9340	7921	248	|						|						|	n/a	primary-div	anml:crustaceans	89
ptg000074l	28853	7019,0,7460,0,0,0,0	14353	|	Daphnia magna	35525	anml:crustaceans	12729	12013	685	|	7137	anml:insects	11582	9534	560	|	370036	anml:insects	11582	8331	395	|	6579	anml:molluscs	9204	8708	389	|	n/a	primary-div	anml:crustaceans	44
ptg000075l	25456	10685,89,3820,0,0,0,0	9443	|	Daphnia magna	35525	anml:crustaceans	7936	7679	551	|	7137	anml:insects	7374	5799	448	|	441921	anml:insects	7374	5961	352	|	96803	anml:crustaceans	7936	4309	277	|	n/a	repeat	anml:crustaceans	31
ptg000076l	33485	27676,0,0,0,0,0,0	2671	|	Daphnia magna	35525	anml:crustaceans	2671	2671	160	|						|						|						|	n/a	repeat	anml:crustaceans	8
ptg000077l	28576	13846,89,3720,0,0,0,0	9085	|	Daphnia magna	35525	anml:crustaceans	7879	7565	551	|	7137	anml:insects	7757	6143	451	|	362088	anml:insects	7757	5804	350	|	667381	anml:rotifers	5268	5140	294	|	n/a	repeat	anml:crustaceans	28
ptg000078l	140249	139982,267,0,0,0,0,0	0	|							|						|						|						|	n/a	repeat	none	0
ptg000079l	15293	0,0,0,0,0,0,0	15266	|	Flavobacterium tibetense	2233533	prok:CFB group bacteria	15266	15117	635	|	1946557	prok:CFB group bacteria	15266	14453	393	|						|						|	n/a	contaminant(div)	prok:CFB group bacteria	100
ptg000080l	38117	14295,388,5860,0,0,0,0	16379	|	Daphnia magna	35525	anml:crustaceans	14790	13999	759	|	7137	anml:insects	13847	11034	614	|	441921	anml:insects	13847	11368	476	|	96803	anml:crustaceans	14790	8474	386	|	n/a	primary-div	anml:crustaceans	39
ptg000081l	15165	895,68,3700,0,0,0,0	8647	|	Daphnia magna	35525	anml:crustaceans	7676	7467	548	|	7137	anml:insects	7235	5886	445	|	362088	anml:insects	7235	5675	350	|	667381	anml:rotifers	5211	5070	308	|	n/a	primary-div	anml:crustaceans	51
ptg000082l	20059	19406,0,0,0,0,0,0	1788	|	Bradysia coprophila	38358	anml:insects	798	798	33	|	46867	prok:firmicutes	658	658	31	|	4097	plnt:plants	716	582	28	|	3483	plnt:plants	716	342	21	|	n/a	repeat	anml:insects	4
ptg000083l	50831	2790,5165,0,0,0,0,0	37033	|	Daphnia magna	35525	anml:crustaceans	34767	31273	559	|	6669	anml:crustaceans	34767	22249	403	|	597456	anml:insects	8109	3878	83	|	561572	anml:insects	8109	2946	74	|	n/a	primary-div	anml:crustaceans	68
ptg000084c	17890	0,0,3920,0,0,0,0	16975	|	Daphnia magna	35525	anml:crustaceans	15069	14831	308	|	6669	anml:crustaceans	15069	14436	285	|	7224	anml:insects	16181	13703	215	|	28588	anml:insects	16181	12321	210	|	n/a	primary-div	anml:crustaceans	84
ptg000085l	35386	10333,89,9280,0,0,0,0	17916	|	Daphnia magna	35525	anml:crustaceans	15814	14928	771	|	7137	anml:insects	14225	11339	628	|	370036	anml:insects	14225	10908	453	|	6579	anml:molluscs	11897	10917	423	|	n/a	primary-div	anml:crustaceans	45
ptg000086l	39857	14040,0,8840,0,0,0,0	15222	|	Daphnia magna	35525	anml:crustaceans	12735	12262	700	|	7137	anml:insects	11629	9595	553	|	370036	anml:insects	11629	8908	430	|	6579	anml:molluscs	10975	8788	411	|	n/a	repeat	anml:crustaceans	32
ptg000087l	22825	0,0,0,0,0,0,0	10692	|	Paracoccus hibiscisoli	2023261	prok:a-proteobacteria	10692	3405	246	|	2665644	prok:a-proteobacteria	10692	5632	191	|	1297121	prok:CFB group bacteria	1807	1807	76	|	596151	prok:d-proteobacteria	186	186	39	|	n/a	contaminant(div)	prok:a-proteobacteria	47
ptg000088l	10214	1081,3158,0,0,0,0,0	3322	|	Daphnia magna	35525	anml:crustaceans	3322	2771	144	|	6669	anml:crustaceans	3322	1878	114	|						|						|	n/a	primary-div	anml:crustaceans	33
ptg000089l	37089	13532,207,6020,0,0,0,0	16339	|	Daphnia magna	35525	anml:crustaceans	14461	13302	723	|	7137	anml:insects	12341	10202	593	|	63433	anml:insects	12341	9960	435	|	6579	anml:molluscs	11835	10251	417	|	n/a	primary-div	anml:crustaceans	39
ptg000090l	39447	0,1071,0,0,0,0,0	39447	|	Paracoccus hibiscisoli	2023261	prok:a-proteobacteria	39447	33138	866	|	59779	prok:a-proteobacteria	39447	24731	782	|	1869339	prok:b-proteobacteria	7053	4986	427	|	1295826	prok:firmicutes	3896	3867	200	|	n/a	contaminant(div)	prok:a-proteobacteria	100
ptg000091l~~1..8260	8260	0,0,0,0,0,0,0	8260	|	Flavobacterium tibetense	2233533	prok:CFB group bacteria	8248	7961	386	|	2897181	prok:CFB group bacteria	8248	7582	251	|	2686250	virs:prokaryotic viruses	709	709	51	|	45513	fung:budding yeasts	501	501	41	|	n/a	contaminant(div)	prok:CFB group bacteria	100
ptg000091l~~8261..16150	7890	0,0,0,0,0,0,0	6355	|	Labanvirus laban	2686250	virs:prokaryotic viruses	6344	6344	192	|	998845	prok:CFB group bacteria	1361	552	27	|	2024526	prok:CFB group bacteria	1361	529	24	|						|	n/a	contaminant(virus)	virs:prokaryotic viruses	80
ptg000092l	23477	0,0,0,0,0,0,0	23477	|	Flavobacterium tibetense	2233533	prok:CFB group bacteria	23477	22712	722	|	1946557	prok:CFB group bacteria	23477	22583	462	|	1191523	prok:bacteria	2592	2592	96	|	1562308	prok:g-proteobacteria	3534	3200	86	|	n/a	contaminant(div)	prok:CFB group bacteria	100
ptg000093l	20902	7018,91,2860,0,0,0,0	8233	|	Daphnia magna	35525	anml:crustaceans	7233	6959	522	|	7137	anml:insects	6406	5467	415	|	441921	anml:insects	6406	5042	336	|	96803	anml:crustaceans	7233	4376	288	|	n/a	primary-div	anml:crustaceans	35
ptg000094l	46226	0,0,0,0,0,0,0	45678	|	Paracoccus hibiscisoli	2023261	prok:a-proteobacteria	45563	31628	701	|	59779	prok:a-proteobacteria	45563	27376	663	|	621374	prok:b-proteobacteria	14081	12249	228	|	347534	prok:g-proteobacteria	21629	15619	224	|	n/a	contaminant(div)	prok:a-proteobacteria	99
ptg000095l	34678	0,0,0,0,0,0,0	34451	|	Limnohabitans sp. Rim8	1100718	prok:b-proteobacteria	34013	31652	727	|	1293045	prok:b-proteobacteria	34013	30713	629	|	2602750	prok:proteobacteria	8488	8304	172	|	1947557	prok:g-proteobacteria	12466	4309	139	|	n/a	contaminant(div)	prok:b-proteobacteria	98
ptg000096l	17900	3185,870,300,0,0,0,0	2334	|	Daphnia magna	35525	anml:crustaceans	1184	832	84	|	33562	anml:marsupials	828	828	32	|	146911	anml:reptiles	541	541	26	|	6728	anml:crustaceans	1184	293	25	|	n/a	repeat	anml:crustaceans	7
ptg000097l	37111	0,0,0,0,0,0,0	37111	|	Paracoccus hibiscisoli	2023261	prok:a-proteobacteria	37111	34930	867	|	453842	prok:a-proteobacteria	37111	35661	798	|	1946932	prok:proteobacteria	11793	10834	167	|	2824119	prok:b-proteobacteria	7756	1941	89	|	n/a	contaminant(div)	prok:a-proteobacteria	100
ptg000098l	37767	14954,178,6700,0,0,0,0	14740	|	Daphnia magna	35525	anml:crustaceans	12828	12314	709	|	7137	anml:insects	12691	9790	566	|	362088	anml:insects	12691	9389	425	|	6579	anml:molluscs	9525	9121	393	|	n/a	repeat	anml:crustaceans	34
ptg000099l	31960	540,100,5700,0,0,0,0	21697	|	Daphnia magna	35525	anml:crustaceans	18789	16942	324	|	6669	anml:crustaceans	18789	9378	240	|	38358	anml:insects	9365	6063	173	|	7137	anml:insects	9365	3116	166	|	n/a	primary-div	anml:crustaceans	59
ptg000100c	17926	0,0,2640,0,0,0,0	16938	|	Daphnia magna	35525	anml:crustaceans	15096	14863	308	|	6669	anml:crustaceans	15096	14416	285	|	198719	anml:insects	16334	13361	221	|	7245	anml:insects	16334	13262	218	|	n/a	primary-div	anml:crustaceans	84
ptg000101l	7627	0,0,460,0,0,0,0	6337	|	Daphnia magna	35525	anml:crustaceans	4879	4692	207	|	6669	anml:crustaceans	4879	4300	198	|	198719	anml:insects	5645	3805	128	|	7282	anml:insects	5645	4524	128	|	n/a	primary-div	anml:crustaceans	64
ptg000102l	12914	4249,0,4800,0,0,0,0	7263	|	Daphnia magna	35525	anml:crustaceans	6508	6307	511	|	7137	anml:insects	6383	5118	424	|	362088	anml:insects	6383	5067	314	|	396692	anml:rotifers	4801	4670	293	|	n/a	primary-div	anml:crustaceans	50
ptg000103l	21341	5837,69,0,0,0,0,0	14439	|	Daphnia magna	35525	anml:crustaceans	14439	14260	431	|	6669	anml:crustaceans	14439	3047	170	|						|						|	n/a	primary-div	anml:crustaceans	68
ptg000104l	36628	0,0,0,0,0,0,0	31342	|	Flavobacterium tibetense	2233533	prok:CFB group bacteria	30695	20395	734	|	2895947	prok:CFB group bacteria	30695	23127	385	|	1117319	prok:g-proteobacteria	6615	4411	119	|	161398	prok:g-proteobacteria	6615	4016	118	|	n/a	contaminant(div)	prok:CFB group bacteria	84
ptg000105l	39341	17255,89,5440,0,0,0,0	13149	|	Daphnia magna	35525	anml:crustaceans	10923	10469	644	|	7137	anml:insects	10248	8073	532	|	441921	anml:insects	10248	8213	435	|	6579	anml:molluscs	9699	7604	394	|	n/a	repeat	anml:crustaceans	28
ptg000106l	15745	4681,91,1680,0,0,0,0	5643	|	Daphnia magna	35525	anml:crustaceans	4670	4454	412	|	7137	anml:insects	4384	3460	336	|	63433	anml:insects	4384	3390	285	|	6596	anml:molluscs	3500	3188	229	|	n/a	repeat	anml:crustaceans	30
ptg000107l	21676	0,0,0,0,0,0,0	21676	|	Flavobacterium tibetense	2233533	prok:CFB group bacteria	21676	21652	812	|	1236486	prok:CFB group bacteria	21676	21586	451	|	2714935	prok:high GC Gram+	869	869	53	|	290513	prok:green sulfur bacteria	854	854	50	|	n/a	contaminant(div)	prok:CFB group bacteria	100
ptg000108l	26893	11061,89,3680,0,0,0,0	9868	|	Daphnia magna	35525	anml:crustaceans	7974	7716	551	|	7137	anml:insects	7664	5890	447	|	441921	anml:insects	7664	6055	353	|	6579	anml:molluscs	6855	5504	319	|	n/a	repeat	anml:crustaceans	30
ptg000109l	31802	16165,89,3660,0,0,0,0	10077	|	Daphnia magna	35525	anml:crustaceans	8601	8143	570	|	7137	anml:insects	7951	6164	451	|	362088	anml:insects	7951	5900	351	|	667381	anml:rotifers	5411	5283	295	|	n/a	repeat	anml:crustaceans	27
ptg000110l	25128	10183,180,3440,0,0,0,0	9614	|	Daphnia magna	35525	anml:crustaceans	7899	7492	549	|	7137	anml:insects	8024	6067	448	|	362088	anml:insects	8024	5641	350	|	6579	anml:molluscs	6579	5567	320	|	n/a	repeat	anml:crustaceans	31
